-0.0000e+00 -0.0000e+00 -0.0000e+00 2.6928e+02 2.6928e+02 2.7925e+02
7.2503e+00 7.2503e+00 1.7183e+01 2.6915e+02 2.6915e+02 2.7926e+02
1.4364e+01 1.4364e+01 3.4256e+01 2.6876e+02 2.6876e+02 2.7927e+02
2.1209e+01 2.1209e+01 5.1113e+01 2.6813e+02 2.6813e+02 2.7920e+02
2.7658e+01 2.7658e+01 6.7653e+01 2.6730e+02 2.6730e+02 2.7895e+02
3.3597e+01 3.3597e+01 8.3781e+01 2.6635e+02 2.6635e+02 2.7839e+02
3.8924e+01 3.8924e+01 9.9411e+01 2.6534e+02 2.6534e+02 2.7736e+02
4.3559e+01 4.3559e+01 1.1446e+02 2.6436e+02 2.6436e+02 2.7575e+02
4.7450e+01 4.7450e+01 1.2886e+02 2.6352e+02 2.6352e+02 2.7345e+02
5.0578e+01 5.0578e+01 1.4254e+02 2.6287e+02 2.6287e+02 2.7040e+02
5.2967e+01 5.2967e+01 1.5542e+02 2.6248e+02 2.6248e+02 2.6660e+02
5.4682e+01 5.4682e+01 1.6744e+02 2.6211e+02 2.6233e+02 2.6233e+02
5.5826e+01 5.5826e+01 1.7849e+02 2.5707e+02 2.6239e+02 2.6239e+02
5.6524e+01 5.6524e+01 1.8841e+02 2.5169e+02 2.6259e+02 2.6259e+02
5.6905e+01 5.6905e+01 1.9685e+02 2.4642e+02 2.6282e+02 2.6282e+02
5.7083e+01 5.7083e+01 2.0301e+02 2.4214e+02 2.6300e+02 2.6300e+02
5.7133e+01 5.7133e+01 2.0539e+02 2.4037e+02 2.6307e+02 2.6307e+02
1.0034e+01 1.0034e+01 1.8028e+01 2.6904e+02 2.6904e+02 2.7939e+02
1.4845e+01 1.5830e+01 3.1220e+01 2.6867e+02 2.6875e+02 2.7945e+02
2.0495e+01 2.2169e+01 4.7013e+01 2.6806e+02 2.6827e+02 2.7938e+02
2.6515e+01 2.8378e+01 6.3091e+01 2.6724e+02 2.6760e+02 2.7914e+02
3.2416e+01 3.4181e+01 7.8997e+01 2.6628e+02 2.6677e+02 2.7862e+02
3.7931e+01 3.9411e+01 9.4538e+01 2.6525e+02 2.6584e+02 2.7768e+02
4.2897e+01 4.3959e+01 1.0959e+02 2.6425e+02 2.6489e+02 2.7621e+02
4.7206e+01 4.7759e+01 1.2406e+02 2.6337e+02 2.6400e+02 2.7410e+02
5.0792e+01 5.0794e+01 1.3786e+02 2.6268e+02 2.6322e+02 2.7131e+02
5.3090e+01 5.3634e+01 1.5091e+02 2.6225e+02 2.6253e+02 2.6789e+02
5.4732e+01 5.5748e+01 1.6314e+02 2.6141e+02 2.6207e+02 2.6446e+02
5.5836e+01 5.7200e+01 1.7445e+02 2.5781e+02 2.6212e+02 2.6314e+02
5.6539e+01 5.8091e+01 1.8470e+02 2.5278e+02 2.6231e+02 2.6300e+02
5.6976e+01 5.8549e+01 1.9362e+02 2.4753e+02 2.6256e+02 2.6311e+02
5.7253e+01 5.8709e+01 2.0058e+02 2.4288e+02 2.6278e+02 2.6326e+02
5.7430e+01 5.8691e+01 2.0435e+02 2.4013e+02 2.6289e+02 2.6336e+02
5.7515e+01 5.8575e+01 2.0356e+02 2.4071e+02 2.6287e+02 2.6335e+02
5.7458e+01 5.8394e+01 1.9855e+02 2.4424e+02 2.6273e+02 2.6324e+02
5.7166e+01 5.8120e+01 1.9083e+02 2.4917e+02 2.6252e+02 2.6309e+02
5.6520e+01 5.7668e+01 1.8142e+02 2.5437e+02 2.6233e+02 2.6302e+02
5.5390e+01 5.6912e+01 1.7079e+02 2.5901e+02 2.6226e+02 2.6340e+02
5.3663e+01 5.5708e+01 1.5916e+02 2.6154e+02 2.6238e+02 2.6560e+02
5.1253e+01 5.3916e+01 1.4664e+02 2.6235e+02 2.6274e+02 2.6911e+02
4.8113e+01 5.1426e+01 1.3332e+02 2.6302e+02 2.6335e+02 2.7229e+02
4.4240e+01 4.8169e+01 1.1928e+02 2.6382e+02 2.6417e+02 2.7482e+02
3.9667e+01 4.4132e+01 1.0460e+02 2.6474e+02 2.6512e+02 2.7669e+02
3.4461e+01 3.9350e+01 8.9382e+01 2.6573e+02 2.6612e+02 2.7796e+02
2.8720e+01 3.3908e+01 7.3725e+01 2.6670e+02 2.6708e+02 2.7874e+02
2.2587e+01 2.7930e+01 5.7796e+01 2.6757e+02 2.6792e+02 2.7914e+02
1.6300e+01 2.1551e+01 4.1911e+01 2.6829e+02 2.6857e+02 2.7931e+02
1.0450e+01 1.4671e+01 2.7093e+01 2.6882e+02 2.6899e+02 2.7932e+02
1.9912e+01 1.9912e+01 3.5867e+01 2.6832e+02 2.6832e+02 2.7977e+02
2.4662e+01 2.5178e+01 4.7279e+01 2.6772e+02 2.6782e+02 2.7986e+02
2.9761e+01 3.0744e+01 6.1251e+01 2.6690e+02 2.6726e+02 2.7964e+02
3.5184e+01 3.6138e+01 7.5944e+01 2.6592e+02 2.6660e+02 2.7908e+02
4.0583e+01 4.1085e+01 9.0707e+01 2.6487e+02 2.6586e+02 2.7809e+02
4.5412e+01 4.5670e+01 1.0524e+02 2.6384e+02 2.6507e+02 2.7660e+02
4.9022e+01 5.0245e+01 1.1937e+02 2.6291e+02 2.6425e+02 2.7453e+02
5.1881e+01 5.4169e+01 1.3297e+02 2.6218e+02 2.6341e+02 2.7189e+02
5.4023e+01 5.7364e+01 1.4593e+02 2.6170e+02 2.6244e+02 2.6883e+02
5.5535e+01 5.9800e+01 1.5814e+02 2.6076e+02 2.6149e+02 2.6602e+02
5.6548e+01 6.1501e+01 1.6951e+02 2.5740e+02 2.6152e+02 2.6451e+02
5.7214e+01 6.2545e+01 1.7990e+02 2.5276e+02 2.6171e+02 2.6403e+02
5.7671e+01 6.3051e+01 1.8907e+02 2.4770e+02 2.6198e+02 2.6395e+02
5.8023e+01 6.3169e+01 1.9656e+02 2.4292e+02 2.6223e+02 2.6403e+02
5.8317e+01 6.3057e+01 2.0138e+02 2.3948e+02 2.6238e+02 2.6413e+02
5.8539e+01 6.2851e+01 2.0218e+02 2.3882e+02 2.6240e+02 2.6420e+02
5.8618e+01 6.2643e+01 1.9861e+02 2.4125e+02 2.6230e+02 2.6423e+02
5.8444e+01 6.2459e+01 1.9187e+02 2.4553e+02 2.6212e+02 2.6425e+02
5.7886e+01 6.2250e+01 1.8317e+02 2.5037e+02 2.6194e+02 2.6436e+02
5.6816e+01 6.1902e+01 1.7311e+02 2.5496e+02 2.6187e+02 2.6479e+02
5.5128e+01 6.1250e+01 1.6200e+02 2.5863e+02 2.6197e+02 2.6593e+02
5.2756e+01 6.0114e+01 1.4999e+02 2.6092e+02 2.6231e+02 2.6810e+02
4.9675e+01 5.8327e+01 1.3721e+02 2.6226e+02 2.6289e+02 2.7080e+02
4.5907e+01 5.5758e+01 1.2377e+02 2.6328e+02 2.6368e+02 2.7335e+02
4.1513e+01 5.2333e+01 1.0978e+02 2.6423e+02 2.6462e+02 2.7545e+02
3.6591e+01 4.8026e+01 9.5397e+01 2.6518e+02 2.6562e+02 2.7704e+02
3.1286e+01 4.2848e+01 8.0845e+01 2.6608e+02 2.6659e+02 2.7815e+02
2.5817e+01 3.6792e+01 6.6498e+01 2.6691e+02 2.6745e+02 2.7885e+02
2.0570e+01 2.9730e+01 5.3085e+01 2.6765e+02 2.6812e+02 2.7921e+02
2.9462e+01 2.9462e+01 5.3346e+01 2.6711e+02 2.6711e+02 2.8027e+02
3.4203e+01 3.4295e+01 6.3648e+01 2.6629e+02 2.6641e+02 2.8030e+02
3.9164e+01 3.9323e+01 7.5949e+01 2.6530e+02 2.6576e+02 2.7985e+02
4.3725e+01 4.4698e+01 8.9045e+01 2.6422e+02 2.6513e+02 2.7886e+02
4.7751e+01 5.0004e+01 1.0236e+02 2.6315e+02 2.6450e+02 2.7731e+02
5.1107e+01 5.4946e+01 1.1558e+02 2.6218e+02 2.6385e+02 2.7518e+02
5.3743e+01 5.9306e+01 1.2851e+02 2.6141e+02 2.6311e+02 2.7255e+02
5.5685e+01 6.2940e+01 1.4099e+02 2.6089e+02 2.6206e+02 2.6965e+02
5.7027e+01 6.5769e+01 1.5289e+02 2.6013e+02 2.6065e+02 2.6714e+02
5.7914e+01 6.7779e+01 1.6407e+02 2.5675e+02 2.6066e+02 2.6571e+02
5.8508e+01 6.9020e+01 1.7437e+02 2.5226e+02 2.6084e+02 2.6514e+02
5.8958e+01 6.9605e+01 1.8359e+02 2.4731e+02 2.6112e+02 2.6499e+02
5.9364e+01 6.9693e+01 1.9135e+02 2.4247e+02 2.6139e+02 2.6504e+02
5.9763e+01 6.9475e+01 1.9689e+02 2.3855e+02 2.6158e+02 2.6518e+02
6.0122e+01 6.9143e+01 1.9907e+02 2.3676e+02 2.6164e+02 2.6535e+02
6.0347e+01 6.8853e+01 1.9708e+02 2.3789e+02 2.6157e+02 2.6552e+02
6.0310e+01 6.8693e+01 1.9159e+02 2.4126e+02 2.6142e+02 2.6570e+02
5.9866e+01 6.8662e+01 1.8378e+02 2.4563e+02 2.6126e+02 2.6594e+02
5.8886e+01 6.8662e+01 1.7444e+02 2.5015e+02 2.6118e+02 2.6634e+02
5.7273e+01 6.8514e+01 1.6397e+02 2.5433e+02 2.6128e+02 2.6701e+02
5.4976e+01 6.7989e+01 1.5261e+02 2.5784e+02 2.6160e+02 2.6811e+02
5.1995e+01 6.6847e+01 1.4052e+02 2.6048e+02 2.6217e+02 2.6972e+02
4.8380e+01 6.4865e+01 1.2788e+02 2.6233e+02 2.6295e+02 2.7171e+02
4.4223e+01 6.1855e+01 1.1488e+02 2.6365e+02 2.6388e+02 2.7375e+02
3.9658e+01 5.7661e+01 1.0180e+02 2.6466e+02 2.6489e+02 2.7559e+02
3.4869e+01 5.2136e+01 8.9006e+01 2.6550e+02 2.6587e+02 2.7708e+02
3.0119e+01 4.5153e+01 7.7040e+01 2.6623e+02 2.6675e+02 2.7817e+02
3.8485e+01 3.8485e+01 7.0336e+01 2.6545e+02 2.6545e+02 2.8069e+02
4.2842e+01 4.3099e+01 7.9790e+01 2.6443e+02 2.6457e+02 2.8056e+02
4.7002e+01 4.8315e+01 9.0633e+01 2.6333e+02 2.6385e+02 2.7978e+02
5.0705e+01 5.3870e+01 1.0210e+02 2.6223e+02 2.6324e+02 2.7833e+02
5.3790e+01 5.9350e+01 1.1380e+02 2.6123e+02 2.6270e+02 2.7621e+02
5.6187e+01 6.4391e+01 1.2548e+02 2.6042e+02 2.6210e+02 2.7355e+02
5.7915e+01 6.8728e+01 1.3698e+02 2.5988e+02 2.6116e+02 2.7064e+02
5.9074e+01 7.2200e+01 1.4812e+02 2.5933e+02 2.5961e+02 2.6813e+02
5.9819e+01 7.4736e+01 1.5875e+02 2.5608e+02 2.5960e+02 2.6664e+02
6.0327e+01 7.6355e+01 1.6869e+02 2.5168e+02 2.5978e+02 2.6605e+02
6.0753e+01 7.7155e+01 1.7772e+02 2.4674e+02 2.6006e+02 2.6593e+02
6.1202e+01 7.7303e+01 1.8551e+02 2.4180e+02 2.6035e+02 2.6604e+02
6.1700e+01 7.7021e+01 1.9149e+02 2.3750e+02 2.6057e+02 2.6627e+02
6.2194e+01 7.6553e+01 1.9472e+02 2.3478e+02 2.6066e+02 2.6655e+02
6.2570e+01 7.6126e+01 1.9428e+02 2.3457e+02 2.6062e+02 2.6686e+02
6.2679e+01 7.5902e+01 1.9020e+02 2.3682e+02 2.6049e+02 2.6719e+02
6.2365e+01 7.5942e+01 1.8347e+02 2.4055e+02 2.6035e+02 2.6753e+02
6.1494e+01 7.6178e+01 1.7498e+02 2.4486e+02 2.6028e+02 2.6790e+02
5.9973e+01 7.6423e+01 1.6527e+02 2.4924e+02 2.6037e+02 2.6834e+02
5.7766e+01 7.6397e+01 1.5466e+02 2.5341e+02 2.6068e+02 2.6888e+02
5.4896e+01 7.5765e+01 1.4342e+02 2.5715e+02 2.6124e+02 2.6961e+02
5.1441e+01 7.4177e+01 1.3180e+02 2.6023e+02 2.6202e+02 2.7064e+02
4.7523e+01 7.1281e+01 1.2013e+02 2.6248e+02 2.6296e+02 2.7207e+02
4.3306e+01 6.6744e+01 1.0883e+02 2.6394e+02 2.6397e+02 2.7381e+02
3.8997e+01 6.0332e+01 9.8345e+01 2.6485e+02 2.6497e+02 2.7557e+02
4.6756e+01 4.6756e+01 8.6751e+01 2.6340e+02 2.6340e+02 2.8082e+02
5.0551e+01 5.1101e+01 9.5494e+01 2.6227e+02 2.6241e+02 2.8042e+02
5.3955e+01 5.6316e+01 1.0507e+02 2.6114e+02 2.6165e+02 2.7925e+02
5.6784e+01 6.2048e+01 1.1500e+02 2.6012e+02 2.6108e+02 2.7732e+02
5.8956e+01 6.7781e+01 1.2503e+02 2.5929e+02 2.6056e+02 2.7474e+02
6.0485e+01 7.3042e+01 1.3504e+02 2.5873e+02 2.5981e+02 2.7180e+02
6.1471e+01 7.7482e+01 1.4492e+02 2.5830e+02 2.5845e+02 2.6911e+02
6.2082e+01 8.0897e+01 1.5454e+02 2.5539e+02 2.5843e+02 2.6738e+02
6.2506e+01 8.3223e+01 1.6372e+02 2.5117e+02 2.5861e+02 2.6669e+02
6.2910e+01 8.4516e+01 1.7225e+02 2.4624e+02 2.5889e+02 2.6661e+02
6.3400e+01 8.4936e+01 1.7981e+02 2.4117e+02 2.5920e+02 2.6683e+02
6.3994e+01 8.4729e+01 1.8594e+02 2.3651e+02 2.5943e+02 2.6719e+02
6.4624e+01 8.4188e+01 1.8990e+02 2.3301e+02 2.5955e+02 2.6762e+02
6.5156e+01 8.3612e+01 1.9077e+02 2.3157e+02 2.5953e+02 2.6807e+02
6.5419e+01 8.3251e+01 1.8815e+02 2.3257e+02 2.5942e+02 2.6853e+02
6.5243e+01 8.3243e+01 1.8262e+02 2.3546e+02 2.5929e+02 2.6896e+02
6.4487e+01 8.3574e+01 1.7509e+02 2.3938e+02 2.5923e+02 2.6935e+02
6.3062e+01 8.4058e+01 1.6624e+02 2.4374e+02 2.5933e+02 2.6967e+02
6.0944e+01 8.4365e+01 1.5651e+02 2.4824e+02 2.5964e+02 2.6993e+02
5.8176e+01 8.4047e+01 1.4627e+02 2.5263e+02 2.6020e+02 2.7016e+02
5.4860e+01 8.2590e+01 1.3593e+02 2.5669e+02 2.6098e+02 2.7046e+02
5.1147e+01 7.9451e+01 1.2596e+02 2.6012e+02 2.6193e+02 2.7103e+02
4.7223e+01 7.4189e+01 1.1684e+02 2.6256e+02 2.6296e+02 2.7215e+02
5.4037e+01 5.4037e+01 1.0255e+02 2.6112e+02 2.6112e+02 2.8045e+02
5.7181e+01 5.7973e+01 1.1068e+02 2.5998e+02 2.6011e+02 2.7969e+02
5.9790e+01 6.3031e+01 1.1918e+02 2.5895e+02 2.5939e+02 2.7810e+02
6.1770e+01 6.8808e+01 1.2771e+02 2.5812e+02 2.5885e+02 2.7574e+02
6.3129e+01 7.4713e+01 1.3616e+02 2.5755e+02 2.5826e+02 2.7287e+02
6.3970e+01 8.0173e+01 1.4449e+02 2.5711e+02 2.5726e+02 2.7001e+02
6.4468e+01 8.4746e+01 1.5269e+02 2.5472e+02 2.5724e+02 2.6794e+02
6.4825e+01 8.8166e+01 1.6067e+02 2.5084e+02 2.5742e+02 2.6704e+02
6.5218e+01 9.0357e+01 1.6828e+02 2.4598e+02 2.5772e+02 2.6696e+02
6.5756e+01 9.1412e+01 1.7527e+02 2.4077e+02 2.5803e+02 2.6729e+02
6.6452e+01 9.1563e+01 1.8123e+02 2.3576e+02 2.5828e+02 2.6781e+02
6.7222e+01 9.1135e+01 1.8555e+02 2.3157e+02 2.5841e+02 2.6840e+02
6.7913e+01 9.0498e+01 1.8741e+02 2.2901e+02 2.5841e+02 2.6902e+02
6.8335e+01 8.9989e+01 1.8612e+02 2.2875e+02 2.5832e+02 2.6961e+02
6.8302e+01 8.9843e+01 1.8183e+02 2.3065e+02 2.5821e+02 2.7013e+02
6.7666e+01 9.0119e+01 1.7533e+02 2.3401e+02 2.5816e+02 2.7056e+02
6.6337e+01 9.0657e+01 1.6742e+02 2.3817e+02 2.5826e+02 2.7084e+02
6.4300e+01 9.1078e+01 1.5868e+02 2.4275e+02 2.5858e+02 2.7096e+02
6.1615e+01 9.0817e+01 1.4963e+02 2.4749e+02 2.5914e+02 2.7092e+02
5.8408e+01 8.9186e+01 1.4083e+02 2.5219e+02 2.5993e+02 2.7079e+02
5.4851e+01 8.5513e+01 1.3282e+02 2.5654e+02 2.6089e+02 2.7073e+02
6.0108e+01 6.0108e+01 1.1775e+02 2.5883e+02 2.5883e+02 2.7940e+02
6.2536e+01 6.3516e+01 1.2534e+02 2.5780e+02 2.5791e+02 2.7824e+02
6.4361e+01 6.8257e+01 1.3292e+02 2.5698e+02 2.5729e+02 2.7623e+02
6.5585e+01 7.3896e+01 1.4027e+02 2.5643e+02 2.5678e+02 2.7355e+02
6.6313e+01 7.9793e+01 1.4731e+02 2.5596e+02 2.5616e+02 2.7063e+02
6.6727e+01 8.5313e+01 1.5410e+02 2.5413e+02 2.5615e+02 2.6825e+02
6.7038e+01 8.9944e+01 1.6068e+02 2.5073e+02 2.5634e+02 2.6705e+02
6.7435e+01 9.3366e+01 1.6704e+02 2.4603e+02 2.5664e+02 2.6690e+02
6.8030e+01 9.5482e+01 1.7306e+02 2.4072e+02 2.5696e+02 2.6733e+02
6.8833e+01 9.6412e+01 1.7845e+02 2.3536e+02 2.5721e+02 2.6802e+02
6.9747e+01 9.6447e+01 1.8274e+02 2.3055e+02 2.5735e+02 2.6880e+02
7.0601e+01 9.5984e+01 1.8518e+02 2.2700e+02 2.5737e+02 2.6959e+02
7.1187e+01 9.5441e+01 1.8496e+02 2.2549e+02 2.5729e+02 2.7032e+02
7.1304e+01 9.5149e+01 1.8183e+02 2.2632e+02 2.5719e+02 2.7096e+02
7.0791e+01 9.5259e+01 1.7635e+02 2.2898e+02 2.5715e+02 2.7145e+02
6.9559e+01 9.5661e+01 1.6940e+02 2.3279e+02 2.5726e+02 2.7175e+02
6.7599e+01 9.5955e+01 1.6173e+02 2.3728e+02 2.5759e+02 2.7181e+02
6.4983e+01 9.5481e+01 1.5401e+02 2.4217e+02 2.5817e+02 2.7164e+02
6.1855e+01 9.3441e+01 1.4688e+02 2.4723e+02 2.5897e+02 2.7126e+02
6.4817e+01 6.4817e+01 1.3237e+02 2.5679e+02 2.5679e+02 2.7755e+02
6.6519e+01 6.7622e+01 1.3949e+02 2.5599e+02 2.5606e+02 2.7597e+02
6.7639e+01 7.1927e+01 1.4632e+02 2.5546e+02 2.5557e+02 2.7360e+02
6.8282e+01 7.7260e+01 1.5267e+02 2.5500e+02 2.5522e+02 2.7078e+02
6.8634e+01 8.2955e+01 1.5855e+02 2.5369e+02 2.5523e+02 2.6818e+02
6.8915e+01 8.8351e+01 1.6402e+02 2.5085e+02 2.5543e+02 2.6667e+02
6.9324e+01 9.2908e+01 1.6917e+02 2.4643e+02 2.5574e+02 2.6640e+02
6.9979e+01 9.6281e+01 1.7405e+02 2.4107e+02 2.5606e+02 2.6691e+02
7.0888e+01 9.8363e+01 1.7855e+02 2.3540e+02 2.5632e+02 2.6777e+02
7.1945e+01 9.9290e+01 1.8237e+02 2.3001e+02 2.5646e+02 2.6875e+02
7.2963e+01 9.9388e+01 1.8494e+02 2.2555e+02 2.5649e+02 2.6972e+02
7.3717e+01 9.9085e+01 1.8542e+02 2.2287e+02 2.5641e+02 2.7062e+02
7.3989e+01 9.8782e+01 1.8322e+02 2.2257e+02 2.5632e+02 2.7139e+02
7.3609e+01 9.8722e+01 1.7865e+02 2.2445e+02 2.5629e+02 2.7197e+02
7.2481e+01 9.8869e+01 1.7260e+02 2.2782e+02 2.5642e+02 2.7231e+02
7.0599e+01 9.8849e+01 1.6598e+02 2.3210e+02 2.5676e+02 2.7237e+02
6.8047e+01 9.7982e+01 1.5957e+02 2.3696e+02 2.5735e+02 2.7214e+02
6.8122e+01 6.8122e+01 1.4644e+02 2.5522e+02 2.5522e+02 2.7484e+02
6.9161e+01 7.0320e+01 1.5316e+02 2.5473e+02 2.5474e+02 2.7285e+02
6.9736e+01 7.4136e+01 1.5934e+02 2.5434e+02 2.5452e+02 2.7025e+02
7.0036e+01 7.9064e+01 1.6489e+02 2.5347e+02 2.5455e+02 2.6758e+02
7.0289e+01 8.4428e+01 1.6980e+02 2.5122e+02 2.5477e+02 2.6579e+02
7.0703e+01 8.9565e+01 1.7417e+02 2.4716e+02 2.5509e+02 2.6539e+02
7.1406e+01 9.3947e+01 1.7812e+02 2.4181e+02 2.5541e+02 2.6597e+02
7.2406e+01 9.7236e+01 1.8170e+02 2.3589e+02 2.5567e+02 2.6701e+02
7.3594e+01 9.9334e+01 1.8482e+02 2.2998e+02 2.5581e+02 2.6820e+02
7.4769e+01 1.0038e+02 1.8712e+02 2.2471e+02 2.5583e+02 2.6939e+02
7.5689e+01 1.0070e+02 1.8786e+02 2.2092e+02 2.5576e+02 2.7047e+02
7.6121e+01 1.0068e+02 1.8627e+02 2.1950e+02 2.5568e+02 2.7139e+02
7.5882e+01 1.0061e+02 1.8234e+02 2.2057e+02 2.5566e+02 2.7208e+02
7.4870e+01 1.0053e+02 1.7699e+02 2.2343e+02 2.5580e+02 2.7250e+02
7.3079e+01 1.0015e+02 1.7126e+02 2.2740e+02 2.5616e+02 2.7261e+02
7.0131e+01 7.0131e+01 1.5999e+02 2.5427e+02 2.5427e+02 2.7126e+02
7.0642e+01 7.1788e+01 1.6633e+02 2.5402e+02 2.5409e+02 2.6893e+02
7.0884e+01 7.5140e+01 1.7196e+02 2.5352e+02 2.5416e+02 2.6630e+02
7.1092e+01 7.9653e+01 1.7680e+02 2.5181e+02 2.5439e+02 2.6433e+02
7.1485e+01 8.4653e+01 1.8089e+02 2.4813e+02 2.5472e+02 2.6384e+02
7.2203e+01 8.9503e+01 1.8433e+02 2.4286e+02 2.5503e+02 2.6452e+02
7.3260e+01 9.3704e+01 1.8724e+02 2.3676e+02 2.5528e+02 2.6575e+02
7.4547e+01 9.6948e+01 1.8967e+02 2.3044e+02 2.5541e+02 2.6717e+02
7.5856e+01 9.9150e+01 1.9148e+02 2.2448e+02 2.5543e+02 2.6858e+02
7.6930e+01 1.0043e+02 1.9212e+02 2.1972e+02 2.5536e+02 2.6987e+02
7.7521e+01 1.0106e+02 1.9072e+02 2.1725e+02 2.5528e+02 2.7096e+02
7.7432e+01 1.0128e+02 1.8707e+02 2.1751e+02 2.5528e+02 2.7180e+02
7.6552e+01 1.0117e+02 1.8210e+02 2.1984e+02 2.5543e+02 2.7232e+02
7.1085e+01 7.1085e+01 1.7300e+02 2.5395e+02 2.5395e+02 2.6685e+02
7.1251e+01 7.2328e+01 1.7897e+02 2.5379e+02 2.5403e+02 2.6429e+02
7.1379e+01 7.5301e+01 1.8407e+02 2.5262e+02 2.5428e+02 2.6218e+02
7.1703e+01 7.9462e+01 1.8825e+02 2.4925e+02 2.5460e+02 2.6171e+02
7.2377e+01 8.4158e+01 1.9157e+02 2.4405e+02 2.5491e+02 2.6258e+02
7.3433e+01 8.8792e+01 1.9413e+02 2.3787e+02 2.5514e+02 2.6403e+02
7.4766e+01 9.2905e+01 1.9604e+02 2.3129e+02 2.5526e+02 2.6567e+02
7.6166e+01 9.6218e+01 1.9730e+02 2.2484e+02 2.5526e+02 2.6731e+02
7.7367e+01 9.8639e+01 1.9754e+02 2.1936e+02 2.5519e+02 2.6883e+02
7.8104e+01 1.0022e+02 1.9588e+02 2.1609e+02 2.5511e+02 2.7012e+02
7.8167e+01 1.0109e+02 1.9201e+02 2.1573e+02 2.5511e+02 2.7113e+02
7.1313e+01 7.1313e+01 1.8540e+02 2.5413e+02 2.5413e+02 2.6165e+02
7.1316e+01 7.2289e+01 1.9096e+02 2.5360e+02 2.5438e+02 2.5928e+02
7.1506e+01 7.5001e+01 1.9550e+02 2.5035e+02 2.5469e+02 2.5906e+02
7.2059e+01 7.8920e+01 1.9898e+02 2.4513e+02 2.5499e+02 2.6026e+02
7.3031e+01 8.3433e+01 2.0145e+02 2.3899e+02 2.5520e+02 2.6195e+02
7.4334e+01 8.7988e+01 2.0302e+02 2.3239e+02 2.5529e+02 2.6380e+02
7.5762e+01 9.2163e+01 2.0369e+02 2.2582e+02 2.5528e+02 2.6567e+02
7.7042e+01 9.5682e+01 2.0312e+02 2.2015e+02 2.5519e+02 2.6740e+02
7.7899e+01 9.8397e+01 2.0050e+02 2.1675e+02 2.5511e+02 2.6892e+02
7.1147e+01 7.1147e+01 1.9706e+02 2.5462e+02 2.5462e+02 2.5573e+02
7.1133e+01 7.1993e+01 2.0211e+02 2.5097e+02 2.5492e+02 2.5627e+02
7.1479e+01 7.4566e+01 2.0595e+02 2.4571e+02 2.5519e+02 2.5789e+02
7.2270e+01 7.8371e+01 2.0851e+02 2.3983e+02 2.5537e+02 2.5972e+02
7.3446e+01 8.2848e+01 2.0977e+02 2.3360e+02 2.5544e+02 2.6170e+02
7.4816e+01 8.7486e+01 2.0958e+02 2.2758e+02 2.5540e+02 2.6373e+02
7.6111e+01 9.1871e+01 2.0747e+02 2.2279e+02 2.5529e+02 2.6567e+02
7.0859e+01 7.0859e+01 2.0772e+02 2.4929e+02 2.5519e+02 2.5519e+02
7.0914e+01 7.1680e+01 2.1200e+02 2.4514e+02 2.5543e+02 2.5612e+02
7.1426e+01 7.4222e+01 2.1468e+02 2.4012e+02 2.5558e+02 2.5769e+02
7.2372e+01 7.8043e+01 2.1542e+02 2.3499e+02 2.5560e+02 2.5958e+02
7.3589e+01 8.2629e+01 2.1377e+02 2.3058e+02 2.5553e+02 2.6165e+02
7.0625e+01 7.0625e+01 2.1663e+02 2.4296e+02 2.5563e+02 2.5563e+02
7.0779e+01 7.1492e+01 2.1918e+02 2.3982e+02 2.5573e+02 2.5628e+02
7.1403e+01 7.4095e+01 2.1885e+02 2.3695e+02 2.5572e+02 2.5769e+02
7.0538e+01 7.0538e+01 2.2091e+02 2.3954e+02 2.5579e+02 2.5579e+02
1.8501e+01 2.2952e+01 4.1646e+01 2.6816e+02 2.6837e+02 2.7953e+02
2.3410e+01 2.9678e+01 5.5344e+01 2.6746e+02 2.6783e+02 2.7939e+02
2.8896e+01 3.5762e+01 7.0163e+01 2.6661e+02 2.6713e+02 2.7897e+02
3.4382e+01 4.1270e+01 8.5197e+01 2.6564e+02 2.6632e+02 2.7820e+02
3.9551e+01 4.6130e+01 1.0006e+02 2.6462e+02 2.6543e+02 2.7697e+02
4.4206e+01 5.0264e+01 1.1454e+02 2.6365e+02 2.6453e+02 2.7520e+02
4.8209e+01 5.3643e+01 1.2850e+02 2.6278e+02 2.6367e+02 2.7284e+02
5.1473e+01 5.6291e+01 1.4183e+02 2.6205e+02 2.6286e+02 2.6997e+02
5.3961e+01 5.8277e+01 1.5443e+02 2.6110e+02 2.6219e+02 2.6694e+02
5.5711e+01 5.9694e+01 1.6621e+02 2.5871e+02 2.6192e+02 2.6479e+02
5.6842e+01 6.0631e+01 1.7704e+02 2.5458e+02 2.6194e+02 2.6397e+02
5.7523e+01 6.1174e+01 1.8674e+02 2.4966e+02 2.6212e+02 2.6378e+02
5.7911e+01 6.1426e+01 1.9495e+02 2.4473e+02 2.6234e+02 2.6381e+02
5.8112e+01 6.1508e+01 2.0087e+02 2.4072e+02 2.6251e+02 2.6388e+02
5.8175e+01 6.1521e+01 2.0314e+02 2.3908e+02 2.6258e+02 2.6391e+02
2.8123e+01 3.1845e+01 5.7267e+01 2.6703e+02 2.6720e+02 2.7991e+02
3.2415e+01 3.8235e+01 6.9631e+01 2.6618e+02 2.6655e+02 2.7957e+02
3.7194e+01 4.4008e+01 8.3051e+01 2.6518e+02 2.6589e+02 2.7878e+02
4.1962e+01 4.9139e+01 9.6814e+01 2.6411e+02 2.6520e+02 2.7749e+02
4.6357e+01 5.3599e+01 1.1053e+02 2.6307e+02 2.6449e+02 2.7567e+02
5.0133e+01 5.7377e+01 1.2396e+02 2.6215e+02 2.6373e+02 2.7333e+02
5.3147e+01 6.0489e+01 1.3694e+02 2.6136e+02 2.6286e+02 2.7061e+02
5.5371e+01 6.2952e+01 1.4933e+02 2.6042e+02 2.6186e+02 2.6792e+02
5.6895e+01 6.4779e+01 1.6101e+02 2.5807e+02 2.6132e+02 2.6603e+02
5.7883e+01 6.5998e+01 1.7184e+02 2.5413e+02 2.6127e+02 2.6512e+02
5.8519e+01 6.6672e+01 1.8163e+02 2.4941e+02 2.6143e+02 2.6479e+02
5.8956e+01 6.6916e+01 1.9010e+02 2.4453e+02 2.6166e+02 2.6473e+02
5.9286e+01 6.6880e+01 1.9662e+02 2.4024e+02 2.6187e+02 2.6478e+02
5.9532e+01 6.6724e+01 2.0011e+02 2.3772e+02 2.6197e+02 2.6485e+02
5.9659e+01 6.6572e+01 1.9942e+02 2.3810e+02 2.6194e+02 2.6492e+02
5.9607e+01 6.6471e+01 1.9481e+02 2.4113e+02 2.6181e+02 2.6498e+02
5.9298e+01 6.6382e+01 1.8754e+02 2.4552e+02 2.6162e+02 2.6509e+02
5.8627e+01 6.6205e+01 1.7854e+02 2.5022e+02 2.6148e+02 2.6533e+02
5.7462e+01 6.5813e+01 1.6832e+02 2.5459e+02 2.6147e+02 2.6590e+02
5.5678e+01 6.5059e+01 1.5713e+02 2.5812e+02 2.6170e+02 2.6704e+02
5.3195e+01 6.3780e+01 1.4513e+02 2.6047e+02 2.6225e+02 2.6894e+02
5.0003e+01 6.1807e+01 1.3246e+02 2.6187e+02 2.6308e+02 2.7132e+02
4.6157e+01 5.9000e+01 1.1927e+02 2.6296e+02 2.6398e+02 2.7367e+02
4.1764e+01 5.5256e+01 1.0572e+02 2.6401e+02 2.6484e+02 2.7569e+02
3.6985e+01 5.0507e+01 9.2078e+01 2.6504e+02 2.6566e+02 2.7726e+02
3.2055e+01 4.4693e+01 7.8698e+01 2.6597e+02 2.6646e+02 2.7839e+02
2.7338e+01 3.7730e+01 6.6175e+01 2.6676e+02 2.6722e+02 2.7908e+02
3.7448e+01 4.0536e+01 7.3040e+01 2.6545e+02 2.6555e+02 2.8024e+02
4.1389e+01 4.6545e+01 8.4108e+01 2.6443e+02 2.6484e+02 2.7961e+02
4.5595e+01 5.2117e+01 9.6022e+01 2.6332e+02 2.6424e+02 2.7837e+02
4.9566e+01 5.7180e+01 1.0829e+02 2.6222e+02 2.6369e+02 2.7653e+02
5.2954e+01 6.1678e+01 1.2060e+02 2.6124e+02 2.6311e+02 2.7414e+02
5.5594e+01 6.5543e+01 1.3273e+02 2.6038e+02 2.6238e+02 2.7140e+02
5.7488e+01 6.8697e+01 1.4450e+02 2.5944e+02 2.6136e+02 2.6878e+02
5.8756e+01 7.1088e+01 1.5574e+02 2.5730e+02 2.6057e+02 2.6696e+02
5.9578e+01 7.2707e+01 1.6629e+02 2.5350e+02 2.6040e+02 2.6607e+02
6.0140e+01 7.3611e+01 1.7595e+02 2.4886e+02 2.6053e+02 2.6575e+02
6.0593e+01 7.3922e+01 1.8445e+02 2.4398e+02 2.6076e+02 2.6570e+02
6.1019e+01 7.3819e+01 1.9132e+02 2.3948e+02 2.6098e+02 2.6580e+02
6.1419e+01 7.3508e+01 1.9569e+02 2.3624e+02 2.6111e+02 2.6595e+02
6.1728e+01 7.3185e+01 1.9648e+02 2.3539e+02 2.6112e+02 2.6614e+02
6.1844e+01 7.2986e+01 1.9336e+02 2.3723e+02 2.6101e+02 2.6634e+02
6.1657e+01 7.2951e+01 1.8722e+02 2.4086e+02 2.6086e+02 2.6657e+02
6.1051e+01 7.3019e+01 1.7909e+02 2.4522e+02 2.6073e+02 2.6687e+02
5.9913e+01 7.3052e+01 1.6960e+02 2.4967e+02 2.6073e+02 2.6728e+02
5.8148e+01 7.2854e+01 1.5911e+02 2.5380e+02 2.6095e+02 2.6789e+02
5.5708e+01 7.2182e+01 1.4784e+02 2.5732e+02 2.6145e+02 2.6883e+02
5.2610e+01 7.0773e+01 1.3601e+02 2.5998e+02 2.6224e+02 2.7021e+02
4.8934e+01 6.8364e+01 1.2383e+02 2.6180e+02 2.6323e+02 2.7201e+02
4.4814e+01 6.4711e+01 1.1162e+02 2.6316e+02 2.6416e+02 2.7398e+02
4.0438e+01 5.9595e+01 9.9730e+01 2.6432e+02 2.6493e+02 2.7582e+02
3.6065e+01 5.2880e+01 8.8623e+01 2.6527e+02 2.6567e+02 2.7732e+02
4.6045e+01 4.8601e+01 8.8581e+01 2.6343e+02 2.6357e+02 2.8028e+02
4.9634e+01 5.4193e+01 9.8456e+01 2.6229e+02 2.6284e+02 2.7929e+02
5.3164e+01 5.9715e+01 1.0888e+02 2.6116e+02 2.6230e+02 2.7759e+02
5.6172e+01 6.5018e+01 1.1955e+02 2.6012e+02 2.6185e+02 2.7524e+02
5.8465e+01 6.9853e+01 1.3028e+02 2.5921e+02 2.6132e+02 2.7246e+02
6.0061e+01 7.3974e+01 1.4090e+02 2.5827e+02 2.6051e+02 2.6973e+02
6.1093e+01 7.7212e+01 1.5125e+02 2.5640e+02 2.5969e+02 2.6773e+02
6.1752e+01 7.9499e+01 1.6114e+02 2.5287e+02 2.5942e+02 2.6677e+02
6.2233e+01 8.0863e+01 1.7037e+02 2.4830e+02 2.5949e+02 2.6647e+02
6.2687e+01 8.1425e+01 1.7866e+02 2.4337e+02 2.5971e+02 2.6651e+02
6.3189e+01 8.1382e+01 1.8562e+02 2.3865e+02 2.5994e+02 2.6671e+02
6.3726e+01 8.0982e+01 1.9057e+02 2.3483e+02 2.6008e+02 2.6700e+02
6.4207e+01 8.0491e+01 1.9256e+02 2.3286e+02 2.6011e+02 2.6733e+02
6.4497e+01 8.0133e+01 1.9094e+02 2.3341e+02 2.6003e+02 2.6767e+02
6.4454e+01 8.0037e+01 1.8609e+02 2.3608e+02 2.5990e+02 2.6802e+02
6.3949e+01 8.0205e+01 1.7897e+02 2.3994e+02 2.5978e+02 2.6836e+02
6.2874e+01 8.0511e+01 1.7032e+02 2.4428e+02 2.5979e+02 2.6870e+02
6.1154e+01 8.0718e+01 1.6063e+02 2.4869e+02 2.6000e+02 2.6904e+02
5.8770e+01 8.0499e+01 1.5022e+02 2.5291e+02 2.6047e+02 2.6944e+02
5.5764e+01 7.9466e+01 1.3941e+02 2.5666e+02 2.6122e+02 2.6999e+02
5.2243e+01 7.7193e+01 1.2855e+02 2.5968e+02 2.6222e+02 2.7088e+02
4.8367e+01 7.3264e+01 1.1806e+02 2.6179e+02 2.6332e+02 2.7227e+02
4.4345e+01 6.7381e+01 1.0837e+02 2.6325e+02 2.6423e+02 2.7404e+02
5.3648e+01 5.5724e+01 1.0372e+02 2.6113e+02 2.6140e+02 2.7983e+02
5.6767e+01 6.0867e+01 1.1253e+02 2.5997e+02 2.6072e+02 2.7844e+02
5.9464e+01 6.6422e+01 1.2156e+02 2.5890e+02 2.6026e+02 2.7630e+02
6.1477e+01 7.2040e+01 1.3065e+02 2.5796e+02 2.5988e+02 2.7358e+02
6.2827e+01 7.7236e+01 1.3973e+02 2.5702e+02 2.5936e+02 2.7072e+02
6.3660e+01 8.1614e+01 1.4871e+02 2.5544e+02 2.5871e+02 2.6843e+02
6.4179e+01 8.4938e+01 1.5749e+02 2.5232e+02 2.5838e+02 2.6722e+02
6.4587e+01 8.7133e+01 1.6588e+02 2.4790e+02 2.5841e+02 2.6689e+02
6.5041e+01 8.8270e+01 1.7363e+02 2.4292e+02 2.5861e+02 2.6703e+02
6.5614e+01 8.8541e+01 1.8038e+02 2.3795e+02 2.5883e+02 2.6738e+02
6.6280e+01 8.8225e+01 1.8560e+02 2.3361e+02 2.5898e+02 2.6783e+02
6.6926e+01 8.7648e+01 1.8848e+02 2.3068e+02 2.5903e+02 2.6831e+02
6.7392e+01 8.7124e+01 1.8820e+02 2.2995e+02 2.5896e+02 2.6880e+02
6.7505e+01 8.6881e+01 1.8469e+02 2.3151e+02 2.5884e+02 2.6927e+02
6.7120e+01 8.7006e+01 1.7865e+02 2.3470e+02 2.5874e+02 2.6967e+02
6.6127e+01 8.7409e+01 1.7093e+02 2.3876e+02 2.5875e+02 2.6999e+02
6.4465e+01 8.7830e+01 1.6214e+02 2.4322e+02 2.5896e+02 2.7020e+02
6.2135e+01 8.7855e+01 1.5273e+02 2.4780e+02 2.5942e+02 2.7032e+02
5.9204e+01 8.6946e+01 1.4315e+02 2.5226e+02 2.6014e+02 2.7038e+02
5.5805e+01 8.4503e+01 1.3389e+02 2.5631e+02 2.6109e+02 2.7055e+02
5.2118e+01 8.0000e+01 1.2544e+02 2.5958e+02 2.6221e+02 2.7109e+02
6.0033e+01 6.1654e+01 1.1839e+02 2.5880e+02 2.5921e+02 2.7873e+02
6.2539e+01 6.6334e+01 1.2627e+02 2.5770e+02 2.5867e+02 2.7693e+02
6.4352e+01 7.1874e+01 1.3408e+02 2.5675e+02 2.5835e+02 2.7442e+02
6.5513e+01 7.7667e+01 1.4172e+02 2.5585e+02 2.5806e+02 2.7155e+02
6.6190e+01 8.3087e+01 1.4921e+02 2.5452e+02 2.5766e+02 2.6898e+02
6.6598e+01 8.7643e+01 1.5656e+02 2.5189e+02 2.5737e+02 2.6742e+02
6.6952e+01 9.1035e+01 1.6371e+02 2.4775e+02 2.5737e+02 2.6697e+02
6.7416e+01 9.3170e+01 1.7051e+02 2.4276e+02 2.5754e+02 2.6717e+02
6.8062e+01 9.4153e+01 1.7669e+02 2.3756e+02 2.5776e+02 2.6768e+02
6.8855e+01 9.4244e+01 1.8181e+02 2.3272e+02 2.5791e+02 2.6831e+02
6.9664e+01 9.3801e+01 1.8518e+02 2.2893e+02 2.5796e+02 2.6897e+02
7.0305e+01 9.3214e+01 1.8597e+02 2.2699e+02 2.5791e+02 2.6962e+02
7.0582e+01 9.2815e+01 1.8370e+02 2.2738e+02 2.5779e+02 2.7021e+02
7.0329e+01 9.2790e+01 1.7878e+02 2.2974e+02 2.5770e+02 2.7070e+02
6.9430e+01 9.3116e+01 1.7203e+02 2.3337e+02 2.5773e+02 2.7105e+02
6.7832e+01 9.3530e+01 1.6421e+02 2.3771e+02 2.5794e+02 2.7121e+02
6.5552e+01 9.3543e+01 1.5592e+02 2.4242e+02 2.5839e+02 2.7117e+02
6.2677e+01 9.2481e+01 1.4776e+02 2.4728e+02 2.5910e+02 2.7097e+02
5.9361e+01 8.9628e+01 1.4028e+02 2.5202e+02 2.6002e+02 2.7070e+02
6.5034e+01 6.6234e+01 1.3259e+02 2.5670e+02 2.5724e+02 2.7687e+02
6.6835e+01 7.0454e+01 1.3969e+02 2.5574e+02 2.5692e+02 2.7469e+02
6.7869e+01 7.5838e+01 1.4645e+02 2.5488e+02 2.5678e+02 2.7196e+02
6.8430e+01 8.1589e+01 1.5285e+02 2.5379e+02 2.5662e+02 2.6923e+02
6.8757e+01 8.7029e+01 1.5893e+02 2.5164e+02 2.5645e+02 2.6733e+02
6.9076e+01 9.1619e+01 1.6477e+02 2.4790e+02 2.5646e+02 2.6666e+02
6.9560e+01 9.5019e+01 1.7038e+02 2.4297e+02 2.5662e+02 2.6688e+02
7.0282e+01 9.7121e+01 1.7563e+02 2.3756e+02 2.5682e+02 2.6754e+02
7.1200e+01 9.8050e+01 1.8023e+02 2.3225e+02 2.5696e+02 2.6837e+02
7.2170e+01 9.8115e+01 1.8366e+02 2.2768e+02 2.5701e+02 2.6923e+02
7.2986e+01 9.7728e+01 1.8512e+02 2.2463e+02 2.5696e+02 2.7005e+02
7.3431e+01 9.7299e+01 1.8388e+02 2.2381e+02 2.5686e+02 2.7078e+02
7.3319e+01 9.7114e+01 1.7997e+02 2.2525e+02 2.5678e+02 2.7137e+02
7.2525e+01 9.7239e+01 1.7416e+02 2.2833e+02 2.5681e+02 2.7177e+02
7.1000e+01 9.7445e+01 1.6731e+02 2.3241e+02 2.5703e+02 2.7194e+02
6.8769e+01 9.7209e+01 1.6020e+02 2.3710e+02 2.5749e+02 2.7185e+02
6.5938e+01 9.5793e+01 1.5350e+02 2.4213e+02 2.5819e+02 2.7151e+02
6.8591e+01 6.9437e+01 1.4634e+02 2.5505e+02 2.5570e+02 2.7420e+02
6.9705e+01 7.3220e+01 1.5277e+02 2.5424e+02 2.5566e+02 2.7173e+02
7.0187e+01 7.8306e+01 1.5867e+02 2.5333e+02 2.5570e+02 2.6900e+02
7.0453e+01 8.3825e+01 1.6404e+02 2.5163e+02 2.5570e+02 2.6683e+02
7.0747e+01 8.9095e+01 1.6894e+02 2.4833e+02 2.5575e+02 2.6591e+02
7.1253e+01 9.3573e+01 1.7349e+02 2.4355e+02 2.5590e+02 2.6612e+02
7.2047e+01 9.6914e+01 1.7771e+02 2.3798e+02 2.5608e+02 2.6692e+02
7.3083e+01 9.9010e+01 1.8152e+02 2.3226e+02 2.5622e+02 2.6795e+02
7.4205e+01 9.9995e+01 1.8460e+02 2.2698e+02 2.5626e+02 2.6902e+02
7.5192e+01 1.0020e+02 1.8628e+02 2.2290e+02 2.5621e+02 2.7004e+02
7.5805e+01 1.0002e+02 1.8572e+02 2.2089e+02 2.5611e+02 2.7093e+02
7.5843e+01 9.9824e+01 1.8261e+02 2.2135e+02 2.5604e+02 2.7165e+02
7.5168e+01 9.9752e+01 1.7758e+02 2.2381e+02 2.5608e+02 2.7213e+02
7.3729e+01 9.9653e+01 1.7160e+02 2.2755e+02 2.5631e+02 2.7234e+02
7.1557e+01 9.9038e+01 1.6558e+02 2.3207e+02 2.5678e+02 2.7225e+02
7.0768e+01 7.1405e+01 1.5964e+02 2.5397e+02 2.5475e+02 2.7073e+02
7.1357e+01 7.4775e+01 1.6551e+02 2.5321e+02 2.5496e+02 2.6813e+02
7.1573e+01 7.9483e+01 1.7068e+02 2.5187e+02 2.5514e+02 2.6580e+02
7.1838e+01 8.4667e+01 1.7517e+02 2.4901e+02 2.5528e+02 2.6467e+02
7.2351e+01 8.9668e+01 1.7909e+02 2.4444e+02 2.5544e+02 2.6486e+02
7.3197e+01 9.3964e+01 1.8253e+02 2.3879e+02 2.5561e+02 2.6580e+02
7.4329e+01 9.7232e+01 1.8555e+02 2.3273e+02 2.5573e+02 2.6704e+02
7.5585e+01 9.9377e+01 1.8804e+02 2.2684e+02 2.5575e+02 2.6834e+02
7.6730e+01 1.0053e+02 1.8956e+02 2.2183e+02 2.5569e+02 2.6957e+02
7.7509e+01 1.0099e+02 1.8930e+02 2.1869e+02 2.5559e+02 2.7064e+02
7.7701e+01 1.0107e+02 1.8665e+02 2.1817e+02 2.5553e+02 2.7151e+02
7.7159e+01 1.0098e+02 1.8210e+02 2.1998e+02 2.5558e+02 2.7211e+02
7.5823e+01 1.0064e+02 1.7676e+02 2.2330e+02 2.5583e+02 2.7240e+02
7.1789e+01 7.2405e+01 1.7246e+02 2.5342e+02 2.5440e+02 2.6653e+02
7.2113e+01 7.5385e+01 1.7781e+02 2.5237e+02 2.5478e+02 2.6415e+02
7.2332e+01 7.9718e+01 1.8232e+02 2.4990e+02 2.5504e+02 2.6287e+02
7.2818e+01 8.4567e+01 1.8604e+02 2.4553e+02 2.5523e+02 2.6309e+02
7.3674e+01 8.9307e+01 1.8906e+02 2.3986e+02 2.5539e+02 2.6420e+02
7.4861e+01 9.3456e+01 1.9151e+02 2.3357e+02 2.5549e+02 2.6566e+02
7.6216e+01 9.6721e+01 1.9341e+02 2.2721e+02 2.5550e+02 2.6719e+02
7.7493e+01 9.9014e+01 1.9453e+02 2.2145e+02 2.5543e+02 2.6865e+02
7.8422e+01 1.0043e+02 1.9417e+02 2.1734e+02 2.5532e+02 2.6993e+02
7.8768e+01 1.0116e+02 1.9155e+02 2.1595e+02 2.5526e+02 2.7097e+02
7.8370e+01 1.0135e+02 1.8710e+02 2.1715e+02 2.5532e+02 2.7171e+02
7.2032e+01 7.2712e+01 1.8472e+02 2.5308e+02 2.5454e+02 2.6187e+02
7.2328e+01 7.5379e+01 1.8954e+02 2.5088e+02 2.5499e+02 2.6051e+02
7.2739e+01 7.9406e+01 1.9339e+02 2.4663e+02 2.5525e+02 2.6087e+02
7.3542e+01 8.3999e+01 1.9633e+02 2.4099e+02 2.5541e+02 2.6219e+02
7.4720e+01 8.8577e+01 1.9845e+02 2.3462e+02 2.5548e+02 2.6386e+02
7.6115e+01 9.2699e+01 1.9985e+02 2.2802e+02 2.5547e+02 2.6562e+02
7.7478e+01 9.6089e+01 2.0041e+02 2.2184e+02 2.5538e+02 2.6731e+02
7.8529e+01 9.8630e+01 1.9949e+02 2.1717e+02 2.5526e+02 2.6881e+02
7.9018e+01 1.0032e+02 1.9632e+02 2.1528e+02 2.5519e+02 2.7005e+02
7.1890e+01 7.2598e+01 1.9626e+02 2.5171e+02 2.5498e+02 2.5784e+02
7.2303e+01 7.5068e+01 2.0048e+02 2.4742e+02 2.5540e+02 2.5843e+02
7.2978e+01 7.8901e+01 2.0356e+02 2.4188e+02 2.5558e+02 2.5995e+02
7.4060e+01 8.3370e+01 2.0555e+02 2.3567e+02 2.5563e+02 2.6179e+02
7.5414e+01 8.7937e+01 2.0646e+02 2.2922e+02 2.5559e+02 2.6373e+02
7.6797e+01 9.2186e+01 2.0613e+02 2.2323e+02 2.5547e+02 2.6563e+02
7.7923e+01 9.5821e+01 2.0389e+02 2.1893e+02 2.5534e+02 2.6735e+02
7.1650e+01 7.2318e+01 2.0681e+02 2.4722e+02 2.5551e+02 2.5650e+02
7.2232e+01 7.4705e+01 2.1018e+02 2.4216e+02 2.5580e+02 2.5783e+02
7.3125e+01 7.8477e+01 2.1207e+02 2.3653e+02 2.5585e+02 2.5965e+02
7.4342e+01 8.2974e+01 2.1228e+02 2.3091e+02 2.5578e+02 2.6166e+02
7.5660e+01 8.7688e+01 2.1038e+02 2.2620e+02 2.5563e+02 2.6370e+02
7.1473e+01 7.2064e+01 2.1563e+02 2.4144e+02 2.5592e+02 2.5644e+02
7.2193e+01 7.4472e+01 2.1721e+02 2.3722e+02 2.5605e+02 2.5775e+02
7.3179e+01 7.8314e+01 2.1614e+02 2.3350e+02 2.5596e+02 2.5959e+02
7.1413e+01 7.1962e+01 2.1985e+02 2.3819e+02 2.5607e+02 2.5649e+02
3.5876e+01 4.5859e+01 7.9799e+01 2.6543e+02 2.6573e+02 2.7900e+02
4.0020e+01 5.2521e+01 9.1216e+01 2.6444e+02 2.6506e+02 2.7791e+02
4.4337e+01 5.8052e+01 1.0337e+02 2.6331e+02 2.6448e+02 2.7629e+02
4.8451e+01 6.2474e+01 1.1582e+02 2.6215e+02 2.6386e+02 2.7421e+02
5.2100e+01 6.5877e+01 1.2824e+02 2.6098e+02 2.6311e+02 2.7184e+02
5.5114e+01 6.8386e+01 1.4039e+02 2.5960e+02 2.6220e+02 2.6955e+02
5.7423e+01 7.0142e+01 1.5206e+02 2.5738e+02 2.6138e+02 2.6780e+02
5.9056e+01 7.1279e+01 1.6307e+02 2.5397e+02 2.6094e+02 2.6677e+02
6.0132e+01 7.1917e+01 1.7323e+02 2.4969e+02 2.6084e+02 2.6624e+02
6.0812e+01 7.2174e+01 1.8231e+02 2.4505e+02 2.6094e+02 2.6598e+02
6.1235e+01 7.2186e+01 1.8989e+02 2.4058e+02 2.6112e+02 2.6588e+02
6.1478e+01 7.2103e+01 1.9524e+02 2.3708e+02 2.6128e+02 2.6584e+02
6.1559e+01 7.2058e+01 1.9724e+02 2.3568e+02 2.6133e+02 2.6583e+02
4.4566e+01 5.3517e+01 9.3494e+01 2.6349e+02 2.6401e+02 2.7874e+02
4.8264e+01 5.9745e+01 1.0373e+02 2.6231e+02 2.6347e+02 2.7722e+02
5.1974e+01 6.5044e+01 1.1451e+02 2.6108e+02 2.6304e+02 2.7513e+02
5.5302e+01 6.9381e+01 1.2557e+02 2.5983e+02 2.6255e+02 2.7267e+02
5.8012e+01 7.2809e+01 1.3665e+02 2.5845e+02 2.6186e+02 2.7023e+02
6.0023e+01 7.5400e+01 1.4753e+02 2.5643e+02 2.6099e+02 2.6837e+02
6.1404e+01 7.7222e+01 1.5799e+02 2.5325e+02 2.6036e+02 2.6733e+02
6.2314e+01 7.8345e+01 1.6780e+02 2.4908e+02 2.6012e+02 2.6687e+02
6.2942e+01 7.8865e+01 1.7672e+02 2.4444e+02 2.6014e+02 2.6671e+02
6.3428e+01 7.8927e+01 1.8438e+02 2.3985e+02 2.6029e+02 2.6670e+02
6.3833e+01 7.8722e+01 1.9020e+02 2.3594e+02 2.6044e+02 2.6676e+02
6.4135e+01 7.8460e+01 1.9326e+02 2.3365e+02 2.6051e+02 2.6687e+02
6.4270e+01 7.8301e+01 1.9272e+02 2.3382e+02 2.6048e+02 2.6700e+02
6.4179e+01 7.8299e+01 1.8869e+02 2.3631e+02 2.6036e+02 2.6715e+02
6.3820e+01 7.8390e+01 1.8214e+02 2.4020e+02 2.6022e+02 2.6733e+02
6.3125e+01 7.8436e+01 1.7391e+02 2.4462e+02 2.6015e+02 2.6756e+02
6.1986e+01 7.8269e+01 1.6451e+02 2.4906e+02 2.6027e+02 2.6787e+02
6.0278e+01 7.7700e+01 1.5428e+02 2.5313e+02 2.6067e+02 2.6837e+02
5.7926e+01 7.6503e+01 1.4348e+02 2.5650e+02 2.6141e+02 2.6922e+02
5.4938e+01 7.4412e+01 1.3237e+02 2.5896e+02 2.6237e+02 2.7061e+02
5.1418e+01 7.1143e+01 1.2126e+02 2.6074e+02 2.6325e+02 2.7253e+02
4.7556e+01 6.6445e+01 1.1049e+02 2.6219e+02 2.6388e+02 2.7461e+02
4.3631e+01 6.0188e+01 1.0039e+02 2.6346e+02 2.6441e+02 2.7648e+02
5.2667e+01 6.0287e+01 1.0704e+02 2.6113e+02 2.6214e+02 2.7807e+02
5.5961e+01 6.5998e+01 1.1610e+02 2.5985e+02 2.6173e+02 2.7614e+02
5.8976e+01 7.1187e+01 1.2547e+02 2.5857e+02 2.6143e+02 2.7369e+02
6.1376e+01 7.5728e+01 1.3503e+02 2.5719e+02 2.6104e+02 2.7108e+02
6.3079e+01 7.9488e+01 1.4461e+02 2.5538e+02 2.6039e+02 2.6891e+02
6.4191e+01 8.2364e+01 1.5404e+02 2.5254e+02 2.5972e+02 2.6766e+02
6.4916e+01 8.4318e+01 1.6311e+02 2.4856e+02 2.5935e+02 2.6720e+02
6.5462e+01 8.5402e+01 1.7155e+02 2.4393e+02 2.5928e+02 2.6715e+02
6.5977e+01 8.5755e+01 1.7902e+02 2.3918e+02 2.5937e+02 2.6729e+02
6.6511e+01 8.5599e+01 1.8505e+02 2.3488e+02 2.5950e+02 2.6752e+02
6.7014e+01 8.5203e+01 1.8887e+02 2.3179e+02 2.5957e+02 2.6778e+02
6.7374e+01 8.4825e+01 1.8960e+02 2.3076e+02 2.5955e+02 2.6807e+02
6.7473e+01 8.4641e+01 1.8695e+02 2.3211e+02 2.5945e+02 2.6835e+02
6.7226e+01 8.4685e+01 1.8154e+02 2.3523e+02 2.5932e+02 2.6862e+02
6.6563e+01 8.4865e+01 1.7424e+02 2.3929e+02 2.5927e+02 2.6886e+02
6.5397e+01 8.4995e+01 1.6569e+02 2.4372e+02 2.5939e+02 2.6906e+02
6.3643e+01 8.4816e+01 1.5634e+02 2.4816e+02 2.5976e+02 2.6926e+02
6.1259e+01 8.3986e+01 1.4655e+02 2.5230e+02 2.6044e+02 2.6954e+02
5.8287e+01 8.2088e+01 1.3671e+02 2.5585e+02 2.6140e+02 2.7008e+02
5.4859e+01 7.8691e+01 1.2720e+02 2.5861e+02 2.6245e+02 2.7112e+02
5.1185e+01 7.3476e+01 1.1840e+02 2.6066e+02 2.6329e+02 2.7274e+02
5.9745e+01 6.5875e+01 1.2035e+02 2.5867e+02 2.6021e+02 2.7685e+02
6.2575e+01 7.1052e+01 1.2831e+02 2.5736e+02 2.5999e+02 2.7457e+02
6.4758e+01 7.6280e+01 1.3634e+02 2.5601e+02 2.5983e+02 2.7192e+02
6.6204e+01 8.1183e+01 1.4439e+02 2.5438e+02 2.5951e+02 2.6945e+02
6.7080e+01 8.5353e+01 1.5241e+02 2.5190e+02 2.5899e+02 2.6784e+02
6.7634e+01 8.8513e+01 1.6030e+02 2.4822e+02 2.5857e+02 2.6723e+02
6.8097e+01 9.0566e+01 1.6785e+02 2.4365e+02 2.5842e+02 2.6725e+02
6.8624e+01 9.1587e+01 1.7479e+02 2.3874e+02 2.5846e+02 2.6756e+02
6.9262e+01 9.1786e+01 1.8069e+02 2.3406e+02 2.5854e+02 2.6798e+02
6.9942e+01 9.1468e+01 1.8493e+02 2.3024e+02 2.5860e+02 2.6843e+02
7.0518e+01 9.0972e+01 1.8667e+02 2.2811e+02 2.5857e+02 2.6889e+02
7.0822e+01 9.0588e+01 1.8531e+02 2.2824e+02 2.5847e+02 2.6933e+02
7.0723e+01 9.0472e+01 1.8106e+02 2.3045e+02 2.5836e+02 2.6971e+02
7.0130e+01 9.0611e+01 1.7475e+02 2.3400e+02 2.5832e+02 2.6999e+02
6.8973e+01 9.0832e+01 1.6711e+02 2.3827e+02 2.5843e+02 2.7016e+02
6.7193e+01 9.0818e+01 1.5873e+02 2.4284e+02 2.5878e+02 2.7021e+02
6.4779e+01 9.0115e+01 1.5010e+02 2.4744e+02 2.5941e+02 2.7017e+02
6.1803e+01 8.8166e+01 1.4170e+02 2.5181e+02 2.6031e+02 2.7015e+02
5.8419e+01 8.4443e+01 1.3398e+02 2.5562e+02 2.6139e+02 2.7037e+02
6.5504e+01 7.0121e+01 1.3341e+02 2.5637e+02 2.5843e+02 2.7498e+02
6.7753e+01 7.4843e+01 1.4040e+02 2.5506e+02 2.5842e+02 2.7246e+02
6.9058e+01 8.0187e+01 1.4722e+02 2.5357e+02 2.5840e+02 2.6984e+02
6.9753e+01 8.5381e+01 1.5388e+02 2.5143e+02 2.5818e+02 2.6786e+02
7.0166e+01 8.9826e+01 1.6040e+02 2.4812e+02 2.5784e+02 2.6698e+02
7.0560e+01 9.3163e+01 1.6675e+02 2.4368e+02 2.5764e+02 2.6698e+02
7.1100e+01 9.5272e+01 1.7277e+02 2.3866e+02 2.5762e+02 2.6744e+02
7.1828e+01 9.6251e+01 1.7816e+02 2.3360e+02 2.5766e+02 2.6806e+02
7.2665e+01 9.6373e+01 1.8241e+02 2.2912e+02 2.5768e+02 2.6873e+02
7.3440e+01 9.6012e+01 1.8478e+02 2.2596e+02 2.5764e+02 2.6939e+02
7.3949e+01 9.5546e+01 1.8449e+02 2.2487e+02 2.5754e+02 2.6998e+02
7.4016e+01 9.5251e+01 1.8135e+02 2.2605e+02 2.5743e+02 2.7049e+02
7.3525e+01 9.5221e+01 1.7601e+02 2.2897e+02 2.5739e+02 2.7085e+02
7.2405e+01 9.5331e+01 1.6930e+02 2.3294e+02 2.5751e+02 2.7104e+02
7.0619e+01 9.5245e+01 1.6194e+02 2.3748e+02 2.5785e+02 2.7102e+02
6.8180e+01 9.4429e+01 1.5454e+02 2.4231e+02 2.5844e+02 2.7082e+02
6.5183e+01 9.2243e+01 1.4766e+02 2.4718e+02 2.5928e+02 2.7048e+02
6.9767e+01 7.3045e+01 1.4622e+02 2.5445e+02 2.5700e+02 2.7245e+02
7.1337e+01 7.7466e+01 1.5239e+02 2.5308e+02 2.5721e+02 2.6987e+02
7.1942e+01 8.2853e+01 1.5817e+02 2.5122e+02 2.5730e+02 2.6761e+02
7.2254e+01 8.8118e+01 1.6362e+02 2.4828e+02 2.5717e+02 2.6641e+02
7.2599e+01 9.2627e+01 1.6881e+02 2.4406e+02 2.5700e+02 2.6632e+02
7.3156e+01 9.6007e+01 1.7374e+02 2.3897e+02 2.5693e+02 2.6688e+02
7.3969e+01 9.8134e+01 1.7829e+02 2.3359e+02 2.5693e+02 2.6771e+02
7.4949e+01 9.9126e+01 1.8215e+02 2.2849e+02 2.5692e+02 2.6861e+02
7.5905e+01 9.9290e+01 1.8471e+02 2.2438e+02 2.5686e+02 2.6947e+02
7.6608e+01 9.9023e+01 1.8515e+02 2.2210e+02 2.5675e+02 2.7025e+02
7.6848e+01 9.8685e+01 1.8293e+02 2.2219e+02 2.5664e+02 2.7090e+02
7.6479e+01 9.8475e+01 1.7844e+02 2.2437e+02 2.5660e+02 2.7136e+02
7.5424e+01 9.8352e+01 1.7258e+02 2.2794e+02 2.5673e+02 2.7161e+02
7.3655e+01 9.8012e+01 1.6620e+02 2.3232e+02 2.5706e+02 2.7160e+02
7.1203e+01 9.6915e+01 1.6000e+02 2.3719e+02 2.5764e+02 2.7132e+02
7.2469e+01 7.4888e+01 1.5879e+02 2.5295e+02 2.5604e+02 2.6933e+02
7.3434e+01 7.9114e+01 1.6424e+02 2.5132e+02 2.5643e+02 2.6697e+02
7.3713e+01 8.4359e+01 1.6915e+02 2.4872e+02 2.5659e+02 2.6547e+02
7.4031e+01 8.9480e+01 1.7357e+02 2.4474e+02 2.5653e+02 2.6524e+02
7.4610e+01 9.3882e+01 1.7761e+02 2.3965e+02 2.5646e+02 2.6588e+02
7.5500e+01 9.7211e+01 1.8128e+02 2.3400e+02 2.5642e+02 2.6690e+02
7.6607e+01 9.9354e+01 1.8449e+02 2.2837e+02 2.5637e+02 2.6803e+02
7.7728e+01 1.0044e+02 1.8684e+02 2.2341e+02 2.5628e+02 2.6912e+02
7.8611e+01 1.0075e+02 1.8760e+02 2.1999e+02 2.5615e+02 2.7010e+02
7.9021e+01 1.0067e+02 1.8600e+02 2.1896e+02 2.5604e+02 2.7091e+02
7.8789e+01 1.0043e+02 1.8213e+02 2.2035e+02 2.5601e+02 2.7151e+02
7.7822e+01 1.0010e+02 1.7693e+02 2.2344e+02 2.5614e+02 2.7184e+02
7.6097e+01 9.9451e+01 1.7137e+02 2.2756e+02 2.5649e+02 2.7187e+02
7.3733e+01 7.5998e+01 1.7104e+02 2.5172e+02 2.5560e+02 2.6581e+02
7.4424e+01 7.9969e+01 1.7586e+02 2.4938e+02 2.5609e+02 2.6412e+02
7.4769e+01 8.4923e+01 1.7999e+02 2.4564e+02 2.5625e+02 2.6374e+02
7.5371e+01 8.9792e+01 1.8352e+02 2.4060e+02 2.5622e+02 2.6444e+02
7.6323e+01 9.4024e+01 1.8654e+02 2.3478e+02 2.5616e+02 2.6564e+02
7.7534e+01 9.7294e+01 1.8909e+02 2.2873e+02 2.5607e+02 2.6700e+02
7.8796e+01 9.9504e+01 1.9100e+02 2.2305e+02 2.5595e+02 2.6833e+02
7.9841e+01 1.0076e+02 1.9171e+02 2.1861e+02 2.5580e+02 2.6953e+02
8.0415e+01 1.0129e+02 1.9034e+02 2.1651e+02 2.5568e+02 2.7053e+02
8.0326e+01 1.0133e+02 1.8675e+02 2.1711e+02 2.5565e+02 2.7127e+02
7.9471e+01 1.0098e+02 1.8191e+02 2.1969e+02 2.5579e+02 2.7172e+02
7.4056e+01 7.6533e+01 1.8286e+02 2.5020e+02 2.5559e+02 2.6238e+02
7.4804e+01 8.0207e+01 1.8706e+02 2.4661e+02 2.5608e+02 2.6187e+02
7.5458e+01 8.4845e+01 1.9045e+02 2.4165e+02 2.5618e+02 2.6260e+02
7.6446e+01 8.9476e+01 1.9312e+02 2.3576e+02 2.5613e+02 2.6398e+02
7.7725e+01 9.3588e+01 1.9517e+02 2.2945e+02 2.5601e+02 2.6555e+02
7.9090e+01 9.6884e+01 1.9656e+02 2.2327e+02 2.5585e+02 2.6711e+02
8.0267e+01 9.9251e+01 1.9691e+02 2.1807e+02 2.5568e+02 2.6854e+02
8.0989e+01 1.0072e+02 1.9533e+02 2.1513e+02 2.5554e+02 2.6975e+02
8.1048e+01 1.0140e+02 1.9156e+02 2.1508e+02 2.5551e+02 2.7067e+02
7.3998e+01 7.6591e+01 1.9406e+02 2.4740e+02 2.5586e+02 2.5988e+02
7.4970e+01 8.0036e+01 1.9759e+02 2.4253e+02 2.5626e+02 2.6055e+02
7.5984e+01 8.4442e+01 2.0016e+02 2.3673e+02 2.5628e+02 2.6202e+02
7.7276e+01 8.8948e+01 2.0186e+02 2.3040e+02 2.5615e+02 2.6376e+02
7.8687e+01 9.3075e+01 2.0269e+02 2.2409e+02 2.5595e+02 2.6553e+02
7.9949e+01 9.6519e+01 2.0228e+02 2.1866e+02 2.5575e+02 2.6719e+02
8.0789e+01 9.9103e+01 1.9980e+02 2.1553e+02 2.5559e+02 2.6862e+02
7.3901e+01 7.6364e+01 2.0432e+02 2.4287e+02 2.5623e+02 2.5871e+02
7.5115e+01 7.9693e+01 2.0696e+02 2.3740e+02 2.5649e+02 2.5999e+02
7.6375e+01 8.4020e+01 2.0836e+02 2.3146e+02 2.5639e+02 2.6178e+02
7.7755e+01 8.8568e+01 2.0835e+02 2.2566e+02 2.5618e+02 2.6369e+02
7.9036e+01 9.2855e+01 2.0644e+02 2.2108e+02 2.5594e+02 2.6554e+02
7.3882e+01 7.6076e+01 2.1290e+02 2.3755e+02 2.5653e+02 2.5836e+02
7.5236e+01 7.9424e+01 2.1377e+02 2.3268e+02 2.5664e+02 2.5983e+02
7.6528e+01 8.3842e+01 2.1233e+02 2.2847e+02 2.5644e+02 2.6172e+02
7.3894e+01 7.5945e+01 2.1700e+02 2.3451e+02 2.5664e+02 2.5830e+02
5.1607e+01 6.6595e+01 1.1210e+02 2.6102e+02 2.6300e+02 2.7547e+02
5.5130e+01 7.2268e+01 1.2112e+02 2.5951e+02 2.6262e+02 2.7332e+02
5.8422e+01 7.6641e+01 1.3066e+02 2.5775e+02 2.6209e+02 2.7115e+02
6.1206e+01 7.9804e+01 1.4049e+02 2.5549e+02 2.6129e+02 2.6947e+02
6.3352e+01 8.1952e+01 1.5033e+02 2.5241e+02 2.6044e+02 2.6851e+02
6.4876e+01 8.3289e+01 1.5990e+02 2.4849e+02 2.5985e+02 2.6807e+02
6.5905e+01 8.3989e+01 1.6889e+02 2.4406e+02 2.5958e+02 2.6789e+02
6.6604e+01 8.4215e+01 1.7698e+02 2.3953e+02 2.5956e+02 2.6782e+02
6.7093e+01 8.4147e+01 1.8371e+02 2.3537e+02 2.5965e+02 2.6778e+02
6.7408e+01 8.3985e+01 1.8838e+02 2.3225e+02 2.5976e+02 2.6776e+02
6.7520e+01 8.3907e+01 1.9010e+02 2.3105e+02 2.5980e+02 2.6775e+02
5.9192e+01 7.1779e+01 1.2369e+02 2.5832e+02 2.6146e+02 2.7412e+02
6.2327e+01 7.6834e+01 1.3164e+02 2.5659e+02 2.6124e+02 2.7182e+02
6.4945e+01 8.1076e+01 1.3990e+02 2.5450e+02 2.6082e+02 2.6976e+02
6.6870e+01 8.4469e+01 1.4835e+02 2.5172e+02 2.6013e+02 2.6846e+02
6.8161e+01 8.6989e+01 1.5679e+02 2.4805e+02 2.5946e+02 2.6793e+02
6.9018e+01 8.8650e+01 1.6497e+02 2.4370e+02 2.5905e+02 2.6786e+02
6.9658e+01 8.9526e+01 1.7258e+02 2.3905e+02 2.5891e+02 2.6796e+02
7.0221e+01 8.9777e+01 1.7919e+02 2.3459e+02 2.5893e+02 2.6812e+02
7.0731e+01 8.9641e+01 1.8422e+02 2.3088e+02 2.5899e+02 2.6830e+02
7.1108e+01 8.9385e+01 1.8685e+02 2.2870e+02 2.5901e+02 2.6847e+02
7.1247e+01 8.9217e+01 1.8640e+02 2.2872e+02 2.5897e+02 2.6863e+02
7.1096e+01 8.9201e+01 1.8293e+02 2.3089e+02 2.5888e+02 2.6878e+02
7.0658e+01 8.9239e+01 1.7720e+02 2.3449e+02 2.5881e+02 2.6888e+02
6.9913e+01 8.9148e+01 1.6999e+02 2.3879e+02 2.5885e+02 2.6894e+02
6.8772e+01 8.8715e+01 1.6188e+02 2.4333e+02 2.5911e+02 2.6897e+02
6.7097e+01 8.7707e+01 1.5329e+02 2.4772e+02 2.5965e+02 2.6904e+02
6.4799e+01 8.5838e+01 1.4461e+02 2.5167e+02 2.6048e+02 2.6931e+02
6.1902e+01 8.2782e+01 1.3619e+02 2.5494e+02 2.6142e+02 2.7006e+02
5.8577e+01 7.8274e+01 1.2833e+02 2.5750e+02 2.6216e+02 2.7147e+02
6.5822e+01 7.5595e+01 1.3517e+02 2.5565e+02 2.5996e+02 2.7235e+02
6.8506e+01 8.0127e+01 1.4210e+02 2.5369e+02 2.5991e+02 2.7007e+02
7.0313e+01 8.4504e+01 1.4913e+02 2.5118e+02 2.5959e+02 2.6834e+02
7.1392e+01 8.8349e+01 1.5620e+02 2.4782e+02 2.5904e+02 2.6755e+02
7.2063e+01 9.1325e+01 1.6321e+02 2.4360e+02 2.5857e+02 2.6747e+02
7.2613e+01 9.3284e+01 1.6994e+02 2.3888e+02 2.5832e+02 2.6774e+02
7.3209e+01 9.4277e+01 1.7607e+02 2.3412e+02 2.5825e+02 2.6812e+02
7.3871e+01 9.4516e+01 1.8110e+02 2.2984e+02 2.5824e+02 2.6853e+02
7.4489e+01 9.4312e+01 1.8432e+02 2.2673e+02 2.5822e+02 2.6892e+02
7.4897e+01 9.3984e+01 1.8492e+02 2.2558e+02 2.5816e+02 2.6927e+02
7.4961e+01 9.3741e+01 1.8261e+02 2.2668e+02 2.5807e+02 2.6956e+02
7.4630e+01 9.3614e+01 1.7788e+02 2.2957e+02 2.5800e+02 2.6977e+02
7.3882e+01 9.3477e+01 1.7157e+02 2.3353e+02 2.5805e+02 2.6987e+02
7.2651e+01 9.3114e+01 1.6437e+02 2.3802e+02 2.5829e+02 2.6984e+02
7.0834e+01 9.2237e+01 1.5681e+02 2.4269e+02 2.5878e+02 2.6971e+02
6.8373e+01 9.0469e+01 1.4936e+02 2.4723e+02 2.5954e+02 2.6957e+02
6.5329e+01 8.7407e+01 1.4242e+02 2.5140e+02 2.6049e+02 2.6959e+02
7.1084e+01 7.8127e+01 1.4659e+02 2.5319e+02 2.5865e+02 2.7018e+02
7.3178e+01 8.2384e+01 1.5262e+02 2.5091e+02 2.5876e+02 2.6814e+02
7.4165e+01 8.7079e+01 1.5852e+02 2.4784e+02 2.5853e+02 2.6697e+02
7.4684e+01 9.1325e+01 1.6430e+02 2.4382e+02 2.5814e+02 2.6677e+02
7.5149e+01 9.4605e+01 1.6993e+02 2.3908e+02 2.5783e+02 2.6714e+02
7.5760e+01 9.6734e+01 1.7523e+02 2.3405e+02 2.5767e+02 2.6774e+02
7.6539e+01 9.7784e+01 1.7987e+02 2.2923e+02 2.5758e+02 2.6839e+02
7.7361e+01 9.8021e+01 1.8326e+02 2.2527e+02 2.5751e+02 2.6902e+02
7.8017e+01 9.7800e+01 1.8461e+02 2.2295e+02 2.5742e+02 2.6958e+02
7.8312e+01 9.7443e+01 1.8330e+02 2.2289e+02 2.5731e+02 2.7004e+02
7.8129e+01 9.7119e+01 1.7950e+02 2.2497e+02 2.5724e+02 2.7038e+02
7.7420e+01 9.6807e+01 1.7403e+02 2.2848e+02 2.5728e+02 2.7055e+02
7.6136e+01 9.6331e+01 1.6770e+02 2.3281e+02 2.5751e+02 2.7053e+02
7.4200e+01 9.5391e+01 1.6116e+02 2.3755e+02 2.5797e+02 2.7033e+02
7.1583e+01 9.3577e+01 1.5492e+02 2.4244e+02 2.5866e+02 2.6997e+02
7.4666e+01 7.9746e+01 1.5798e+02 2.5095e+02 2.5767e+02 2.6773e+02
7.6103e+01 8.4002e+01 1.6321e+02 2.4813e+02 2.5788e+02 2.6622e+02
7.6597e+01 8.8906e+01 1.6812e+02 2.4433e+02 2.5774e+02 2.6578e+02
7.7020e+01 9.3291e+01 1.7276e+02 2.3962e+02 2.5746e+02 2.6618e+02
7.7657e+01 9.6656e+01 1.7712e+02 2.3438e+02 2.5724e+02 2.6696e+02
7.8539e+01 9.8838e+01 1.8108e+02 2.2910e+02 2.5709e+02 2.6785e+02
7.9531e+01 9.9931e+01 1.8424e+02 2.2436e+02 2.5695e+02 2.6873e+02
8.0403e+01 1.0022e+02 1.8593e+02 2.2093e+02 2.5682e+02 2.6952e+02
8.0914e+01 1.0003e+02 1.8534e+02 2.1968e+02 2.5669e+02 2.7017e+02
8.0895e+01 9.9653e+01 1.8230e+02 2.2083e+02 2.5661e+02 2.7066e+02
8.0263e+01 9.9165e+01 1.7753e+02 2.2380e+02 2.5665e+02 2.7094e+02
7.8965e+01 9.8480e+01 1.7195e+02 2.2786e+02 2.5687e+02 2.7098e+02
7.6947e+01 9.7347e+01 1.6631e+02 2.3254e+02 2.5731e+02 2.7077e+02
7.6465e+01 8.0958e+01 1.6928e+02 2.4868e+02 2.5707e+02 2.6527e+02
7.7542e+01 8.5191e+01 1.7379e+02 2.4507e+02 2.5733e+02 2.6455e+02
7.8068e+01 9.0006e+01 1.7782e+02 2.4044e+02 2.5722e+02 2.6488e+02
7.8775e+01 9.4293e+01 1.8144e+02 2.3507e+02 2.5701e+02 2.6579e+02
7.9764e+01 9.7604e+01 1.8467e+02 2.2941e+02 2.5680e+02 2.6691e+02
8.0909e+01 9.9797e+01 1.8735e+02 2.2400e+02 2.5661e+02 2.6804e+02
8.1967e+01 1.0096e+02 1.8900e+02 2.1957e+02 2.5642e+02 2.6906e+02
8.2672e+01 1.0134e+02 1.8879e+02 2.1714e+02 2.5626e+02 2.6993e+02
8.2817e+01 1.0120e+02 1.8621e+02 2.1732e+02 2.5617e+02 2.7059e+02
8.2285e+01 1.0070e+02 1.8188e+02 2.1968e+02 2.5622e+02 2.7100e+02
8.1016e+01 9.9844e+01 1.7686e+02 2.2338e+02 2.5644e+02 2.7114e+02
7.7019e+01 8.1842e+01 1.8035e+02 2.4592e+02 2.5681e+02 2.6317e+02
7.8179e+01 8.5879e+01 1.8417e+02 2.4137e+02 2.5706e+02 2.6333e+02
7.9079e+01 9.0438e+01 1.8738e+02 2.3596e+02 2.5695e+02 2.6430e+02
8.0199e+01 9.4546e+01 1.9006e+02 2.3006e+02 2.5673e+02 2.6560e+02
8.1485e+01 9.7794e+01 1.9220e+02 2.2415e+02 2.5649e+02 2.6695e+02
8.2704e+01 1.0004e+02 1.9354e+02 2.1890e+02 2.5626e+02 2.6821e+02
8.3580e+01 1.0132e+02 1.9332e+02 2.1542e+02 2.5606e+02 2.6930e+02
8.3885e+01 1.0178e+02 1.9083e+02 2.1470e+02 2.5595e+02 2.7016e+02
8.3479e+01 1.0155e+02 1.8661e+02 2.1644e+02 2.5599e+02 2.7073e+02
7.7141e+01 8.2220e+01 1.9097e+02 2.4219e+02 2.5681e+02 2.6176e+02
7.8596e+01 8.6047e+01 1.9406e+02 2.3684e+02 2.5699e+02 2.6260e+02
7.9914e+01 9.0377e+01 1.9642e+02 2.3087e+02 2.5684e+02 2.6399e+02
8.1327e+01 9.4378e+01 1.9808e+02 2.2470e+02 2.5658e+02 2.6553e+02
8.2673e+01 9.7651e+01 1.9892e+02 2.1897e+02 2.5630e+02 2.6701e+02
8.3691e+01 1.0001e+02 1.9826e+02 2.1484e+02 2.5607e+02 2.6832e+02
8.4147e+01 1.0138e+02 1.9531e+02 2.1353e+02 2.5593e+02 2.6939e+02
7.7274e+01 8.2156e+01 2.0078e+02 2.3742e+02 2.5692e+02 2.6101e+02
7.9011e+01 8.5862e+01 2.0298e+02 2.3164e+02 2.5702e+02 2.6226e+02
8.0562e+01 9.0113e+01 2.0418e+02 2.2560e+02 2.5681e+02 2.6386e+02
8.1991e+01 9.4155e+01 2.0420e+02 2.2001e+02 2.5651e+02 2.6551e+02
8.3106e+01 9.7551e+01 2.0231e+02 2.1613e+02 2.5624e+02 2.6704e+02
7.7481e+01 8.1895e+01 2.0903e+02 2.3222e+02 2.5705e+02 2.6072e+02
7.9324e+01 8.5628e+01 2.0956e+02 2.2697e+02 2.5706e+02 2.6213e+02
8.0820e+01 8.9971e+01 2.0805e+02 2.2260e+02 2.5680e+02 2.6383e+02
7.7594e+01 8.1752e+01 2.1303e+02 2.2925e+02 2.5710e+02 2.6064e+02
6.5719e+01 8.1647e+01 1.3816e+02 2.5417e+02 2.6095e+02 2.7007e+02
6.8671e+01 8.5550e+01 1.4510e+02 2.5116e+02 2.6035e+02 2.6892e+02
7.0920e+01 8.8579e+01 1.5239e+02 2.4746e+02 2.5958e+02 2.6848e+02
7.2467e+01 9.0792e+01 1.5982e+02 2.4317e+02 2.5893e+02 2.6846e+02
7.3499e+01 9.2248e+01 1.6711e+02 2.3857e+02 2.5854e+02 2.6861e+02
7.4238e+01 9.3038e+01 1.7387e+02 2.3401e+02 2.5838e+02 2.6877e+02
7.4815e+01 9.3329e+01 1.7960e+02 2.2993e+02 2.5836e+02 2.6888e+02
7.5223e+01 9.3351e+01 1.8361e+02 2.2695e+02 2.5840e+02 2.6895e+02
7.5375e+01 9.3326e+01 1.8508e+02 2.2583e+02 2.5842e+02 2.6897e+02
7.1933e+01 8.3742e+01 1.4800e+02 2.5088e+02 2.5981e+02 2.6854e+02
7.4410e+01 8.7320e+01 1.5406e+02 2.4743e+02 2.5937e+02 2.6774e+02
7.5904e+01 9.0685e+01 1.6024e+02 2.4330e+02 2.5878e+02 2.6763e+02
7.6798e+01 9.3452e+01 1.6643e+02 2.3868e+02 2.5831e+02 2.6790e+02
7.7472e+01 9.5369e+01 1.7239e+02 2.3389e+02 2.5804e+02 2.6828e+02
7.8125e+01 9.6425e+01 1.7775e+02 2.2934e+02 2.5792e+02 2.6865e+02
7.8751e+01 9.6808e+01 1.8193e+02 2.2558e+02 2.5787e+02 2.6896e+02
7.9209e+01 9.6798e+01 1.8414e+02 2.2336e+02 2.5784e+02 2.6921e+02
7.9348e+01 9.6637e+01 1.8370e+02 2.2332e+02 2.5779e+02 2.6938e+02
7.9123e+01 9.6390e+01 1.8068e+02 2.2543e+02 2.5775e+02 2.6947e+02
7.8586e+01 9.5942e+01 1.7579e+02 2.2901e+02 2.5777e+02 2.6945e+02
7.7759e+01 9.5109e+01 1.6984e+02 2.3339e+02 2.5792e+02 2.6931e+02
7.6526e+01 9.3747e+01 1.6342e+02 2.3809e+02 2.5828e+02 2.6908e+02
7.4669e+01 9.1769e+01 1.5696e+02 2.4279e+02 2.5887e+02 2.6881e+02
7.2027e+01 8.9082e+01 1.5080e+02 2.4722e+02 2.5963e+02 2.6868e+02
7.6621e+01 8.5038e+01 1.5792e+02 2.4766e+02 2.5883e+02 2.6697e+02
7.8486e+01 8.8690e+01 1.6315e+02 2.4371e+02 2.5856e+02 2.6661e+02
7.9353e+01 9.2541e+01 1.6830e+02 2.3912e+02 2.5814e+02 2.6688e+02
7.9977e+01 9.5726e+01 1.7331e+02 2.3415e+02 2.5781e+02 2.6744e+02
8.0680e+01 9.7896e+01 1.7799e+02 2.2918e+02 2.5759e+02 2.6806e+02
8.1478e+01 9.9062e+01 1.8194e+02 2.2471e+02 2.5745e+02 2.6864e+02
8.2204e+01 9.9448e+01 1.8451e+02 2.2143e+02 2.5734e+02 2.6914e+02
8.2640e+01 9.9350e+01 1.8487e+02 2.2017e+02 2.5725e+02 2.6954e+02
8.2643e+01 9.8974e+01 1.8270e+02 2.2127e+02 2.5718e+02 2.6980e+02
8.2196e+01 9.8351e+01 1.7856e+02 2.2424e+02 2.5719e+02 2.6992e+02
8.1308e+01 9.7396e+01 1.7332e+02 2.2834e+02 2.5733e+02 2.6986e+02
7.9877e+01 9.6028e+01 1.6767e+02 2.3300e+02 2.5766e+02 2.6962e+02
7.7703e+01 9.4188e+01 1.6211e+02 2.3790e+02 2.5819e+02 2.6925e+02
7.9330e+01 8.6240e+01 1.6794e+02 2.4434e+02 2.5811e+02 2.6554e+02
8.0739e+01 9.0114e+01 1.7239e+02 2.3982e+02 2.5796e+02 2.6567e+02
8.1496e+01 9.4169e+01 1.7659e+02 2.3474e+02 2.5767e+02 2.6631e+02
8.2304e+01 9.7455e+01 1.8050e+02 2.2944e+02 2.5739e+02 2.6714e+02
8.3264e+01 9.9670e+01 1.8395e+02 2.2435e+02 2.5717e+02 2.6798e+02
8.4217e+01 1.0085e+02 1.8648e+02 2.2012e+02 2.5698e+02 2.6874e+02
8.4912e+01 1.0121e+02 1.8731e+02 2.1763e+02 2.5683e+02 2.6937e+02
8.5141e+01 1.0098e+02 1.8577e+02 2.1762e+02 2.5673e+02 2.6984e+02
8.4814e+01 1.0033e+02 1.8219e+02 2.1988e+02 2.5673e+02 2.7012e+02
8.3903e+01 9.9276e+01 1.7748e+02 2.2358e+02 2.5686e+02 2.7017e+02
8.2313e+01 9.7841e+01 1.7246e+02 2.2809e+02 2.5717e+02 2.7001e+02
8.0397e+01 8.7512e+01 1.7794e+02 2.4064e+02 2.5765e+02 2.6441e+02
8.1845e+01 9.1373e+01 1.8165e+02 2.3554e+02 2.5758e+02 2.6499e+02
8.2944e+01 9.5315e+01 1.8494e+02 2.3001e+02 2.5734e+02 2.6595e+02
8.4116e+01 9.8513e+01 1.8781e+02 2.2445e+02 2.5707e+02 2.6701e+02
8.5284e+01 1.0070e+02 1.9003e+02 2.1941e+02 2.5681e+02 2.6801e+02
8.6204e+01 1.0187e+02 1.9097e+02 2.1579e+02 2.5660e+02 2.6888e+02
8.6641e+01 1.0218e+02 1.8976e+02 2.1467e+02 2.5646e+02 2.6956e+02
8.6453e+01 1.0177e+02 1.8644e+02 2.1615e+02 2.5644e+02 2.7002e+02
8.5571e+01 1.0076e+02 1.8204e+02 2.1938e+02 2.5656e+02 2.7023e+02
8.0846e+01 8.8377e+01 1.8771e+02 2.3633e+02 2.5741e+02 2.6366e+02
8.2609e+01 9.2098e+01 1.9064e+02 2.3073e+02 2.5736e+02 2.6458e+02
8.4108e+01 9.5863e+01 1.9303e+02 2.2488e+02 2.5712e+02 2.6577e+02
8.5504e+01 9.8977e+01 1.9480e+02 2.1927e+02 2.5683e+02 2.6697e+02
8.6631e+01 1.0115e+02 1.9551e+02 2.1477e+02 2.5657e+02 2.6807e+02
8.7262e+01 1.0231e+02 1.9422e+02 2.1270e+02 2.5638e+02 2.6897e+02
8.7235e+01 1.0248e+02 1.9079e+02 2.1348e+02 2.5633e+02 2.6964e+02
8.1284e+01 8.8660e+01 1.9687e+02 2.3135e+02 2.5733e+02 2.6325e+02
8.3319e+01 9.2284e+01 1.9891e+02 2.2547e+02 2.5726e+02 2.6438e+02
8.4988e+01 9.5977e+01 2.0016e+02 2.1967e+02 2.5700e+02 2.6570e+02
8.6305e+01 9.9092e+01 2.0023e+02 2.1483e+02 2.5671e+02 2.6698e+02
8.7113e+01 1.0127e+02 1.9820e+02 2.1240e+02 2.5648e+02 2.6810e+02
8.1746e+01 8.8567e+01 2.0471e+02 2.2613e+02 2.5731e+02 2.6307e+02
8.3817e+01 9.2220e+01 2.0518e+02 2.2079e+02 2.5721e+02 2.6431e+02
8.5334e+01 9.5960e+01 2.0382e+02 2.1669e+02 2.5696e+02 2.6568e+02
8.1962e+01 8.8468e+01 2.0860e+02 2.2314e+02 2.5731e+02 2.6302e+02
7.7703e+01 9.0009e+01 1.5923e+02 2.4315e+02 2.5887e+02 2.6770e+02
7.9836e+01 9.2748e+01 1.6461e+02 2.3847e+02 2.5833e+02 2.6800e+02
8.1096e+01 9.5247e+01 1.7008e+02 2.3360e+02 2.5791e+02 2.6840e+02
8.1951e+01 9.7140e+01 1.7536e+02 2.2885e+02 2.5765e+02 2.6878e+02
8.2644e+01 9.8311e+01 1.8004e+02 2.2461e+02 2.5753e+02 2.6906e+02
8.3160e+01 9.8876e+01 1.8343e+02 2.2152e+02 2.5748e+02 2.6923e+02
8.3357e+01 9.9032e+01 1.8470e+02 2.2035e+02 2.5747e+02 2.6928e+02
8.1592e+01 9.1024e+01 1.6779e+02 2.3909e+02 2.5829e+02 2.6678e+02
8.3245e+01 9.4118e+01 1.7240e+02 2.3413e+02 2.5793e+02 2.6726e+02
8.4237e+01 9.7054e+01 1.7690e+02 2.2907e+02 2.5762e+02 2.6783e+02
8.5093e+01 9.9212e+01 1.8106e+02 2.2426e+02 2.5740e+02 2.6836e+02
8.5872e+01 1.0047e+02 1.8443e+02 2.2026e+02 2.5726e+02 2.6880e+02
8.6406e+01 1.0095e+02 1.8623e+02 2.1787e+02 2.5717e+02 2.6911e+02
8.6519e+01 1.0084e+02 1.8573e+02 2.1785e+02 2.5713e+02 2.6928e+02
8.6178e+01 1.0019e+02 1.8300e+02 2.2013e+02 2.5714e+02 2.6930e+02
8.5463e+01 9.8946e+01 1.7888e+02 2.2394e+02 2.5725e+02 2.6916e+02
8.4374e+01 9.7108e+01 1.7415e+02 2.2854e+02 2.5749e+02 2.6887e+02
8.2641e+01 9.4913e+01 1.6930e+02 2.3348e+02 2.5786e+02 2.6846e+02
8.3557e+01 9.2557e+01 1.7645e+02 2.3484e+02 2.5787e+02 2.6605e+02
8.5144e+01 9.5846e+01 1.8028e+02 2.2957e+02 2.5764e+02 2.6670e+02
8.6327e+01 9.8853e+01 1.8384e+02 2.2433e+02 2.5738e+02 2.6743e+02
8.7396e+01 1.0100e+02 1.8688e+02 2.1956e+02 2.5716e+02 2.6811e+02
8.8241e+01 1.0217e+02 1.8884e+02 2.1603e+02 2.5698e+02 2.6867e+02
8.8653e+01 1.0247e+02 1.8885e+02 2.1475e+02 2.5688e+02 2.6909e+02
8.8511e+01 1.0199e+02 1.8658e+02 2.1610e+02 2.5685e+02 2.6932e+02
8.7813e+01 1.0081e+02 1.8283e+02 2.1937e+02 2.5693e+02 2.6936e+02
8.6516e+01 9.9078e+01 1.7849e+02 2.2369e+02 2.5715e+02 2.6920e+02
8.4549e+01 9.4012e+01 1.8507e+02 2.3020e+02 2.5760e+02 2.6555e+02
8.6391e+01 9.7267e+01 1.8810e+02 2.2468e+02 2.5742e+02 2.6635e+02
8.7861e+01 1.0017e+02 1.9068e+02 2.1935e+02 2.5717e+02 2.6721e+02
8.9023e+01 1.0221e+02 1.9248e+02 2.1488e+02 2.5694e+02 2.6800e+02
8.9717e+01 1.0325e+02 1.9267e+02 2.1241e+02 2.5677e+02 2.6864e+02
8.9794e+01 1.0327e+02 1.9057e+02 2.1280e+02 2.5669e+02 2.6910e+02
8.9186e+01 1.0239e+02 1.8693e+02 2.1546e+02 2.5674e+02 2.6934e+02
8.5361e+01 9.4859e+01 1.9333e+02 2.2513e+02 2.5743e+02 2.6527e+02
8.7404e+01 9.8051e+01 1.9545e+02 2.1950e+02 2.5726e+02 2.6617e+02
8.8928e+01 1.0086e+02 1.9685e+02 2.1444e+02 2.5703e+02 2.6711e+02
8.9905e+01 1.0279e+02 1.9677e+02 2.1113e+02 2.5681e+02 2.6796e+02
9.0223e+01 1.0361e+02 1.9438e+02 2.1077e+02 2.5668e+02 2.6864e+02
8.6069e+01 9.5138e+01 2.0058e+02 2.1993e+02 2.5733e+02 2.6514e+02
8.8048e+01 9.8323e+01 2.0122e+02 2.1491e+02 2.5718e+02 2.6611e+02
8.9329e+01 1.0106e+02 2.0006e+02 2.1167e+02 2.5697e+02 2.6709e+02
8.6371e+01 9.5168e+01 2.0432e+02 2.1691e+02 2.5730e+02 2.6511e+02
8.5800e+01 9.6417e+01 1.7655e+02 2.2901e+02 2.5764e+02 2.6775e+02
8.7347e+01 9.8932e+01 1.8064e+02 2.2400e+02 2.5737e+02 2.6822e+02
8.8413e+01 1.0095e+02 1.8443e+02 2.1949e+02 2.5718e+02 2.6859e+02
8.9130e+01 1.0217e+02 1.8734e+02 2.1611e+02 2.5707e+02 2.6882e+02
8.9393e+01 1.0257e+02 1.8849e+02 2.1479e+02 2.5704e+02 2.6890e+02
8.7609e+01 9.8346e+01 1.8381e+02 2.2432e+02 2.5746e+02 2.6722e+02
8.9263e+01 1.0091e+02 1.8710e+02 2.1928e+02 2.5726e+02 2.6775e+02
9.0423e+01 1.0284e+02 1.8986e+02 2.1499e+02 2.5708e+02 2.6821e+02
9.1076e+01 1.0384e+02 1.9133e+02 2.1238e+02 2.5697e+02 2.6853e+02
9.1122e+01 1.0383e+02 1.9063e+02 2.1249e+02 2.5694e+02 2.6869e+02
9.0536e+01 1.0285e+02 1.8799e+02 2.1512e+02 2.5699e+02 2.6869e+02
8.9330e+01 1.0108e+02 1.8444e+02 2.1922e+02 2.5714e+02 2.6852e+02
8.8879e+01 9.9874e+01 1.9091e+02 2.1934e+02 2.5732e+02 2.6690e+02
9.0603e+01 1.0237e+02 1.9327e+02 2.1442e+02 2.5715e+02 2.6749e+02
9.1675e+01 1.0411e+02 1.9470e+02 2.1076e+02 2.5699e+02 2.6801e+02
9.2057e+01 1.0477e+02 1.9413e+02 2.0974e+02 2.5689e+02 2.6840e+02
9.1695e+01 1.0429e+02 1.9148e+02 2.1159e+02 2.5689e+02 2.6863e+02
8.9809e+01 1.0070e+02 1.9730e+02 2.1434e+02 2.5722e+02 2.6675e+02
9.1361e+01 1.0308e+02 1.9820e+02 2.1020e+02 2.5708e+02 2.6737e+02
9.2114e+01 1.0454e+02 1.9713e+02 2.0856e+02 2.5695e+02 2.6795e+02
9.0171e+01 1.0094e+02 2.0071e+02 2.1141e+02 2.5718e+02 2.6670e+02
9.1179e+01 1.0309e+02 1.9022e+02 2.1461e+02 2.5712e+02 2.6804e+02
9.2292e+01 1.0468e+02 1.9282e+02 2.1094e+02 2.5701e+02 2.6824e+02
9.2666e+01 1.0525e+02 1.9397e+02 2.0942e+02 2.5697e+02 2.6831e+02
9.2343e+01 1.0444e+02 1.9546e+02 2.1013e+02 2.5707e+02 2.6778e+02
9.3190e+01 1.0571e+02 1.9657e+02 2.0754e+02 2.5700e+02 2.6802e+02
9.3180e+01 1.0578e+02 1.9545e+02 2.0803e+02 2.5697e+02 2.6818e+02
9.2758e+01 1.0491e+02 1.9829e+02 2.0757e+02 2.5705e+02 2.6770e+02
9.3678e+01 1.0633e+02 1.9744e+02 2.0618e+02 2.5700e+02 2.6803e+02
