0.0000e+00 0.0000e+00 0.0000e+00 0.0000e+00 0.0000e+00 0.0000e+00
1.2935e-03 3.7343e-03 7.6782e-04 6.0149e-05 6.6152e-05 2.2969e-04
2.0776e-05 6.1193e-04 9.9567e-05 2.2521e-05 9.2048e-06 5.7030e-05
9.0846e-06 1.8048e-04 3.1296e-05 1.0654e-05 3.5512e-06 2.5054e-05
1.3493e-05 6.7770e-05 1.4286e-05 1.1942e-06 6.8729e-06 1.3866e-05
1.6935e-06 4.0812e-05 8.0481e-06 1.3051e-06 3.9154e-06 8.6924e-06
1.8886e-05 6.3945e-06 5.1931e-06 1.2952e-06 2.3730e-06 5.8856e-06
2.2056e-06 1.4265e-05 3.6838e-06 2.0158e-06 7.1001e-07 4.1958e-06
8.8143e-06 2.6832e-06 2.8013e-06 1.2639e-07 1.9814e-06 3.1000e-06
5.7313e-06 2.7453e-06 2.2462e-06 1.0266e-06 6.5174e-07 2.3477e-06
1.6987e-06 4.8342e-06 1.8788e-06 1.0718e-06 2.9445e-07 1.8062e-06
9.7114e-07 4.2496e-06 1.6279e-06 1.3991e-06 7.8848e-07 3.4316e-07
2.9865e-06 1.3099e-06 1.4554e-06 1.0791e-06 2.1050e-07 7.4028e-07
2.7187e-06 9.0033e-07 1.3407e-06 8.1492e-07 5.4557e-07 2.6325e-07
2.4351e-06 6.6863e-07 1.2705e-06 5.8660e-07 1.8488e-07 5.1102e-07
1.1020e-07 2.5880e-06 1.2219e-06 3.9539e-07 3.9593e-07 2.0923e-07
3.1077e-08 2.3392e-06 1.1290e-06 2.9235e-07 4.3496e-07 9.6573e-08
0.0000e+00 0.0000e+00 1.4790e-05 0.0000e+00 0.0000e+00 1.7539e-04
5.8593e-05 6.8792e-05 2.6107e-06 3.8115e-06 2.7351e-06 6.3952e-05
3.3004e-05 4.8895e-05 5.4049e-06 3.8405e-06 2.2234e-06 2.9288e-05
1.7053e-05 2.9553e-05 4.6284e-06 3.0194e-06 1.5644e-06 1.6199e-05
9.5396e-06 1.8510e-05 3.5736e-06 2.3211e-06 1.1611e-06 1.0064e-05
5.8075e-06 1.2286e-05 2.7833e-06 1.8127e-06 9.2291e-07 6.7314e-06
3.8004e-06 8.6164e-06 2.2349e-06 1.4464e-06 7.8011e-07 4.7237e-06
2.6420e-06 6.3412e-06 1.8540e-06 1.1772e-06 6.9999e-07 3.4113e-06
4.8649e-06 1.9332e-06 1.5852e-06 9.7420e-07 6.8012e-07 2.4768e-06
3.8674e-06 1.4778e-06 1.3929e-06 8.1720e-07 7.8165e-07 1.6895e-06
3.1679e-06 1.1728e-06 1.2557e-06 1.3392e-06 6.9324e-07 6.1785e-07
2.6595e-06 9.6049e-07 1.1611e-06 1.4264e-06 5.9381e-07 1.2846e-07
2.2765e-06 8.0698e-07 1.1033e-06 1.0691e-06 5.1317e-07 1.5576e-07
1.9778e-06 6.9159e-07 1.0811e-06 7.6864e-07 4.4730e-07 1.6942e-07
1.7375e-06 6.0142e-07 1.0903e-06 5.0703e-07 3.9318e-07 1.7155e-07
1.9774e-06 6.5501e-07 1.0833e-06 3.6063e-07 4.4761e-07 8.1179e-08
2.2627e-06 7.4298e-07 1.2726e-06 3.6112e-07 5.1257e-07 1.0865e-07
2.6190e-06 8.5077e-07 1.3956e-06 4.6666e-07 5.9342e-07 1.4720e-07
3.0770e-06 9.8509e-07 1.5179e-06 6.1617e-07 6.9522e-07 2.0897e-07
3.6865e-06 1.1570e-06 1.6847e-06 7.4838e-07 8.2502e-07 3.3515e-07
4.5288e-06 1.3842e-06 1.9231e-06 6.5971e-07 9.9305e-07 7.4050e-07
5.7404e-06 1.6959e-06 2.2674e-06 1.4134e-07 1.2150e-06 1.6603e-06
7.5610e-06 2.1398e-06 2.7772e-06 1.3412e-07 1.5164e-06 2.1953e-06
1.0436e-05 2.7989e-06 3.5650e-06 2.3227e-07 1.9406e-06 2.8176e-06
1.5254e-05 3.8226e-06 4.8582e-06 3.6090e-07 2.5666e-06 3.7132e-06
2.3962e-05 5.4966e-06 7.1630e-06 5.3622e-07 3.5492e-06 5.0650e-06
4.1350e-05 8.3981e-06 1.1753e-05 7.8773e-07 5.2202e-06 7.2285e-06
8.1167e-05 1.3729e-05 2.2404e-05 1.1523e-06 8.3867e-06 1.0986e-05
1.9204e-04 2.3652e-05 5.3163e-05 1.6258e-06 1.5364e-05 1.8314e-05
6.0141e-04 3.5842e-05 1.7480e-04 1.7816e-06 3.4308e-05 3.5221e-05
2.6139e-03 1.3850e-06 8.1143e-04 2.1374e-07 9.4875e-05 8.4573e-05
0.0000e+00 0.0000e+00 4.3904e-06 0.0000e+00 0.0000e+00 4.3465e-05
6.7480e-06 6.3480e-06 5.7209e-07 5.7085e-07 3.3742e-07 2.5992e-05
7.7836e-06 8.7289e-06 3.3008e-07 9.7439e-07 5.0045e-07 1.6111e-05
6.0121e-06 7.8855e-06 6.8311e-07 1.0550e-06 5.2111e-07 1.0597e-05
4.2839e-06 6.4268e-06 8.8437e-07 9.9825e-07 5.2258e-07 7.3168e-06
5.1309e-06 3.0463e-06 9.5097e-07 8.9951e-07 5.3950e-07 5.2251e-06
4.1254e-06 2.2157e-06 9.5060e-07 7.9570e-07 5.8572e-07 3.7947e-06
3.3738e-06 1.6619e-06 9.2346e-07 6.9941e-07 6.8858e-07 2.7250e-06
2.8141e-06 1.2883e-06 8.8982e-07 6.1397e-07 9.3024e-07 1.7799e-06
2.3926e-06 1.0313e-06 8.6004e-07 1.3974e-06 5.3954e-07 7.8095e-07
2.0686e-06 8.5033e-07 8.4042e-07 1.5203e-06 4.7527e-07 2.3984e-07
1.8128e-06 7.1910e-07 8.3658e-07 1.2544e-06 4.2008e-07 1.6149e-07
1.6048e-06 6.2049e-07 8.5551e-07 9.5029e-07 3.7293e-07 1.6514e-07
1.4313e-06 5.4323e-07 9.0446e-07 6.5971e-07 3.3279e-07 1.7595e-07
2.1220e-06 7.0699e-07 9.8403e-07 4.5969e-07 4.9373e-07 3.4246e-08
2.4336e-06 7.9743e-07 1.2350e-06 3.9964e-07 5.6699e-07 5.8143e-08
2.8236e-06 9.0629e-07 1.4346e-06 4.2836e-07 6.5845e-07 9.3847e-08
3.3264e-06 1.0379e-06 1.6096e-06 5.2582e-07 7.7404e-07 1.5128e-07
3.9970e-06 1.1994e-06 1.8175e-06 6.3422e-07 9.2201e-07 2.5524e-07
4.9249e-06 1.4027e-06 2.0989e-06 6.8378e-07 1.1143e-06 4.7274e-07
6.2582e-06 1.6660e-06 2.4972e-06 5.5381e-07 1.3688e-06 9.4058e-07
8.2533e-06 2.0163e-06 3.0821e-06 3.0298e-07 1.7142e-06 1.6296e-06
1.1374e-05 2.4924e-06 3.9815e-06 1.9169e-07 2.1980e-06 2.3260e-06
1.6515e-05 3.1458e-06 5.4477e-06 1.9929e-07 2.9038e-06 3.1244e-06
2.5519e-05 4.0270e-06 8.0209e-06 2.6202e-07 3.9847e-06 4.2112e-06
4.2487e-05 5.1118e-06 1.2959e-05 3.4878e-07 5.7385e-06 5.8308e-06
7.7301e-05 5.9923e-06 2.3447e-05 4.1758e-07 8.7675e-06 8.4183e-06
1.5490e-04 4.9890e-06 4.7835e-05 3.8575e-07 1.4273e-05 1.2849e-05
3.3013e-04 7.6109e-07 1.0299e-04 3.4931e-07 2.3946e-05 2.0918e-05
0.0000e+00 0.0000e+00 2.5623e-06 0.0000e+00 0.0000e+00 1.9046e-05
1.5511e-06 1.2452e-06 8.3728e-07 1.5715e-07 5.7314e-08 1.3607e-05
2.3389e-06 2.5674e-06 1.7080e-07 3.4396e-07 1.1736e-07 9.7937e-06
2.6669e-06 2.5496e-06 9.8820e-08 4.4758e-07 1.6847e-07 7.1952e-06
2.5898e-06 2.1639e-06 1.9293e-07 4.8523e-07 2.3184e-07 5.3828e-06
2.3665e-06 1.7432e-06 3.0125e-07 4.8430e-07 3.2742e-07 4.0560e-06
2.1169e-06 1.3903e-06 3.8688e-07 4.6329e-07 4.9196e-07 2.9992e-06
1.8861e-06 1.1197e-06 4.4845e-07 4.3285e-07 8.0694e-07 2.0180e-06
1.6862e-06 9.1907e-07 4.9346e-07 1.2812e-06 3.9889e-07 1.0306e-06
1.5161e-06 7.7172e-07 5.3075e-07 1.4828e-06 3.6468e-07 4.2003e-07
1.3705e-06 6.6260e-07 5.6936e-07 1.3350e-06 3.3203e-07 2.2832e-07
1.2437e-06 5.7984e-07 6.1943e-07 1.0822e-06 3.0191e-07 1.8379e-07
1.1314e-06 5.1454e-07 6.9283e-07 8.0704e-07 2.7475e-07 1.7967e-07
2.2026e-06 7.5343e-07 8.6535e-07 5.4066e-07 5.3535e-07 6.7369e-09
2.5252e-06 8.4361e-07 1.1292e-06 4.7134e-07 6.1492e-07 1.9850e-08
2.9274e-06 9.5007e-07 1.3831e-06 4.4907e-07 7.1400e-07 4.2551e-08
3.4438e-06 1.0740e-06 1.6038e-06 5.0775e-07 8.3889e-07 7.9754e-08
4.1290e-06 1.2181e-06 1.8384e-06 6.1244e-07 9.9811e-07 1.4207e-07
5.0696e-06 1.3875e-06 2.1354e-06 7.2629e-07 1.2037e-06 2.5202e-07
6.4051e-06 1.5888e-06 2.5422e-06 8.0944e-07 1.4731e-06 4.5556e-07
8.3676e-06 1.8293e-06 3.1268e-06 8.0704e-07 1.8329e-06 8.2698e-07
1.1356e-05 2.1098e-06 4.0066e-06 7.0045e-07 2.3248e-06 1.4171e-06
1.6079e-05 2.4088e-06 5.4002e-06 5.7291e-07 3.0159e-06 2.1920e-06
2.3841e-05 2.6426e-06 7.7317e-06 5.0455e-07 4.0150e-06 3.1491e-06
3.7073e-05 2.5894e-06 1.1825e-05 4.9641e-07 5.4944e-06 4.4118e-06
6.0137e-05 1.8596e-06 1.9128e-05 5.2200e-07 7.6956e-06 6.2189e-06
9.9281e-05 6.0547e-07 3.1193e-05 6.0462e-07 1.0803e-05 8.9367e-06
0.0000e+00 0.0000e+00 1.8307e-06 0.0000e+00 0.0000e+00 1.0512e-05
3.6479e-07 5.2543e-07 8.6054e-07 5.9783e-08 1.1415e-08 8.2228e-06
8.1904e-07 1.0812e-06 2.9986e-07 1.5068e-07 3.4864e-08 6.4376e-06
1.0827e-06 1.2803e-06 8.0007e-08 2.1993e-07 7.6216e-08 5.0704e-06
1.1869e-06 1.2463e-06 4.0367e-08 2.6136e-07 1.5148e-07 3.9987e-06
1.1982e-06 1.1168e-06 7.7149e-08 2.8067e-07 2.9472e-07 3.0984e-06
1.1637e-06 9.6872e-07 1.3863e-07 2.8472e-07 5.7933e-07 2.2283e-06
1.1094e-06 8.3490e-07 2.0327e-07 1.0336e-06 2.7900e-07 1.3111e-06
1.0481e-06 7.2508e-07 2.6513e-07 1.3408e-06 2.6742e-07 6.2758e-07
9.8492e-07 6.3863e-07 3.2623e-07 1.3236e-06 2.5274e-07 3.2813e-07
9.2178e-07 5.7103e-07 3.9346e-07 1.1498e-06 2.3680e-07 2.2263e-07
8.5953e-07 5.1692e-07 4.7771e-07 9.2017e-07 2.2082e-07 1.8935e-07
2.2199e-06 8.0686e-07 7.4482e-07 5.8136e-07 5.7090e-07 4.6592e-10
2.5387e-06 8.9501e-07 9.8679e-07 5.3288e-07 6.5442e-07 3.3728e-09
2.9327e-06 9.9749e-07 1.2562e-06 4.9314e-07 7.5772e-07 1.2758e-08
3.4339e-06 1.1123e-06 1.5048e-06 5.2248e-07 8.8685e-07 3.0383e-08
4.0916e-06 1.2375e-06 1.7498e-06 6.2000e-07 1.0498e-06 5.9792e-08
4.9814e-06 1.3714e-06 2.0374e-06 7.6215e-07 1.2571e-06 1.0767e-07
6.2202e-06 1.5113e-06 2.4141e-06 9.3398e-07 1.5237e-06 1.8699e-07
7.9917e-06 1.6492e-06 2.9390e-06 1.1207e-06 1.8703e-06 3.2415e-07
1.0588e-05 1.7624e-06 3.7054e-06 1.2897e-06 2.3267e-06 5.7393e-07
1.4474e-05 1.7971e-06 4.8710e-06 1.3771e-06 2.9345e-06 1.0345e-06
2.0380e-05 1.6513e-06 6.6909e-06 1.3317e-06 3.7490e-06 1.8075e-06
2.9363e-05 1.2107e-06 9.4988e-06 1.2127e-06 4.8292e-06 2.9091e-06
4.2602e-05 5.9267e-07 1.3465e-05 1.1246e-06 6.1952e-06 4.3480e-06
0.0000e+00 0.0000e+00 1.4342e-06 0.0000e+00 0.0000e+00 6.5752e-06
1.3702e-07 2.2574e-07 8.1470e-07 2.7742e-08 4.8588e-09 5.4342e-06
3.4535e-07 5.3761e-07 3.8818e-07 7.6469e-08 2.4787e-08 4.4816e-06
5.0542e-07 7.2720e-07 1.4985e-07 1.2050e-07 7.2664e-08 3.6847e-06
6.0492e-07 7.9457e-07 4.3269e-08 1.5268e-07 1.7395e-07 2.9846e-06
6.5822e-07 7.8532e-07 1.7213e-08 1.7293e-07 3.8404e-07 2.2927e-06
6.8091e-07 7.3947e-07 3.5926e-08 7.5836e-07 1.8339e-07 1.5256e-06
6.8394e-07 6.8254e-07 7.7735e-08 1.1269e-06 1.8654e-07 8.3002e-07
6.7393e-07 6.2776e-07 1.3206e-07 1.2388e-06 1.8462e-07 4.3818e-07
6.5476e-07 5.8015e-07 1.9692e-07 1.1573e-06 1.7943e-07 2.7026e-07
6.2905e-07 5.3995e-07 2.7730e-07 9.8915e-07 1.7236e-07 2.0304e-07
2.1837e-06 8.8122e-07 6.2174e-07 5.8242e-07 5.9905e-07 1.0113e-08
2.4865e-06 9.6573e-07 8.2852e-07 5.6041e-07 6.8403e-07 7.7564e-09
2.8561e-06 1.0634e-06 1.0795e-06 5.2814e-07 7.8804e-07 8.6840e-09
3.3202e-06 1.1693e-06 1.3305e-06 5.4140e-07 9.1644e-07 1.3404e-08
3.9201e-06 1.2769e-06 1.5695e-06 6.2823e-07 1.0760e-06 2.2662e-08
4.7165e-06 1.3787e-06 1.8290e-06 7.7888e-07 1.2750e-06 3.7545e-08
5.7985e-06 1.4644e-06 2.1509e-06 9.8470e-07 1.5244e-06 6.0037e-08
7.2967e-06 1.5168e-06 2.5836e-06 1.2461e-06 1.8378e-06 9.4986e-08
9.3991e-06 1.5041e-06 3.1946e-06 1.5629e-06 2.2318e-06 1.5704e-07
1.2366e-05 1.3740e-06 4.0801e-06 1.9091e-06 2.7253e-06 2.9387e-07
1.6525e-05 1.0773e-06 5.3428e-06 2.1747e-06 3.3338e-06 6.4535e-07
2.2190e-05 6.6560e-07 6.9917e-06 2.1539e-06 4.0540e-06 1.4553e-06
0.0000e+00 0.0000e+00 1.1837e-06 0.0000e+00 0.0000e+00 4.4474e-06
6.1055e-08 1.1348e-07 7.5503e-07 1.4706e-08 6.2934e-09 3.8151e-06
1.6699e-07 3.0023e-07 4.3181e-07 4.3075e-08 3.3494e-08 3.2540e-06
2.6327e-07 4.5039e-07 2.1653e-07 7.1607e-08 9.9911e-08 2.7395e-06
3.3655e-07 5.4284e-07 8.8088e-08 9.5010e-08 2.4362e-07 2.2210e-06
3.8767e-07 5.8725e-07 2.3935e-08 5.2291e-07 1.1195e-07 1.6261e-06
4.2068e-07 5.9939e-07 5.4735e-09 8.8795e-07 1.2284e-07 9.9158e-07
4.3935e-07 5.9320e-07 1.8871e-08 1.1033e-06 1.2873e-07 5.4093e-07
4.4655e-07 5.7863e-07 5.5641e-08 1.1156e-06 1.3082e-07 3.1629e-07
4.4460e-07 5.6143e-07 1.1355e-07 1.0148e-06 1.3023e-07 2.1608e-07
2.1093e-06 9.8704e-07 4.8752e-07 5.5367e-07 6.1880e-07 2.9601e-08
2.3877e-06 1.0661e-06 6.5903e-07 5.5101e-07 7.0284e-07 2.7493e-08
2.7225e-06 1.1578e-06 8.7461e-07 5.3517e-07 8.0433e-07 2.5810e-08
3.1365e-06 1.2546e-06 1.1053e-06 5.4497e-07 9.2766e-07 2.4869e-08
3.6621e-06 1.3464e-06 1.3239e-06 6.2145e-07 1.0780e-06 2.4739e-08
4.3453e-06 1.4203e-06 1.5449e-06 7.6967e-07 1.2612e-06 2.5042e-08
5.2492e-06 1.4606e-06 1.8028e-06 9.8297e-07 1.4839e-06 2.4926e-08
6.4589e-06 1.4455e-06 2.1368e-06 1.2622e-06 1.7531e-06 2.3529e-08
8.0832e-06 1.3444e-06 2.5931e-06 1.6129e-06 2.0751e-06 2.2350e-08
1.0247e-05 1.1268e-06 3.2182e-06 2.0324e-06 2.4531e-06 3.4905e-08
1.3059e-05 8.0522e-07 4.0160e-06 2.4710e-06 2.8813e-06 1.2262e-07
0.0000e+00 0.0000e+00 1.0102e-06 0.0000e+00 0.0000e+00 3.1733e-06
3.0884e-08 6.3826e-08 6.9675e-07 8.5619e-09 9.5669e-09 2.7959e-06
8.9824e-08 1.8295e-07 4.4766e-07 2.6177e-08 4.8440e-08 2.4354e-06
1.4985e-07 2.9773e-07 2.6429e-07 4.5221e-08 1.4250e-07 2.0627e-06
2.0142e-07 3.8911e-07 1.3716e-07 3.4070e-07 6.2077e-08 1.6230e-06
2.4218e-07 4.5553e-07 5.6006e-08 6.6064e-07 7.5384e-08 1.0916e-06
2.7223e-07 5.0094e-07 1.2484e-08 9.4004e-07 8.4976e-08 6.2376e-07
2.9244e-07 5.3033e-07 4.6733e-10 1.0380e-06 9.1259e-08 3.5342e-07
3.0394e-07 5.4837e-07 1.6478e-08 1.0030e-06 9.4855e-08 2.2430e-07
2.0133e-06 1.1221e-06 3.4157e-07 5.0567e-07 6.2963e-07 5.4516e-08
2.2628e-06 1.1953e-06 4.8099e-07 5.1259e-07 7.1059e-07 5.6749e-08
2.5581e-06 1.2793e-06 6.5784e-07 5.1096e-07 8.0687e-07 5.6972e-08
2.9169e-06 1.3657e-06 8.5606e-07 5.2411e-07 9.2177e-07 5.5796e-08
3.3639e-06 1.4414e-06 1.0460e-06 5.9258e-07 1.0588e-06 5.3486e-08
3.9322e-06 1.4897e-06 1.2267e-06 7.3301e-07 1.2215e-06 4.9749e-08
4.6643e-06 1.4906e-06 1.4252e-06 9.4052e-07 1.4129e-06 4.3639e-08
5.6122e-06 1.4207e-06 1.6740e-06 1.2122e-06 1.6350e-06 3.3742e-08
6.8326e-06 1.2564e-06 2.0039e-06 1.5495e-06 1.8872e-06 1.9274e-08
8.3743e-06 9.9111e-07 2.4295e-06 1.9496e-06 2.1645e-06 4.2119e-09
0.0000e+00 0.0000e+00 8.8238e-07 0.0000e+00 0.0000e+00 2.3531e-06
1.7259e-08 3.9202e-08 6.4383e-07 5.3342e-09 1.3735e-08 2.1143e-06
5.2658e-08 1.1978e-07 4.4767e-07 1.6824e-08 6.8859e-08 1.8590e-06
9.1762e-08 2.0800e-07 2.9404e-07 2.0309e-07 2.9901e-08 1.5473e-06
1.2811e-07 2.9016e-07 1.7769e-07 4.6249e-07 4.2126e-08 1.1294e-06
1.5895e-07 3.6249e-07 9.3152e-08 7.6800e-07 5.2391e-08 6.7999e-07
1.8323e-07 4.2474e-07 3.6571e-08 9.3729e-07 6.0380e-08 3.7719e-07
2.0080e-07 4.7736e-07 6.3105e-09 9.6164e-07 6.6205e-08 2.2482e-07
1.9100e-06 1.2616e-06 2.0470e-07 4.4675e-07 6.3153e-07 8.2270e-08
2.1297e-06 1.3324e-06 3.1185e-07 4.5528e-07 7.0772e-07 9.0998e-08
2.3849e-06 1.4093e-06 4.5086e-07 4.6197e-07 7.9679e-07 9.5558e-08
2.6895e-06 1.4837e-06 6.1316e-07 4.7972e-07 9.0101e-07 9.7099e-08
3.0616e-06 1.5415e-06 7.7281e-07 5.4228e-07 1.0225e-06 9.6371e-08
3.5246e-06 1.5634e-06 9.1897e-07 6.7272e-07 1.1627e-06 9.3581e-08
4.1062e-06 1.5270e-06 1.0719e-06 8.6809e-07 1.3221e-06 8.8335e-08
4.8363e-06 1.4092e-06 1.2598e-06 1.1217e-06 1.4993e-06 7.9782e-08
5.7416e-06 1.1948e-06 1.5032e-06 1.4297e-06 1.6905e-06 6.7245e-08
0.0000e+00 0.0000e+00 7.8403e-07 0.0000e+00 0.0000e+00 1.7956e-06
1.0459e-08 2.5931e-08 5.9696e-07 3.4930e-09 1.9532e-08 1.6350e-06
3.3138e-08 8.3525e-08 4.3913e-07 1.0051e-07 1.1275e-08 1.4275e-06
5.9699e-08 1.5287e-07 3.1020e-07 2.9686e-07 2.0483e-08 1.1169e-06
8.5692e-08 2.2463e-07 2.0688e-07 6.0036e-07 2.9461e-08 7.0863e-07
1.0871e-07 2.9547e-07 1.2570e-07 8.2544e-07 3.7370e-08 3.8518e-07
1.2755e-07 3.6424e-07 6.4454e-08 8.9978e-07 4.3891e-08 2.1578e-07
1.8096e-06 1.3730e-06 1.0558e-07 3.8248e-07 6.2505e-07 1.1170e-07
2.0007e-06 1.4449e-06 1.7974e-07 3.8772e-07 6.9526e-07 1.2725e-07
2.2183e-06 1.5172e-06 2.8156e-07 3.9755e-07 7.7588e-07 1.3658e-07
2.4730e-06 1.5803e-06 4.0738e-07 4.1887e-07 8.6827e-07 1.4155e-07
2.7784e-06 1.6195e-06 5.3752e-07 4.7707e-07 9.7335e-07 1.4349e-07
3.1508e-06 1.6148e-06 6.5668e-07 5.9693e-07 1.0912e-06 1.4310e-07
3.6080e-06 1.5432e-06 7.7958e-07 7.7719e-07 1.2205e-06 1.4050e-07
4.1664e-06 1.3842e-06 9.3007e-07 1.0086e-06 1.3584e-06 1.3534e-07
0.0000e+00 0.0000e+00 7.0598e-07 0.0000e+00 0.0000e+00 1.4001e-06
6.7758e-09 1.8297e-08 5.5595e-07 2.9739e-08 2.3746e-09 1.2810e-06
2.2104e-08 6.1586e-08 4.2651e-07 1.6141e-07 7.8055e-09 1.0692e-06
4.0808e-08 1.1764e-07 3.1732e-07 4.4464e-07 1.4434e-08 7.1295e-07
5.9734e-08 1.8018e-07 2.2623e-07 7.1348e-07 2.1124e-08 3.7545e-07
7.6963e-08 2.4678e-07 1.5076e-07 8.2649e-07 2.7257e-08 1.9573e-07
1.7179e-06 1.4468e-06 5.0254e-08 3.1609e-07 6.1121e-07 1.4270e-07
1.8829e-06 1.5165e-06 9.7235e-08 3.1608e-07 6.7477e-07 1.6379e-07
2.0668e-06 1.5837e-06 1.6575e-07 3.2615e-07 7.4641e-07 1.7666e-07
2.2777e-06 1.6366e-06 2.5580e-07 3.5045e-07 8.2676e-07 1.8410e-07
2.5261e-06 1.6592e-06 3.5583e-07 4.0655e-07 9.1587e-07 1.8800e-07
2.8234e-06 1.6312e-06 4.5246e-07 5.1620e-07 1.0129e-06 1.8948e-07
3.1810e-06 1.5306e-06 5.5639e-07 6.7926e-07 1.1156e-06 1.8901e-07
0.0000e+00 0.0000e+00 6.4277e-07 0.0000e+00 0.0000e+00 1.1093e-06
4.6340e-09 1.3645e-08 5.2052e-07 5.5403e-08 1.6627e-09 9.9745e-07
1.5449e-08 4.7618e-08 4.1273e-07 3.0371e-07 5.5483e-09 6.9938e-07
2.9021e-08 9.4160e-08 3.1929e-07 6.1380e-07 1.0417e-08 3.4378e-07
4.3062e-08 1.4907e-07 2.3892e-07 7.5074e-07 1.5481e-08 1.6301e-07
1.6365e-06 1.4932e-06 2.4624e-08 2.4892e-07 5.9140e-07 1.7602e-07
1.7786e-06 1.5541e-06 5.4272e-08 2.4450e-07 6.4810e-07 1.9967e-07
1.9332e-06 1.6116e-06 9.7868e-08 2.5424e-07 7.1082e-07 2.1359e-07
2.1068e-06 1.6533e-06 1.5558e-07 2.8255e-07 7.7964e-07 2.2144e-07
2.3075e-06 1.6620e-06 2.2356e-07 3.4076e-07 8.5404e-07 2.2559e-07
2.5438e-06 1.6166e-06 2.9915e-07 4.4091e-07 9.3261e-07 2.2750e-07
0.0000e+00 0.0000e+00 5.9114e-07 0.0000e+00 0.0000e+00 8.8889e-07
3.3070e-09 1.0648e-08 4.9067e-07 1.7349e-07 1.1935e-09 6.8010e-07
1.1198e-08 3.8262e-08 4.0013e-07 5.4869e-07 4.0359e-09 2.7507e-07
2.1293e-08 7.7791e-08 3.1996e-07 6.8090e-07 7.6820e-09 1.1569e-07
1.5639e-06 1.5224e-06 1.3843e-08 1.8114e-07 5.6717e-07 2.1280e-07
1.6867e-06 1.5711e-06 3.4462e-08 1.7596e-07 6.1720e-07 2.3422e-07
1.8165e-06 1.6145e-06 6.2306e-08 1.8666e-07 6.7150e-07 2.4576e-07
1.9588e-06 1.6426e-06 9.3637e-08 2.2091e-07 7.2979e-07 2.5135e-07
2.1202e-06 1.6388e-06 1.3063e-07 2.8463e-07 7.9119e-07 2.5365e-07
0.0000e+00 0.0000e+00 5.4931e-07 0.0000e+00 0.0000e+00 7.1678e-07
2.4373e-09 8.6129e-09 4.6720e-07 5.7489e-07 8.7599e-10 1.1953e-07
8.3453e-09 3.1683e-08 3.9209e-07 6.2019e-07 2.9987e-09 5.6303e-08
1.4963e-06 1.5362e-06 8.9768e-09 1.1366e-07 5.4008e-07 2.5295e-07
1.6034e-06 1.5756e-06 2.5401e-08 1.1366e-07 5.8387e-07 2.6612e-07
1.7128e-06 1.6044e-06 4.4220e-08 1.2815e-07 6.3052e-07 2.7159e-07
1.8294e-06 1.6174e-06 5.7797e-08 1.6831e-07 6.7952e-07 2.7220e-07
0.0000e+00 0.0000e+00 5.1704e-07 5.7761e-07 0.0000e+00 0.0000e+00
1.8397e-09 7.1649e-09 4.5336e-07 5.5057e-07 6.5658e-10 9.6085e-09
1.4292e-06 1.5296e-06 5.6220e-09 5.2557e-08 5.1148e-07 2.9072e-07
1.5238e-06 1.5681e-06 1.8940e-08 6.2715e-08 5.4961e-07 2.9243e-07
1.6170e-06 1.5873e-06 3.0854e-08 8.5570e-08 5.8952e-07 2.8921e-07
0.0000e+00 0.0000e+00 4.9561e-07 4.5945e-07 0.0000e+00 0.0000e+00
1.3583e-06 1.4938e-06 2.1597e-09 1.1914e-08 4.8245e-07 3.1176e-07
1.4431e-06 1.5436e-06 1.0084e-08 2.9387e-08 5.1556e-07 3.0874e-07
0.0000e+00 0.0000e+00 4.6724e-07 3.7259e-07 0.0000e+00 0.0000e+00
1.3891e-04 2.1588e-07 1.3063e-05 5.5658e-08 8.8016e-06 3.5407e-05
8.4936e-05 1.9598e-06 1.0411e-05 8.6009e-07 6.1534e-06 2.0390e-05
4.8467e-05 2.5400e-06 6.8704e-06 1.4975e-06 3.6597e-06 1.2707e-05
2.9121e-05 2.0972e-06 4.6181e-06 1.5689e-06 2.2866e-06 8.4631e-06
1.8799e-05 1.4726e-06 3.2898e-06 1.3692e-06 1.6175e-06 5.9183e-06
1.3004e-05 9.2624e-07 2.4867e-06 1.0815e-06 1.3261e-06 4.2741e-06
9.5608e-06 5.0465e-07 1.9801e-06 7.4527e-07 1.2894e-06 3.1250e-06
7.3854e-06 2.1189e-07 1.6476e-06 3.0674e-07 1.5508e-06 2.2142e-06
5.9031e-06 5.1008e-08 1.4235e-06 2.0795e-07 1.7784e-06 1.2777e-06
4.8116e-06 6.1550e-09 1.2715e-06 9.6010e-07 1.3248e-06 3.5771e-07
3.9795e-06 2.3369e-08 1.1721e-06 1.0773e-06 1.0206e-06 4.9258e-08
3.3545e-06 4.2814e-08 1.1160e-06 8.9458e-07 8.3787e-07 3.2905e-09
2.8926e-06 3.8705e-08 1.0990e-06 6.6536e-07 7.1147e-07 1.9178e-09
1.9989e-06 7.7673e-09 8.9680e-07 2.9392e-07 4.7397e-07 3.8784e-08
2.2569e-06 2.2428e-10 1.0941e-06 2.6844e-07 5.3587e-07 2.7127e-08
2.0959e-05 6.3683e-08 1.2731e-06 1.5007e-08 1.7127e-06 1.7707e-05
1.9654e-05 1.3579e-07 1.1541e-06 5.2817e-07 1.3434e-06 1.2263e-05
1.5565e-05 1.4952e-07 1.1619e-06 8.3326e-07 9.4007e-07 8.7043e-06
1.1832e-05 9.5126e-08 1.1213e-06 8.3281e-07 7.9889e-07 6.3286e-06
9.0138e-06 4.2446e-08 1.0542e-06 7.0562e-07 8.1839e-07 4.6697e-06
6.9623e-06 3.8066e-08 9.8406e-07 5.1189e-07 9.8203e-07 3.4259e-06
5.4551e-06 8.8169e-08 9.2184e-07 2.3406e-07 1.3735e-06 2.3665e-06
4.3389e-06 1.6347e-07 8.7196e-07 1.0393e-07 1.8428e-06 1.3046e-06
3.5191e-06 2.2669e-07 8.3655e-07 9.4408e-07 1.2936e-06 4.4454e-07
2.9246e-06 2.5828e-07 8.1785e-07 1.1837e-06 9.1947e-07 1.1623e-07
2.4952e-06 2.5700e-07 8.1976e-07 1.0476e-06 7.3284e-07 4.7620e-08
2.1824e-06 2.2968e-07 8.4850e-07 8.1902e-07 6.1503e-07 4.6416e-08
2.0024e-06 1.4015e-07 7.9569e-07 3.5079e-07 5.1320e-07 2.7358e-08
2.2869e-06 1.2193e-07 1.0104e-06 3.0600e-07 5.7770e-07 1.5405e-08
2.6355e-06 9.5347e-08 1.1998e-06 3.1318e-07 6.5807e-07 6.3715e-09
3.0506e-06 7.4663e-08 1.3327e-06 4.1065e-07 7.5845e-07 1.7360e-09
3.5472e-06 7.1785e-08 1.4565e-06 5.5532e-07 8.8833e-07 5.2290e-09
4.1597e-06 9.5346e-08 1.6103e-06 6.9942e-07 1.0663e-06 3.1078e-08
4.9454e-06 1.5561e-07 1.8162e-06 7.6746e-07 1.3282e-06 1.3168e-07
6.0031e-06 2.6073e-07 2.0960e-06 5.8699e-07 1.7353e-06 4.4780e-07
7.5054e-06 4.0972e-07 2.4819e-06 1.2294e-07 2.2464e-06 1.1020e-06
9.7433e-06 5.9236e-07 3.0258e-06 5.7851e-08 2.3792e-06 1.9642e-06
1.3208e-05 7.8873e-07 3.8136e-06 3.8143e-07 2.3120e-06 2.9760e-06
1.8749e-05 9.5531e-07 4.9859e-06 6.2627e-07 2.5440e-06 4.2785e-06
2.7818e-05 9.9314e-07 6.7536e-06 5.7979e-07 3.3164e-06 6.1174e-06
4.2630e-05 7.3725e-07 9.3138e-06 1.9146e-07 4.7140e-06 8.8768e-06
6.4864e-05 2.5476e-07 1.2279e-05 1.0925e-07 6.0174e-06 1.3166e-05
5.3225e-06 2.4947e-08 8.2804e-07 9.3980e-09 4.8261e-07 1.0278e-05
6.2638e-06 6.6608e-08 3.6285e-07 2.9362e-07 3.3453e-07 7.8956e-06
5.9201e-06 1.3242e-07 2.5445e-07 3.7396e-07 3.3350e-07 6.1013e-06
5.0806e-06 2.2993e-07 2.7439e-07 3.5359e-07 4.2461e-07 4.7302e-06
4.1806e-06 3.3590e-07 3.2641e-07 2.7046e-07 6.2118e-07 3.6232e-06
3.4043e-06 4.1661e-07 3.7783e-07 1.2804e-07 9.9959e-07 2.6164e-06
2.7987e-06 4.5711e-07 4.2116e-07 6.3781e-08 1.5012e-06 1.5691e-06
2.3467e-06 4.6255e-07 4.5823e-07 7.7427e-07 1.1857e-06 6.8018e-07
2.0130e-06 4.4451e-07 4.9432e-07 1.1660e-06 8.0188e-07 2.6116e-07
1.7647e-06 4.1211e-07 5.3673e-07 1.1247e-06 6.1996e-07 1.2997e-07
1.5771e-06 3.7034e-07 5.9513e-07 9.4009e-07 5.1361e-07 1.0041e-07
1.9446e-06 2.8535e-07 6.9662e-07 3.8348e-07 5.3625e-07 3.5817e-08
2.2154e-06 2.8523e-07 9.0056e-07 3.4698e-07 6.0043e-07 2.2742e-08
2.5540e-06 2.7305e-07 1.1170e-06 3.2231e-07 6.8120e-07 1.2048e-08
2.9657e-06 2.5830e-07 1.2920e-06 3.7101e-07 7.8159e-07 5.0972e-09
3.4589e-06 2.5653e-07 1.4399e-06 4.8546e-07 9.0856e-07 4.0492e-09
4.0573e-06 2.8131e-07 1.6026e-06 6.2700e-07 1.0750e-06 1.4217e-08
4.8137e-06 3.3810e-07 1.8085e-06 7.5886e-07 1.3040e-06 5.0973e-08
5.8210e-06 4.2291e-07 2.0804e-06 8.1750e-07 1.6367e-06 1.5625e-07
7.2273e-06 5.2316e-07 2.4475e-06 6.7718e-07 2.1358e-06 4.2617e-07
9.2588e-06 6.1842e-07 2.9525e-06 2.7960e-07 2.7704e-06 9.9872e-07
1.2257e-05 6.7750e-07 3.6580e-06 1.0823e-07 3.0840e-06 1.9160e-06
1.6723e-05 6.5444e-07 4.6446e-06 3.6281e-07 3.0450e-06 3.1053e-06
2.3310e-05 5.0579e-07 5.9673e-06 4.7473e-07 3.3257e-06 4.5847e-06
3.2535e-05 2.8269e-07 7.5046e-06 2.7442e-07 4.0780e-06 6.4974e-06
1.8190e-06 1.1623e-08 8.0310e-07 4.3068e-08 1.3785e-07 6.5882e-06
2.4134e-06 1.1326e-07 3.5748e-07 1.1763e-07 1.4308e-07 5.3881e-06
2.4495e-06 3.0625e-07 1.5136e-07 1.3772e-07 2.1027e-07 4.3927e-06
2.2108e-06 4.8551e-07 8.5225e-08 1.1565e-07 3.5456e-07 3.5379e-06
1.9228e-06 5.8429e-07 9.0519e-08 5.9623e-08 6.2740e-07 2.7271e-06
1.6719e-06 6.1010e-07 1.2770e-07 6.2535e-08 1.0207e-06 1.8434e-06
1.4723e-06 5.9343e-07 1.7697e-07 5.6953e-07 9.7781e-07 9.7248e-07
1.3166e-06 5.5789e-07 2.3092e-07 1.0530e-06 6.7561e-07 4.4388e-07
1.1944e-06 5.1586e-07 2.9002e-07 1.1252e-06 5.1254e-07 2.2895e-07
1.0972e-06 4.7185e-07 3.6040e-07 1.0101e-06 4.2082e-07 1.5474e-07
1.8575e-06 4.2592e-07 5.9958e-07 3.9115e-07 5.5161e-07 5.1245e-08
2.1064e-06 4.4138e-07 7.8124e-07 3.7055e-07 6.1388e-07 3.9000e-08
2.4185e-06 4.4690e-07 9.9467e-07 3.4075e-07 6.9298e-07 2.6913e-08
2.8025e-06 4.4561e-07 1.1916e-06 3.5760e-07 7.9070e-07 1.6294e-08
3.2661e-06 4.4828e-07 1.3548e-06 4.4639e-07 9.1165e-07 8.4077e-09
3.8255e-06 4.6757e-07 1.5151e-06 5.8398e-07 1.0643e-06 4.8858e-09
4.5202e-06 5.0832e-07 1.7040e-06 7.4450e-07 1.2631e-06 9.6460e-09
5.4226e-06 5.6333e-07 1.9446e-06 9.0189e-07 1.5321e-06 3.3816e-08
6.6437e-06 6.1524e-07 2.2609e-06 1.0045e-06 1.9121e-06 1.0882e-07
8.3369e-06 6.3942e-07 2.6828e-06 9.4102e-07 2.4596e-06 3.1852e-07
1.0703e-05 6.0707e-07 3.2437e-06 6.2418e-07 3.1234e-06 8.3851e-07
1.3974e-05 4.9934e-07 3.9586e-06 4.9745e-07 3.3428e-06 1.8269e-06
1.8333e-05 3.4484e-07 4.7695e-06 9.2650e-07 2.9019e-06 3.1690e-06
7.5070e-07 6.3489e-09 7.6794e-07 1.8909e-08 6.4193e-08 4.5194e-06
1.0307e-06 1.4190e-07 4.0930e-07 3.8506e-08 1.0008e-07 3.8475e-06
1.0582e-06 3.5959e-07 1.9185e-07 4.1726e-08 1.8653e-07 3.2382e-06
9.9998e-07 5.1831e-07 7.7663e-08 3.2198e-08 3.5467e-07 2.6418e-06
9.3114e-07 5.9456e-07 3.3002e-08 6.9532e-08 6.1361e-07 1.9740e-06
8.6917e-07 6.1360e-07 3.2601e-08 4.0723e-07 7.1011e-07 1.2204e-06
8.1620e-07 6.0151e-07 5.9428e-08 8.8772e-07 5.4167e-07 6.2868e-07
7.7097e-07 5.7533e-07 1.0416e-07 1.0647e-06 4.1230e-07 3.2961e-07
7.3204e-07 5.4373e-07 1.6481e-07 1.0288e-06 3.3769e-07 2.0533e-07
1.7488e-06 5.7745e-07 4.9517e-07 3.7995e-07 5.5891e-07 6.9776e-08
1.9726e-06 6.0305e-07 6.5330e-07 3.7208e-07 6.1786e-07 6.1548e-08
2.2517e-06 6.2244e-07 8.4729e-07 3.4894e-07 6.9333e-07 5.0801e-08
2.5964e-06 6.3389e-07 1.0449e-06 3.4997e-07 7.8598e-07 3.8980e-08
3.0146e-06 6.4196e-07 1.2125e-06 4.1654e-07 8.9835e-07 2.7263e-08
3.5167e-06 6.5550e-07 1.3622e-06 5.4538e-07 1.0354e-06 1.6336e-08
4.1282e-06 6.7849e-07 1.5240e-06 7.1553e-07 1.2053e-06 6.9300e-09
4.8993e-06 7.0310e-07 1.7214e-06 9.1140e-07 1.4206e-06 1.5055e-09
5.9055e-06 7.1083e-07 1.9738e-06 1.1139e-06 1.7006e-06 8.9828e-09
7.2418e-06 6.7867e-07 2.2994e-06 1.2785e-06 2.0736e-06 5.9102e-08
9.0108e-06 5.9012e-07 2.7065e-06 1.3023e-06 2.5645e-06 2.4359e-07
1.1294e-05 4.5619e-07 3.1677e-06 1.1026e-06 3.0432e-06 7.8366e-07
3.5205e-07 4.3313e-09 7.2009e-07 7.7812e-09 4.0129e-08 3.2540e-06
4.5971e-07 1.4665e-07 4.4050e-07 1.6207e-08 8.1710e-08 2.8430e-06
4.7562e-07 3.2318e-07 2.4469e-07 2.5636e-08 1.7515e-07 2.4275e-06
4.7858e-07 4.4667e-07 1.1738e-07 7.0788e-08 3.3272e-07 1.9524e-06
4.7824e-07 5.1993e-07 4.3580e-08 2.9311e-07 4.5933e-07 1.3634e-06
4.7578e-07 5.5713e-07 1.1088e-08 7.0946e-07 4.0883e-07 7.8232e-07
4.7156e-07 5.7077e-07 1.0612e-08 9.6296e-07 3.2171e-07 4.1854e-07
4.6595e-07 5.6997e-07 3.6382e-08 1.0040e-06 2.6504e-07 2.4703e-07
1.6281e-06 7.5170e-07 3.7503e-07 3.5657e-07 5.5760e-07 8.9686e-08
1.8256e-06 7.8288e-07 5.1140e-07 3.5532e-07 6.1218e-07 8.8089e-08
2.0695e-06 8.1141e-07 6.8070e-07 3.4021e-07 6.8243e-07 8.1431e-08
2.3700e-06 8.3262e-07 8.6444e-07 3.3568e-07 7.6809e-07 7.1397e-08
2.7352e-06 8.4558e-07 1.0268e-06 3.8449e-07 8.7003e-07 5.9435e-08
3.1716e-06 8.5401e-07 1.1614e-06 5.0102e-07 9.9051e-07 4.6364e-08
3.6932e-06 8.5989e-07 1.2930e-06 6.6965e-07 1.1333e-06 3.2469e-08
4.3311e-06 8.5555e-07 1.4458e-06 8.7584e-07 1.3039e-06 1.8236e-08
5.1334e-06 8.2376e-07 1.6365e-06 1.1093e-06 1.5093e-06 6.3947e-09
6.1550e-06 7.4658e-07 1.8754e-06 1.3526e-06 1.7584e-06 7.8556e-09
7.4428e-06 6.2059e-07 2.1553e-06 1.5611e-06 2.0572e-06 5.9788e-08
1.8048e-07 4.1379e-09 6.6990e-07 6.6172e-09 2.8281e-08 2.4275e-06
2.0641e-07 1.3438e-07 4.5099e-07 2.0327e-08 6.9892e-08 2.1524e-06
2.2196e-07 2.6159e-07 2.8402e-07 6.0641e-08 1.5873e-07 1.8291e-06
2.4032e-07 3.5973e-07 1.6175e-07 2.0890e-07 2.6672e-07 1.3990e-06
2.5679e-07 4.3362e-07 7.7107e-08 5.4276e-07 2.8823e-07 8.8508e-07
2.7024e-07 4.8802e-07 2.4820e-08 8.3849e-07 2.4307e-07 4.8651e-07
2.8062e-07 5.2675e-07 1.6913e-09 9.4643e-07 2.0351e-07 2.7585e-07
1.5046e-06 9.4116e-07 2.4757e-07 3.2604e-07 5.4775e-07 1.1055e-07
1.6774e-06 9.7720e-07 3.6068e-07 3.2585e-07 5.9734e-07 1.1703e-07
1.8873e-06 1.0117e-06 5.0353e-07 3.1609e-07 6.6133e-07 1.1609e-07
2.1437e-06 1.0391e-06 6.6597e-07 3.1063e-07 7.3876e-07 1.0979e-07
2.4545e-06 1.0550e-06 8.1652e-07 3.4606e-07 8.2929e-07 9.9971e-08
2.8243e-06 1.0580e-06 9.3547e-07 4.4877e-07 9.3324e-07 8.7860e-08
3.2594e-06 1.0470e-06 1.0402e-06 6.0953e-07 1.0515e-06 7.4064e-08
3.7768e-06 1.0143e-06 1.1557e-06 8.1208e-07 1.1854e-06 5.8932e-08
4.4050e-06 9.4481e-07 1.2986e-06 1.0465e-06 1.3361e-06 4.3633e-08
5.1750e-06 8.2669e-07 1.4746e-06 1.3022e-06 1.5039e-06 3.2922e-08
9.7438e-08 5.8832e-09 6.2222e-07 1.0494e-08 2.1380e-08 1.8582e-06
9.1700e-08 1.1370e-07 4.4820e-07 4.1011e-08 6.1468e-08 1.6510e-06
1.0635e-07 2.0512e-07 3.0798e-07 1.4091e-07 1.3575e-07 1.3544e-06
1.2463e-07 2.8604e-07 1.9756e-07 3.9786e-07 1.8734e-07 9.3362e-07
1.4212e-07 3.5806e-07 1.1301e-07 7.0636e-07 1.7739e-07 5.2921e-07
1.5766e-07 4.2204e-07 5.1856e-08 8.6752e-07 1.5309e-07 2.8947e-07
1.3854e-06 1.1178e-06 1.4073e-07 2.9141e-07 5.2977e-07 1.3289e-07
1.5376e-06 1.1603e-06 2.2582e-07 2.8829e-07 5.7430e-07 1.4767e-07
1.7179e-06 1.2002e-06 3.3879e-07 2.8085e-07 6.3161e-07 1.5271e-07
1.9345e-06 1.2315e-06 4.7471e-07 2.7614e-07 7.0031e-07 1.5065e-07
2.1946e-06 1.2478e-06 6.0861e-07 3.0226e-07 7.7929e-07 1.4377e-07
2.5019e-06 1.2441e-06 7.1301e-07 3.9161e-07 8.6762e-07 1.3374e-07
2.8591e-06 1.2159e-06 7.9740e-07 5.4149e-07 9.6448e-07 1.2156e-07
3.2741e-06 1.1548e-06 8.8787e-07 7.3350e-07 1.0689e-06 1.0777e-07
3.7627e-06 1.0488e-06 1.0010e-06 9.5597e-07 1.1795e-06 9.3118e-08
5.1774e-08 1.0150e-08 5.7885e-07 1.9247e-08 1.7132e-08 1.4465e-06
4.0230e-08 9.1701e-08 4.3806e-07 8.3877e-08 5.5288e-08 1.2584e-06
5.1640e-08 1.6088e-07 3.2012e-07 2.7652e-07 1.0834e-07 9.3564e-07
6.6011e-08 2.2959e-07 2.2262e-07 5.7821e-07 1.2402e-07 5.4608e-07
8.0584e-08 2.9764e-07 1.4298e-07 7.7817e-07 1.1304e-07 2.8673e-07
1.2737e-06 1.2625e-06 7.3441e-08 2.5408e-07 5.0417e-07 1.5808e-07
1.4119e-06 1.3063e-06 1.3125e-07 2.4557e-07 5.4415e-07 1.8020e-07
1.5696e-06 1.3485e-06 2.1306e-07 2.3840e-07 5.9500e-07 1.9013e-07
1.7538e-06 1.3809e-06 3.1830e-07 2.3546e-07 6.5520e-07 1.9142e-07
1.9708e-06 1.3952e-06 4.2986e-07 2.5673e-07 7.2322e-07 1.8690e-07
2.2240e-06 1.3836e-06 5.1844e-07 3.3553e-07 7.9747e-07 1.7861e-07
2.5143e-06 1.3389e-06 5.8754e-07 4.7396e-07 8.7620e-07 1.6784e-07
2.8453e-06 1.2523e-06 6.6334e-07 6.5196e-07 9.5740e-07 1.5528e-07
2.6632e-08 1.2953e-08 5.4040e-07 3.9388e-08 1.4599e-08 1.1287e-06
1.7722e-08 7.2263e-08 4.2464e-07 1.7787e-07 5.0131e-08 9.0209e-07
2.5328e-08 1.2777e-07 3.2465e-07 4.6397e-07 8.0817e-08 5.3796e-07
3.5786e-08 1.8735e-07 2.3896e-07 6.8912e-07 8.1978e-08 2.6641e-07
1.1675e-06 1.3821e-06 3.9781e-08 2.1410e-07 4.7104e-07 1.8875e-07
1.3010e-06 1.4132e-06 7.8352e-08 1.9938e-07 5.0778e-07 2.1562e-07
1.4448e-06 1.4471e-06 1.3457e-07 1.9157e-07 5.5308e-07 2.2798e-07
1.6060e-06 1.4737e-06 2.0963e-07 1.9169e-07 6.0567e-07 2.3055e-07
1.7900e-06 1.4819e-06 2.9301e-07 2.1416e-07 6.6395e-07 2.2674e-07
1.9996e-06 1.4613e-06 3.6008e-07 2.8858e-07 7.2606e-07 2.1889e-07
2.2357e-06 1.4023e-06 4.1511e-07 4.1634e-07 7.8992e-07 2.0848e-07
1.5652e-08 1.1240e-08 5.0713e-07 1.0474e-07 1.3332e-08 8.3640e-07
8.2367e-09 5.6682e-08 4.1082e-07 3.7698e-07 4.4490e-08 5.0173e-07
1.2818e-08 1.0310e-07 3.2549e-07 6.1212e-07 5.7892e-08 2.2556e-07
1.0574e-06 1.4947e-06 2.5289e-08 1.7025e-07 4.2932e-07 2.2963e-07
1.1998e-06 1.4959e-06 5.3486e-08 1.5075e-07 4.6538e-07 2.5581e-07
1.3401e-06 1.5076e-06 9.3346e-08 1.4261e-07 5.0691e-07 2.6649e-07
1.4878e-06 1.5176e-06 1.4341e-07 1.4764e-07 5.5343e-07 2.6719e-07
1.6485e-06 1.5134e-06 1.9364e-07 1.8008e-07 6.0366e-07 2.6164e-07
1.8253e-06 1.4822e-06 2.3092e-07 2.5965e-07 6.5585e-07 2.5240e-07
1.0960e-08 8.3506e-09 4.7956e-07 3.5813e-07 1.3049e-08 4.0447e-07
4.3597e-09 4.4898e-08 3.9942e-07 5.6090e-07 3.7600e-08 1.5931e-07
9.1751e-07 1.6266e-06 1.9368e-08 1.2039e-07 3.7440e-07 2.8955e-07
1.0952e-06 1.5734e-06 4.3255e-08 1.0099e-07 4.1568e-07 3.0365e-07
1.2454e-06 1.5489e-06 7.4743e-08 9.4328e-08 4.5669e-07 3.0627e-07
1.3887e-06 1.5321e-06 1.0535e-07 1.0756e-07 4.9947e-07 3.0087e-07
1.5341e-06 1.5092e-06 1.2018e-07 1.5886e-07 5.4377e-07 2.9058e-07
8.5149e-09 6.0432e-09 4.5949e-07 5.3311e-07 1.3402e-08 8.3335e-08
6.6057e-07 1.8569e-06 1.6247e-08 6.5393e-08 2.8681e-07 3.8899e-07
9.5784e-07 1.6727e-06 3.8591e-08 5.3389e-08 3.5338e-07 3.6417e-07
1.1431e-06 1.5911e-06 6.5203e-08 5.2494e-08 4.0110e-07 3.4846e-07
1.2932e-06 1.5386e-06 7.7719e-08 8.0441e-08 4.4381e-07 3.3140e-07
1.5417e-08 2.4447e-06 1.2942e-08 1.9971e-08 7.6687e-08 6.0466e-07
6.9511e-07 1.8781e-06 3.2777e-08 1.6123e-08 2.5499e-07 4.5662e-07
1.0016e-06 1.6626e-06 5.0965e-08 2.7866e-08 3.3488e-07 3.9685e-07
4.3608e-09 4.9013e-09 4.5665e-07 3.6328e-07 1.0841e-08 1.1152e-08
1.7939e-05 1.0386e-07 1.6849e-06 2.8767e-08 1.8937e-06 9.1594e-06
1.4629e-05 1.2122e-07 1.4390e-06 4.9076e-07 1.3168e-06 6.9583e-06
1.1424e-05 1.1767e-07 1.2348e-06 5.2750e-07 1.1891e-06 5.2710e-06
8.8756e-06 9.4607e-08 1.0779e-06 3.5607e-07 1.3623e-06 3.9154e-06
6.9774e-06 7.0184e-08 9.6281e-07 1.3807e-07 1.7397e-06 2.7183e-06
5.5832e-06 5.8939e-08 8.8071e-07 1.1439e-07 2.0964e-06 1.5775e-06
4.5502e-06 6.5486e-08 8.2475e-07 6.0940e-07 1.8718e-06 6.6554e-07
3.7752e-06 8.2986e-08 7.9119e-07 1.0178e-06 1.4031e-06 2.0395e-07
3.1908e-06 9.7866e-08 7.7955e-07 1.0614e-06 1.0797e-06 4.6568e-08
2.7506e-06 9.9065e-08 7.9276e-07 9.2554e-07 8.7406e-07 7.9559e-09
1.5679e-06 2.0564e-08 6.5868e-07 2.3990e-07 4.1198e-07 1.5069e-07
1.7459e-06 1.2935e-08 8.3400e-07 2.1430e-07 4.6183e-07 1.2637e-07
1.9578e-06 4.2208e-09 1.0133e-06 2.0424e-07 5.2616e-07 9.9487e-08
6.4579e-06 4.9499e-08 5.8802e-07 1.4661e-07 5.9715e-07 6.2584e-06
5.9903e-06 9.0717e-08 4.0759e-07 1.9169e-07 6.1060e-07 5.0440e-06
5.2042e-06 1.3173e-07 3.4510e-07 1.4468e-07 7.7050e-07 3.9850e-06
4.3873e-06 1.7512e-07 3.3888e-07 6.8444e-08 1.0840e-06 2.9787e-06
3.6601e-06 2.2048e-07 3.5606e-07 8.3169e-08 1.4980e-06 1.9223e-06
3.0596e-06 2.6097e-07 3.8200e-07 4.2578e-07 1.6198e-06 9.3942e-07
2.5861e-06 2.8781e-07 4.1249e-07 8.8819e-07 1.3059e-06 3.5512e-07
2.2242e-06 2.9556e-07 4.4920e-07 1.0558e-06 9.9219e-07 1.2595e-07
1.9527e-06 2.8331e-07 4.9781e-07 9.9757e-07 7.8590e-07 5.6025e-08
1.5350e-06 1.1952e-07 5.7507e-07 2.5232e-07 4.4495e-07 1.4709e-07
1.7142e-06 1.1165e-07 7.3559e-07 2.3492e-07 4.9419e-07 1.2554e-07
1.9392e-06 9.1742e-08 9.1990e-07 2.1118e-07 5.5898e-07 1.0006e-07
2.2075e-06 6.7409e-08 1.0786e-06 2.3564e-07 6.3892e-07 7.2795e-08
2.5175e-06 4.8609e-08 1.1894e-06 3.3451e-07 7.3610e-07 4.6269e-08
2.8766e-06 4.0669e-08 1.2845e-06 4.7616e-07 8.5799e-07 2.3030e-08
3.3050e-06 4.4006e-08 1.3939e-06 6.2273e-07 1.0206e-06 8.4939e-09
3.8337e-06 5.8454e-08 1.5318e-06 7.3093e-07 1.2529e-06 2.0294e-08
4.5074e-06 8.3507e-08 1.7061e-06 7.2222e-07 1.5935e-06 1.1270e-07
5.3911e-06 1.1493e-07 1.9237e-06 5.1145e-07 2.0157e-06 4.1938e-07
6.5720e-06 1.4390e-07 2.1888e-06 2.4817e-07 2.2268e-06 1.1121e-06
8.1502e-06 1.6109e-07 2.4967e-06 2.1183e-07 2.0240e-06 2.1503e-06
1.0203e-05 1.6380e-07 2.8203e-06 3.4030e-07 1.6922e-06 3.3522e-06
1.2687e-05 1.5953e-07 3.0938e-06 5.3896e-07 1.3851e-06 4.6960e-06
2.7635e-06 2.6256e-08 4.4652e-07 5.5024e-08 3.0050e-07 4.4329e-06
2.7639e-06 1.1529e-07 2.3659e-07 5.1690e-08 3.9597e-07 3.7042e-06
2.5214e-06 2.4167e-07 1.3711e-07 4.0476e-08 5.8682e-07 2.9806e-06
2.1979e-06 3.5609e-07 1.0710e-07 7.8969e-08 8.8923e-07 2.1758e-06
1.8917e-06 4.3057e-07 1.1715e-07 3.0601e-07 1.1535e-06 1.2868e-06
1.6401e-06 4.6343e-07 1.4897e-07 7.1701e-07 1.0884e-06 5.9557e-07
1.4460e-06 4.6512e-07 1.9380e-07 9.7788e-07 8.5923e-07 2.5794e-07
1.3004e-06 4.4599e-07 2.5059e-07 1.0094e-06 6.7594e-07 1.3048e-07
1.4444e-06 2.6133e-07 4.9000e-07 2.5388e-07 4.6129e-07 1.4967e-07
1.6093e-06 2.6161e-07 6.3395e-07 2.4441e-07 5.0651e-07 1.3464e-07
1.8227e-06 2.4707e-07 8.0823e-07 2.2033e-07 5.6767e-07 1.1367e-07
2.0857e-06 2.2030e-07 9.8012e-07 2.1942e-07 6.4341e-07 8.9208e-08
2.3941e-06 1.9132e-07 1.1115e-06 2.8411e-07 7.3409e-07 6.3926e-08
2.7445e-06 1.7245e-07 1.2130e-06 4.0672e-07 8.4359e-07 3.9973e-08
3.1444e-06 1.7053e-07 1.3155e-06 5.5524e-07 9.8100e-07 1.9753e-08
3.6164e-06 1.8498e-07 1.4380e-06 7.0150e-07 1.1623e-06 9.2802e-09
4.1983e-06 2.0934e-07 1.5896e-06 8.0933e-07 1.4112e-06 2.7002e-08
4.9418e-06 2.3308e-07 1.7747e-06 8.1836e-07 1.7458e-06 1.2678e-07
5.9067e-06 2.4582e-07 1.9920e-06 6.7649e-07 2.0993e-06 4.4219e-07
7.1466e-06 2.4421e-07 2.2275e-06 4.9451e-07 2.1857e-06 1.1635e-06
8.6774e-06 2.3573e-07 2.4463e-06 5.0332e-07 1.8192e-06 2.2573e-06
1.3342e-06 1.6037e-08 4.4655e-07 2.0551e-08 1.9369e-07 3.2415e-06
1.3638e-06 1.4628e-07 2.4278e-07 3.1756e-08 2.9133e-07 2.7595e-06
1.2403e-06 3.2332e-07 1.1880e-07 7.5485e-08 4.7000e-07 2.2077e-06
1.0949e-06 4.5482e-07 5.4675e-08 2.3095e-07 7.0282e-07 1.5277e-06
9.7470e-07 5.2466e-07 3.3904e-08 5.5554e-07 8.0300e-07 8.4197e-07
8.8431e-07 5.4912e-07 4.3980e-08 8.5788e-07 6.9892e-07 4.0634e-07
8.1829e-07 5.4567e-07 7.7340e-08 9.7088e-07 5.6017e-07 2.1054e-07
1.3259e-06 4.3685e-07 3.9307e-07 2.4835e-07 4.6407e-07 1.5485e-07
1.4712e-06 4.4524e-07 5.2173e-07 2.4341e-07 5.0379e-07 1.4852e-07
1.6612e-06 4.4113e-07 6.8023e-07 2.2295e-07 5.5935e-07 1.3408e-07
1.9006e-06 4.2250e-07 8.5021e-07 2.0991e-07 6.2865e-07 1.1410e-07
2.1877e-06 3.9434e-07 9.9282e-07 2.4761e-07 7.1062e-07 9.1380e-08
2.5148e-06 3.6897e-07 1.0972e-06 3.5073e-07 8.0644e-07 6.8111e-08
2.8784e-06 3.5775e-07 1.1886e-06 4.9592e-07 9.2038e-07 4.5948e-08
3.2900e-06 3.6252e-07 1.2902e-06 6.5854e-07 1.0605e-06 2.7321e-08
3.7774e-06 3.7505e-07 1.4127e-06 8.1780e-07 1.2387e-06 1.8937e-08
4.3794e-06 3.8265e-07 1.5592e-06 9.4365e-07 1.4689e-06 4.0883e-08
5.1352e-06 3.7647e-07 1.7244e-06 9.8578e-07 1.7482e-06 1.5069e-07
6.0703e-06 3.5826e-07 1.8900e-06 8.9840e-07 1.9831e-06 4.8996e-07
7.0190e-07 1.2884e-08 4.5677e-07 2.4498e-08 1.3835e-07 2.4298e-06
6.8190e-07 1.7425e-07 2.7680e-07 6.4817e-08 2.2833e-07 2.0719e-06
6.0118e-07 3.4717e-07 1.5012e-07 1.7607e-07 3.8145e-07 1.6014e-06
5.4394e-07 4.5879e-07 6.7521e-08 4.2167e-07 5.2621e-07 1.0223e-06
5.0784e-07 5.2270e-07 2.1624e-08 7.2226e-07 5.3147e-07 5.4068e-07
4.8534e-07 5.5504e-07 6.9939e-09 8.9645e-07 4.4867e-07 2.8192e-07
1.1957e-06 6.4141e-07 2.8239e-07 2.3860e-07 4.5485e-07 1.6211e-07
1.3218e-06 6.5637e-07 3.9502e-07 2.3437e-07 4.8885e-07 1.6539e-07
1.4856e-06 6.6217e-07 5.3544e-07 2.1712e-07 5.3809e-07 1.5842e-07
1.6935e-06 6.5484e-07 6.9441e-07 1.9928e-07 5.9998e-07 1.4396e-07
1.9470e-06 6.3424e-07 8.3945e-07 2.1694e-07 6.7252e-07 1.2492e-07
2.2396e-06 6.0823e-07 9.4440e-07 3.0006e-07 7.5501e-07 1.0370e-07
2.5618e-06 5.8845e-07 1.0240e-06 4.3702e-07 8.4857e-07 8.1985e-08
2.9145e-06 5.7954e-07 1.1040e-06 6.0323e-07 9.5633e-07 6.1294e-08
3.3153e-06 5.7457e-07 1.1981e-06 7.8166e-07 1.0833e-06 4.4581e-08
3.7918e-06 5.6129e-07 1.3095e-06 9.5574e-07 1.2354e-06 4.0050e-08
4.3705e-06 5.3280e-07 1.4318e-06 1.0979e-06 1.4151e-06 7.0990e-08
3.8988e-07 1.6608e-08 4.5756e-07 4.7615e-08 1.0510e-07 1.8495e-06
3.2826e-07 1.8914e-07 3.0472e-07 1.2955e-07 1.8700e-07 1.5438e-06
2.8625e-07 3.2282e-07 1.8707e-07 3.1451e-07 3.0756e-07 1.1069e-06
2.7210e-07 4.1155e-07 9.9928e-08 5.8912e-07 3.7523e-07 6.4040e-07
2.6920e-07 4.7506e-07 4.0199e-08 8.0089e-07 3.4766e-07 3.3597e-07
1.0625e-06 8.5516e-07 1.7649e-07 2.2621e-07 4.3474e-07 1.7228e-07
1.1743e-06 8.7672e-07 2.6753e-07 2.1933e-07 4.6367e-07 1.8514e-07
1.3153e-06 8.9138e-07 3.8554e-07 2.0369e-07 5.0676e-07 1.8553e-07
1.4919e-06 8.9479e-07 5.2642e-07 1.8473e-07 5.6118e-07 1.7664e-07
1.7079e-06 8.8389e-07 6.6586e-07 1.8872e-07 6.2445e-07 1.6161e-07
1.9598e-06 8.6146e-07 7.6937e-07 2.5288e-07 6.9476e-07 1.4302e-07
2.2373e-06 8.3589e-07 8.3861e-07 3.7854e-07 7.7131e-07 1.2277e-07
2.5349e-06 8.1252e-07 9.0064e-07 5.4085e-07 8.5444e-07 1.0225e-07
2.8609e-06 7.8661e-07 9.7292e-07 7.2174e-07 9.4539e-07 8.3181e-08
3.2343e-06 7.4807e-07 1.0598e-06 9.0917e-07 1.0458e-06 6.9384e-08
2.1570e-07 3.0532e-08 4.4951e-07 8.8980e-08 8.3977e-08 1.4077e-06
1.5114e-07 1.8005e-07 3.2126e-07 2.2916e-07 1.5837e-07 1.1043e-06
1.3669e-07 2.7541e-07 2.1658e-07 4.6929e-07 2.4192e-07 6.9656e-07
1.3866e-07 3.4976e-07 1.3267e-07 6.9745e-07 2.5960e-07 3.6877e-07
9.2782e-07 1.0558e-06 9.9840e-08 2.1161e-07 4.0440e-07 1.8723e-07
1.0353e-06 1.0783e-06 1.6568e-07 1.9935e-07 4.2968e-07 2.0877e-07
1.1617e-06 1.0985e-06 2.5638e-07 1.8371e-07 4.6754e-07 2.1537e-07
1.3137e-06 1.1098e-06 3.7201e-07 1.6567e-07 5.1521e-07 2.1105e-07
1.4962e-06 1.1069e-06 4.9681e-07 1.6205e-07 5.7006e-07 1.9932e-07
1.7080e-06 1.0889e-06 5.9456e-07 2.1069e-07 6.2978e-07 1.8301e-07
1.9412e-06 1.0597e-06 6.5447e-07 3.2467e-07 6.9262e-07 1.6416e-07
2.1881e-06 1.0229e-06 7.0360e-07 4.7914e-07 7.5743e-07 1.4418e-07
2.4514e-06 9.7551e-07 7.6266e-07 6.5364e-07 8.2371e-07 1.2432e-07
1.1456e-07 4.3754e-08 4.3622e-07 1.6376e-07 7.0528e-08 1.0347e-06
7.2451e-08 1.5156e-07 3.2850e-07 3.6975e-07 1.3653e-07 7.0780e-07
6.8229e-08 2.2501e-07 2.3683e-07 5.9801e-07 1.8371e-07 3.7950e-07
7.8466e-07 1.2458e-06 5.6945e-08 1.9421e-07 3.6356e-07 2.1036e-07
9.0433e-07 1.2498e-06 1.0223e-07 1.7469e-07 3.8740e-07 2.3841e-07
1.0287e-06 1.2627e-06 1.6724e-07 1.5779e-07 4.2181e-07 2.4881e-07
1.1676e-06 1.2730e-06 2.5460e-07 1.4191e-07 4.6419e-07 2.4690e-07
1.3266e-06 1.2719e-06 3.5626e-07 1.3679e-07 5.1209e-07 2.3680e-07
1.5063e-06 1.2548e-06 4.3992e-07 1.7675e-07 5.6317e-07 2.2153e-07
1.7009e-06 1.2216e-06 4.8748e-07 2.8209e-07 6.1535e-07 2.0322e-07
1.9041e-06 1.1731e-06 5.2679e-07 4.2698e-07 6.6693e-07 1.8327e-07
6.7476e-08 4.0264e-08 4.2095e-07 2.9926e-07 6.2185e-08 6.7022e-07
4.0586e-08 1.1918e-07 3.3005e-07 5.1432e-07 1.1674e-07 3.6790e-07
6.0954e-07 1.4553e-06 3.6923e-08 1.7219e-07 3.0968e-07 2.4826e-07
7.7168e-07 1.4053e-06 6.9907e-08 1.4519e-07 3.3574e-07 2.7796e-07
9.1216e-07 1.3883e-06 1.1709e-07 1.2640e-07 3.6978e-07 2.8767e-07
1.0521e-06 1.3809e-06 1.8021e-07 1.1339e-07 4.0926e-07 2.8465e-07
1.2007e-06 1.3696e-06 2.5403e-07 1.1330e-07 4.5230e-07 2.7346e-07
1.3599e-06 1.3460e-06 3.1135e-07 1.5667e-07 4.9698e-07 2.5724e-07
1.5264e-06 1.3057e-06 3.3928e-07 2.5999e-07 5.4136e-07 2.3808e-07
4.6949e-08 3.0323e-08 4.0656e-07 4.6019e-07 5.6717e-08 3.2860e-07
3.4114e-07 1.7481e-06 2.8594e-08 1.4189e-07 2.3525e-07 3.1411e-07
6.1047e-07 1.5782e-06 5.5892e-08 1.1056e-07 2.7017e-07 3.3471e-07
7.9696e-07 1.4975e-06 9.3893e-08 9.0526e-08 3.0973e-07 3.3523e-07
9.5575e-07 1.4509e-06 1.4027e-07 8.1172e-08 3.5027e-07 3.2541e-07
1.1069e-06 1.4147e-06 1.8390e-07 9.4490e-08 3.9137e-07 3.0925e-07
1.2566e-06 1.3757e-06 2.0045e-07 1.5864e-07 4.3221e-07 2.8938e-07
1.2975e-08 2.0849e-06 2.5130e-08 9.9265e-08 1.3887e-07 4.1503e-07
3.5238e-07 1.8364e-06 5.0487e-08 7.1442e-08 1.7779e-07 4.2331e-07
6.4974e-07 1.6281e-06 8.5390e-08 5.2682e-08 2.3603e-07 3.9776e-07
8.5619e-07 1.5120e-06 1.1977e-07 5.0406e-08 2.8516e-07 3.7143e-07
1.0241e-06 1.4350e-06 1.2965e-07 8.8197e-08 3.2872e-07 3.4461e-07
2.8124e-09 2.1678e-06 4.7399e-08 3.2659e-08 5.6633e-08 5.4356e-07
3.9292e-07 1.8558e-06 8.0231e-08 1.9563e-08 1.3346e-07 4.8961e-07
7.1589e-07 1.6042e-06 9.8625e-08 3.4525e-08 2.0840e-07 4.2763e-07
1.5455e-08 2.0841e-08 4.3133e-07 3.4912e-07 2.8884e-08 3.8222e-08
5.5336e-06 7.1966e-08 5.3191e-07 6.8041e-08 8.8983e-07 4.0260e-06
4.8860e-06 1.1337e-07 4.0368e-07 4.0819e-08 1.1671e-06 3.1093e-06
4.1993e-06 1.4835e-07 3.4431e-07 9.9628e-08 1.5541e-06 2.0874e-06
3.5723e-06 1.7947e-07 3.2747e-07 3.5703e-07 1.7941e-06 1.0939e-06
3.0396e-06 2.0804e-07 3.3520e-07 7.3567e-07 1.6368e-06 4.4305e-07
2.6070e-06 2.2978e-07 3.5853e-07 9.7377e-07 1.3127e-06 1.5236e-07
2.2681e-06 2.3776e-07 3.9591e-07 1.0118e-06 1.0420e-06 4.7346e-08
1.1610e-06 5.9120e-08 4.7922e-07 1.7211e-07 3.2678e-07 2.5359e-07
1.2676e-06 5.5407e-08 6.0928e-07 1.5867e-07 3.6172e-07 2.3900e-07
1.4049e-06 4.3069e-08 7.6549e-07 1.3423e-07 4.1014e-07 2.1580e-07
1.5685e-06 2.7627e-08 9.1656e-07 1.3309e-07 4.7172e-07 1.8545e-07
2.7575e-06 4.1400e-08 3.2096e-07 2.9811e-08 6.0055e-07 2.9900e-06
2.5548e-06 1.2533e-07 1.9253e-07 8.4244e-08 8.4856e-07 2.2941e-06
2.2604e-06 2.2974e-07 1.2867e-07 2.5361e-07 1.1528e-06 1.4677e-06
1.9600e-06 3.2114e-07 1.1026e-07 5.5472e-07 1.2776e-06 7.2480e-07
1.7013e-06 3.8070e-07 1.2216e-07 8.3528e-07 1.1340e-06 3.0042e-07
1.4996e-06 4.0536e-07 1.5542e-07 9.6045e-07 9.2052e-07 1.2332e-07
1.0932e-06 1.8388e-07 3.9945e-07 1.7807e-07 3.3816e-07 2.4603e-07
1.1891e-06 1.8492e-07 5.1792e-07 1.6805e-07 3.7044e-07 2.3790e-07
1.3226e-06 1.7116e-07 6.6366e-07 1.4433e-07 4.1677e-07 2.1942e-07
1.4927e-06 1.4440e-07 8.1946e-07 1.2699e-07 4.7590e-07 1.9252e-07
1.6916e-06 1.1319e-07 9.4571e-07 1.5816e-07 5.4629e-07 1.6047e-07
1.9093e-06 8.8470e-08 1.0275e-06 2.5398e-07 6.2778e-07 1.2704e-07
2.1431e-06 7.5494e-08 1.0907e-06 3.8669e-07 7.2388e-07 9.5883e-08
2.3988e-06 7.3042e-08 1.1597e-06 5.2394e-07 8.4324e-07 7.1977e-08
2.6881e-06 7.8531e-08 1.2444e-06 6.3677e-07 9.9916e-07 6.7106e-08
3.0247e-06 9.0848e-08 1.3456e-06 6.8754e-07 1.1999e-06 1.1455e-07
3.4240e-06 1.1049e-07 1.4585e-06 6.3661e-07 1.4052e-06 3.0082e-07
3.8972e-06 1.4061e-07 1.5716e-06 5.0128e-07 1.4552e-06 7.7541e-07
4.4376e-06 1.8791e-07 1.6677e-06 3.8900e-07 1.2167e-06 1.5695e-06
1.4948e-06 2.6934e-08 2.9482e-07 7.0930e-08 4.3584e-07 2.2267e-06
1.3914e-06 1.5829e-07 1.6305e-07 1.9069e-07 6.3911e-07 1.6616e-06
1.2107e-06 3.1882e-07 8.1690e-08 4.1788e-07 8.4929e-07 1.0003e-06
1.0490e-06 4.3437e-07 4.1152e-08 6.8978e-07 8.8575e-07 4.8284e-07
9.3146e-07 4.9464e-07 3.3384e-08 8.7161e-07 7.6874e-07 2.1982e-07
9.8348e-07 3.6516e-07 3.0719e-07 1.8172e-07 3.3657e-07 2.3953e-07
1.0646e-06 3.7282e-07 4.1440e-07 1.7280e-07 3.6448e-07 2.3969e-07
1.1831e-06 3.6496e-07 5.4762e-07 1.5109e-07 4.0633e-07 2.2784e-07
1.3416e-06 3.4001e-07 6.9893e-07 1.2660e-07 4.6013e-07 2.0637e-07
1.5364e-06 3.0175e-07 8.3706e-07 1.3301e-07 5.2355e-07 1.7854e-07
1.7553e-06 2.6194e-07 9.3188e-07 2.0240e-07 5.9502e-07 1.4787e-07
1.9844e-06 2.3377e-07 9.9534e-07 3.2313e-07 6.7523e-07 1.1751e-07
2.2192e-06 2.2324e-07 1.0551e-06 4.6453e-07 7.6806e-07 9.0541e-08
2.4654e-06 2.2927e-07 1.1255e-06 6.0316e-07 8.8055e-07 7.2248e-08
2.7358e-06 2.4812e-07 1.2087e-06 7.1684e-07 1.0202e-06 7.5901e-08
3.0464e-06 2.7701e-07 1.2992e-06 7.7574e-07 1.1828e-06 1.3713e-07
3.4082e-06 3.1747e-07 1.3853e-06 7.4785e-07 1.3154e-06 3.4219e-07
8.5948e-07 2.5504e-08 3.0863e-07 1.4467e-07 3.3057e-07 1.6486e-06
7.4989e-07 2.0286e-07 1.8343e-07 3.1642e-07 4.9123e-07 1.1637e-06
6.2456e-07 3.7032e-07 9.4100e-08 5.5673e-07 6.1712e-07 6.5212e-07
5.4957e-07 4.7030e-07 3.6574e-08 7.6423e-07 6.0384e-07 3.1706e-07
8.4769e-07 5.8648e-07 2.1000e-07 1.8368e-07 3.2254e-07 2.3609e-07
9.1853e-07 5.9933e-07 3.0188e-07 1.7331e-07 3.4581e-07 2.4525e-07
1.0209e-06 5.9897e-07 4.1915e-07 1.5314e-07 3.8254e-07 2.4054e-07
1.1588e-06 5.8295e-07 5.5897e-07 1.2656e-07 4.3014e-07 2.2499e-07
1.3333e-06 5.5060e-07 6.9967e-07 1.1657e-07 4.8584e-07 2.0192e-07
1.5361e-06 5.0891e-07 8.0444e-07 1.6158e-07 5.4726e-07 1.7466e-07
1.7501e-06 4.7238e-07 8.6809e-07 2.6789e-07 6.1337e-07 1.4609e-07
1.9613e-06 4.5343e-07 9.1786e-07 4.0754e-07 6.8509e-07 1.1863e-07
2.1679e-06 4.5494e-07 9.7325e-07 5.5654e-07 7.6536e-07 9.5154e-08
2.3805e-06 4.7245e-07 1.0387e-06 6.9912e-07 8.5823e-07 8.1435e-08
2.6150e-06 5.0075e-07 1.1096e-06 8.1754e-07 9.6537e-07 9.1817e-08
5.0097e-07 4.4279e-08 3.2402e-07 2.4084e-07 2.5901e-07 1.1869e-06
3.8350e-07 2.3400e-07 2.1122e-07 4.4437e-07 3.8019e-07 7.6515e-07
3.1681e-07 3.6273e-07 1.2292e-07 6.5379e-07 4.4106e-07 3.9968e-07
6.8885e-07 8.2787e-07 1.2921e-07 1.8368e-07 2.9634e-07 2.3851e-07
7.6398e-07 8.3696e-07 2.0005e-07 1.6948e-07 3.1582e-07 2.5638e-07
8.5869e-07 8.4040e-07 2.9537e-07 1.4972e-07 3.4812e-07 2.5809e-07
9.7878e-07 8.3336e-07 4.1587e-07 1.2384e-07 3.9003e-07 2.4772e-07
1.1282e-06 8.1213e-07 5.4869e-07 1.0487e-07 4.3859e-07 2.2885e-07
1.3037e-06 7.7868e-07 6.5771e-07 1.2952e-07 4.9115e-07 2.0471e-07
1.4915e-06 7.4355e-07 7.2098e-07 2.2047e-07 5.4578e-07 1.7803e-07
1.6746e-06 7.2016e-07 7.6163e-07 3.5456e-07 6.0180e-07 1.5093e-07
1.8455e-06 7.1457e-07 8.0454e-07 5.0457e-07 6.5980e-07 1.2539e-07
2.0110e-06 7.2340e-07 8.5693e-07 6.5636e-07 7.2134e-07 1.0428e-07
2.7980e-07 7.4590e-08 3.3255e-07 3.5684e-07 2.0759e-07 7.9793e-07
1.9912e-07 2.2124e-07 2.3372e-07 5.5242e-07 2.9219e-07 4.5647e-07
4.9341e-07 1.0914e-06 7.7376e-08 1.8064e-07 2.5789e-07 2.5041e-07
6.0197e-07 1.0676e-06 1.2785e-07 1.6073e-07 2.7504e-07 2.7583e-07
7.0636e-07 1.0600e-06 1.9902e-07 1.4009e-07 3.0470e-07 2.8201e-07
8.2076e-07 1.0534e-06 2.9425e-07 1.1625e-07 3.4251e-07 2.7487e-07
9.5280e-07 1.0390e-06 4.0853e-07 9.4741e-08 3.8546e-07 2.5861e-07
1.1029e-06 1.0141e-06 5.1215e-07 1.0573e-07 4.3100e-07 2.3644e-07
1.2617e-06 9.8433e-07 5.7097e-07 1.8367e-07 4.7699e-07 2.1097e-07
1.4149e-06 9.5988e-07 6.0240e-07 3.1106e-07 5.2199e-07 1.8413e-07
1.5534e-06 9.4682e-07 6.3631e-07 4.5643e-07 5.6551e-07 1.5746e-07
1.6590e-07 7.6547e-08 3.3468e-07 4.7047e-07 1.6774e-07 4.7641e-07
2.3192e-07 1.4083e-06 5.0078e-08 1.7238e-07 2.0733e-07 2.7605e-07
4.1986e-07 1.3011e-06 8.6555e-08 1.4615e-07 2.2269e-07 3.0777e-07
5.6087e-07 1.2521e-06 1.3859e-07 1.2366e-07 2.5245e-07 3.1490e-07
6.8838e-07 1.2262e-06 2.0968e-07 1.0209e-07 2.8886e-07 3.0762e-07
8.1840e-07 1.2046e-06 2.9928e-07 8.3196e-08 3.2858e-07 2.9124e-07
9.5526e-07 1.1788e-06 3.8546e-07 9.0363e-08 3.6946e-07 2.6905e-07
1.0937e-06 1.1493e-06 4.2978e-07 1.6327e-07 4.0959e-07 2.4344e-07
1.2230e-06 1.1215e-06 4.4924e-07 2.8530e-07 4.4748e-07 2.1614e-07
2.3733e-09 1.6835e-06 3.7477e-08 1.5499e-07 1.5228e-07 3.1371e-07
1.9463e-07 1.5651e-06 6.6418e-08 1.2459e-07 1.5747e-07 3.5700e-07
4.0394e-07 1.4383e-06 1.0729e-07 1.0032e-07 1.8970e-07 3.6075e-07
5.6999e-07 1.3631e-06 1.6127e-07 8.0681e-08 2.2872e-07 3.4803e-07
7.1732e-07 1.3124e-06 2.2639e-07 6.8375e-08 2.6858e-07 3.2742e-07
8.5684e-07 1.2703e-06 2.8174e-07 8.6522e-08 3.0766e-07 3.0225e-07
9.8787e-07 1.2309e-06 2.9574e-07 1.6952e-07 3.4475e-07 2.7454e-07
2.2894e-09 1.7848e-06 5.7691e-08 9.5140e-08 9.1507e-08 4.1454e-07
2.0194e-07 1.6565e-06 9.4099e-08 7.0873e-08 1.1417e-07 4.2346e-07
4.3756e-07 1.4974e-06 1.3882e-07 5.3226e-08 1.5986e-07 3.9923e-07
6.2696e-07 1.3891e-06 1.8097e-07 5.3056e-08 2.0454e-07 3.6849e-07
7.8505e-07 1.3127e-06 1.9014e-07 1.0248e-07 2.4542e-07 3.3623e-07
5.7266e-09 1.8557e-06 8.9747e-08 3.8057e-08 4.2806e-08 4.8628e-07
2.4717e-07 1.6765e-06 1.2841e-07 2.5718e-08 8.0192e-08 4.6334e-07
5.1259e-07 1.4747e-06 1.4249e-07 4.9676e-08 1.3419e-07 4.1644e-07
3.0495e-08 4.9561e-08 4.0195e-07 3.4138e-07 4.1103e-08 7.0459e-08
2.4521e-06 6.0818e-08 2.4928e-07 2.3253e-07 1.1518e-06 1.4889e-06
2.2179e-06 1.4431e-07 1.5699e-07 4.8680e-07 1.3409e-06 7.8313e-07
1.9555e-06 2.3805e-07 1.1060e-07 7.4429e-07 1.2855e-06 3.3358e-07
1.7155e-06 3.1348e-07 1.0007e-07 9.0404e-07 1.0961e-06 1.2822e-07
8.2959e-07 1.4186e-07 3.2161e-07 1.4636e-07 2.2176e-07 3.1222e-07
8.7418e-07 1.4851e-07 4.2027e-07 1.3291e-07 2.4359e-07 3.1444e-07
9.4859e-07 1.4123e-07 5.4329e-07 1.0814e-07 2.7610e-07 3.0532e-07
1.0524e-06 1.2060e-07 6.8404e-07 7.9990e-08 3.1916e-07 2.8551e-07
1.1782e-06 9.3479e-08 8.1339e-07 7.9127e-08 3.7192e-07 2.5682e-07
1.4594e-06 3.9681e-08 2.0820e-07 3.6456e-07 8.4000e-07 1.0414e-06
1.3104e-06 1.7298e-07 1.1338e-07 5.9410e-07 9.5281e-07 5.3050e-07
1.1313e-06 3.1818e-07 5.5096e-08 7.8175e-07 8.9879e-07 2.3252e-07
7.3456e-07 3.1627e-07 2.3772e-07 1.5605e-07 2.1076e-07 3.0448e-07
7.6442e-07 3.3343e-07 3.2565e-07 1.4295e-07 2.3047e-07 3.1225e-07
8.2789e-07 3.3134e-07 4.3724e-07 1.2021e-07 2.6128e-07 3.0692e-07
9.2582e-07 3.1012e-07 5.7093e-07 8.9749e-08 3.0202e-07 2.9006e-07
1.0548e-06 2.7298e-07 7.0791e-07 7.1266e-08 3.5113e-07 2.6378e-07
1.2028e-06 2.3040e-07 8.1154e-07 1.0242e-07 4.0653e-07 2.3120e-07
1.3531e-06 1.9620e-07 8.7135e-07 1.9374e-07 4.6675e-07 1.9611e-07
1.4954e-06 1.7794e-07 9.1381e-07 3.1648e-07 5.3231e-07 1.6242e-07
1.6274e-06 1.7634e-07 9.6091e-07 4.4215e-07 6.0639e-07 1.3488e-07
1.7497e-06 1.9304e-07 1.0186e-06 5.5120e-07 6.9339e-07 1.2236e-07
1.8609e-06 2.3545e-07 1.0835e-06 6.2371e-07 7.9185e-07 1.4642e-07
1.9603e-06 3.1287e-07 1.1472e-06 6.3692e-07 8.7447e-07 2.5862e-07
8.9947e-07 4.5167e-08 2.1619e-07 4.7592e-07 6.1356e-07 7.0413e-07
7.5695e-07 2.2375e-07 1.2239e-07 6.6239e-07 6.7213e-07 3.4944e-07
5.7841e-07 5.5753e-07 1.5970e-07 1.6382e-07 1.9014e-07 2.9920e-07
6.0960e-07 5.7420e-07 2.3160e-07 1.4922e-07 2.0693e-07 3.1355e-07
6.6911e-07 5.7378e-07 3.2677e-07 1.2800e-07 2.3544e-07 3.1242e-07
7.5729e-07 5.5704e-07 4.4650e-07 9.8616e-08 2.7296e-07 2.9896e-07
8.7503e-07 5.2351e-07 5.8088e-07 7.0947e-08 3.1734e-07 2.7577e-07
1.0163e-06 4.7812e-07 6.9664e-07 7.8566e-08 3.6616e-07 2.4581e-07
1.1644e-06 4.3463e-07 7.6545e-07 1.4997e-07 4.1728e-07 2.1230e-07
1.2999e-06 4.0884e-07 8.0507e-07 2.6645e-07 4.6983e-07 1.7834e-07
1.4108e-06 4.1023e-07 8.4335e-07 3.9657e-07 5.2472e-07 1.4698e-07
1.4934e-06 4.4329e-07 8.9015e-07 5.2227e-07 5.8432e-07 1.2247e-07
1.5519e-06 5.1009e-07 9.4300e-07 6.3106e-07 6.5021e-07 1.1364e-07
5.3991e-07 8.4808e-08 2.3414e-07 5.5787e-07 4.4447e-07 4.5400e-07
3.3972e-07 8.7454e-07 1.0201e-07 1.6824e-07 1.6129e-07 2.9883e-07
4.1501e-07 8.5056e-07 1.5569e-07 1.5062e-07 1.7367e-07 3.2134e-07
4.9458e-07 8.3180e-07 2.3007e-07 1.2988e-07 1.9994e-07 3.2422e-07
5.8429e-07 8.1222e-07 3.2885e-07 1.0315e-07 2.3463e-07 3.1352e-07
6.9095e-07 7.8470e-07 4.4934e-07 7.3217e-08 2.7471e-07 2.9286e-07
8.1488e-07 7.4791e-07 5.6696e-07 6.4494e-08 3.1771e-07 2.6521e-07
9.4518e-07 7.1025e-07 6.4146e-07 1.1694e-07 3.6135e-07 2.3340e-07
1.0621e-06 6.8782e-07 6.7686e-07 2.2566e-07 4.0411e-07 1.9997e-07
1.1483e-06 6.9485e-07 7.0613e-07 3.5524e-07 4.4569e-07 1.6716e-07
1.1989e-06 7.3654e-07 7.4346e-07 4.8591e-07 4.8691e-07 1.3737e-07
9.0958e-08 1.1913e-06 6.6964e-08 1.6699e-07 1.3045e-07 3.0170e-07
1.8810e-07 1.1464e-06 1.0604e-07 1.4581e-07 1.3283e-07 3.3727e-07
3.1437e-07 1.0819e-06 1.6131e-07 1.2458e-07 1.5592e-07 3.4457e-07
4.2627e-07 1.0401e-06 2.3711e-07 1.0071e-07 1.8877e-07 3.3520e-07
5.3611e-07 1.0069e-06 3.3546e-07 7.3329e-08 2.2604e-07 3.1543e-07
6.5024e-07 9.7383e-07 4.4215e-07 5.7322e-08 2.6494e-07 2.8875e-07
7.6344e-07 9.4305e-07 5.1355e-07 9.6375e-08 3.0336e-07 2.5777e-07
8.6057e-07 9.2612e-07 5.4018e-07 1.9917e-07 3.3968e-07 2.2465e-07
9.2606e-07 9.3562e-07 5.6033e-07 3.2526e-07 3.7308e-07 1.9112e-07
2.0766e-08 1.3705e-06 7.8361e-08 1.3324e-07 9.3902e-08 3.5577e-07
1.3435e-07 1.3154e-06 1.2068e-07 1.1139e-07 1.0607e-07 3.7371e-07
2.8098e-07 1.2355e-06 1.7821e-07 8.9749e-08 1.3664e-07 3.6520e-07
4.1319e-07 1.1763e-06 2.5347e-07 6.7357e-08 1.7287e-07 3.4408e-07
5.3498e-07 1.1304e-06 3.3827e-07 5.4102e-08 2.0996e-07 3.1619e-07
6.4514e-07 1.0945e-06 3.9076e-07 9.3258e-08 2.4568e-07 2.8441e-07
7.3381e-07 1.0741e-06 3.9954e-07 1.9662e-07 2.7860e-07 2.5066e-07
9.5750e-09 1.4800e-06 1.0012e-07 9.0300e-08 6.2627e-08 4.0174e-07
1.3574e-07 1.4130e-06 1.4700e-07 7.0194e-08 8.1303e-08 4.0208e-07
3.0280e-07 1.3111e-06 2.0399e-07 5.3621e-08 1.1621e-07 3.7898e-07
4.5154e-07 1.2307e-06 2.5768e-07 5.5745e-08 1.5357e-07 3.4742e-07
5.7504e-07 1.1733e-06 2.6755e-07 1.1948e-07 1.8912e-07 3.1267e-07
2.1218e-08 1.5449e-06 1.3393e-07 4.3828e-08 3.7021e-08 4.3232e-07
1.7986e-07 1.4402e-06 1.7623e-07 3.6021e-08 5.9275e-08 4.1725e-07
3.6926e-07 1.3078e-06 1.8653e-07 7.1676e-08 9.6314e-08 3.8185e-07
4.7336e-08 9.4035e-08 3.7327e-07 3.3748e-07 4.6941e-08 1.0286e-07
1.3718e-06 5.3630e-08 1.4931e-07 7.1548e-07 9.3086e-07 2.4566e-07
5.6871e-07 2.6642e-07 1.8693e-07 1.4797e-07 1.1271e-07 3.3995e-07
5.5930e-07 2.9810e-07 2.5565e-07 1.3399e-07 1.2535e-07 3.5418e-07
5.7963e-07 3.0859e-07 3.4591e-07 1.1312e-07 1.4657e-07 3.5593e-07
6.3150e-07 2.9716e-07 4.5972e-07 8.3084e-08 1.7521e-07 3.4662e-07
7.1169e-07 2.6736e-07 5.8989e-07 5.1074e-08 2.1069e-07 3.2703e-07
8.1019e-07 2.2816e-07 7.0678e-07 4.7053e-08 2.5191e-07 2.9871e-07
3.9442e-07 5.1859e-07 1.2947e-07 1.5580e-07 9.1887e-08 3.3271e-07
3.8153e-07 5.5715e-07 1.8327e-07 1.4124e-07 9.9600e-08 3.5412e-07
4.1041e-07 5.6092e-07 2.5695e-07 1.2243e-07 1.1923e-07 3.5864e-07
4.6619e-07 5.4512e-07 3.5432e-07 9.6047e-08 1.4683e-07 3.5039e-07
5.4485e-07 5.1401e-07 4.7462e-07 6.2784e-08 1.8050e-07 3.3144e-07
6.4215e-07 4.7137e-07 5.9847e-07 4.1811e-08 2.1860e-07 3.0368e-07
7.4512e-07 4.2831e-07 6.8496e-07 7.3741e-08 2.5917e-07 2.6958e-07
8.3398e-07 4.0150e-07 7.2690e-07 1.6484e-07 3.0051e-07 2.3210e-07
8.9123e-07 4.0514e-07 7.5680e-07 2.8004e-07 3.4198e-07 1.9436e-07
9.0406e-07 4.5070e-07 7.9381e-07 3.9464e-07 3.8426e-07 1.5998e-07
8.6488e-07 5.4827e-07 8.3884e-07 4.9788e-07 4.2826e-07 1.3470e-07
1.6977e-07 8.4488e-07 1.2916e-07 1.4222e-07 7.4656e-08 3.5298e-07
2.1141e-07 8.3901e-07 1.8548e-07 1.2465e-07 8.8048e-08 3.6439e-07
2.8847e-07 8.0418e-07 2.6260e-07 1.0223e-07 1.1282e-07 3.5861e-07
3.7399e-07 7.6644e-07 3.6394e-07 7.2573e-08 1.4407e-07 3.4076e-07
4.6649e-07 7.2618e-07 4.8126e-07 4.4253e-08 1.7894e-07 3.1393e-07
5.5947e-07 6.8822e-07 5.7532e-07 5.6201e-08 2.1513e-07 2.8072e-07
6.3580e-07 6.6713e-07 6.1736e-07 1.3616e-07 2.5070e-07 2.4368e-07
6.7387e-07 6.8175e-07 6.3938e-07 2.4992e-07 2.8447e-07 2.0522e-07
6.5892e-07 7.4567e-07 6.6804e-07 3.6655e-07 3.1626e-07 1.6773e-07
6.3457e-08 1.0549e-06 1.3715e-07 1.1868e-07 6.0658e-08 3.6892e-07
1.3366e-07 1.0280e-06 1.9592e-07 9.9602e-08 7.6962e-08 3.7058e-07
2.3240e-07 9.7801e-07 2.7511e-07 7.5600e-08 1.0411e-07 3.5521e-07
3.3032e-07 9.3191e-07 3.7410e-07 4.8820e-08 1.3591e-07 3.2935e-07
4.1949e-07 8.9500e-07 4.6239e-07 5.0524e-08 1.6884e-07 2.9681e-07
4.8690e-07 8.7745e-07 4.9563e-07 1.2470e-07 2.0063e-07 2.6028e-07
5.1486e-07 8.9449e-07 5.0633e-07 2.3691e-07 2.2984e-07 2.2188e-07
3.5793e-08 1.1793e-06 1.5498e-07 8.7638e-08 4.8102e-08 3.7964e-07
1.2152e-07 1.1403e-06 2.1569e-07 6.9022e-08 6.4870e-08 3.7243e-07
2.3256e-07 1.0796e-06 2.9072e-07 5.0478e-08 9.2176e-08 3.4881e-07
3.3202e-07 1.0303e-06 3.5383e-07 6.0183e-08 1.2262e-07 3.1666e-07
4.0398e-07 1.0044e-06 3.6061e-07 1.4368e-07 1.5244e-07 2.8016e-07
4.6609e-08 1.2483e-06 1.8261e-07 5.2682e-08 3.5730e-08 3.8398e-07
1.5311e-07 1.1869e-06 2.3116e-07 4.9461e-08 5.1817e-08 3.6883e-07
2.7138e-07 1.1146e-06 2.4162e-07 9.7166e-08 7.8376e-08 3.3842e-07
6.4540e-08 1.5983e-07 3.4556e-07 3.3013e-07 4.8638e-08 1.3488e-07
2.6201e-07 5.0999e-07 2.0725e-07 1.2252e-07 4.8766e-08 3.6931e-07
2.7909e-07 5.1377e-07 2.8144e-07 1.0361e-07 6.4306e-08 3.6940e-07
3.2684e-07 4.9115e-07 3.7987e-07 7.5490e-08 8.6171e-08 3.5811e-07
3.9175e-07 4.5527e-07 4.9899e-07 4.1874e-08 1.1285e-07 3.3688e-07
4.6238e-07 4.1666e-07 6.0685e-07 3.4442e-08 1.4294e-07 3.0719e-07
1.3268e-07 7.3486e-07 2.1367e-07 1.0700e-07 4.4156e-08 3.6508e-07
1.7992e-07 7.1516e-07 2.9191e-07 8.5807e-08 6.0578e-08 3.5788e-07
2.4738e-07 6.7787e-07 3.9445e-07 5.5766e-08 8.3732e-08 3.3847e-07
3.1594e-07 6.4066e-07 5.0381e-07 3.4793e-08 1.1074e-07 3.0969e-07
3.7001e-07 6.1745e-07 5.6644e-07 7.5869e-08 1.3931e-07 2.7407e-07
3.8982e-07 6.2620e-07 5.8556e-07 1.7405e-07 1.6765e-07 2.3405e-07
3.5662e-07 6.8446e-07 6.0618e-07 2.8102e-07 1.9465e-07 1.9211e-07
8.1724e-08 8.7994e-07 2.2570e-07 8.6150e-08 4.0882e-08 3.5500e-07
1.4328e-07 8.5019e-07 3.0543e-07 6.4810e-08 5.6255e-08 3.4167e-07
2.1312e-07 8.1268e-07 3.9918e-07 4.4627e-08 7.8526e-08 3.1605e-07
2.6654e-07 7.8962e-07 4.5338e-07 7.9764e-08 1.0364e-07 2.8232e-07
2.8507e-07 7.9747e-07 4.5803e-07 1.7920e-07 1.2885e-07 2.4363e-07
7.9100e-08 9.6536e-07 2.4128e-07 6.4719e-08 3.6448e-08 3.4172e-07
1.4769e-07 9.2921e-07 3.0118e-07 6.4056e-08 4.9935e-08 3.2346e-07
2.0795e-07 8.9946e-07 3.1483e-07 1.2385e-07 7.0466e-08 2.9350e-07
8.1005e-08 2.5523e-07 3.1789e-07 3.1082e-07 4.7798e-08 1.6746e-07
1.4233e-07 5.8717e-07 3.0861e-07 8.4350e-08 3.6750e-08 3.3124e-07
1.8440e-07 5.6191e-07 4.0884e-07 5.7121e-08 5.0882e-08 3.1286e-07
2.2233e-07 5.3999e-07 5.0302e-07 5.0259e-08 6.9766e-08 2.8438e-07
1.1412e-07 6.9701e-07 3.1035e-07 7.9887e-08 3.7655e-08 3.0503e-07
1.5133e-07 6.7759e-07 3.8165e-07 8.2456e-08 5.0096e-08 2.8237e-07
1.6819e-07 6.7558e-07 3.9602e-07 1.5555e-07 6.7353e-08 2.5012e-07
9.5371e-08 3.8867e-07 2.8972e-07 2.7272e-07 4.5230e-08 2.0175e-07
1.0561e-07 5.6258e-07 2.6140e-07 2.1645e-07 4.1297e-08 2.3889e-07
