897
0.000000 0.000000 0.000000 0.000061
0.000000 0.000000 0.031250 0.000488
0.000000 0.000000 0.062500 0.000488
0.000000 0.000000 0.093750 0.000488
0.000000 0.000000 0.125000 0.000488
0.000000 0.000000 0.156250 0.000488
0.000000 0.000000 0.187500 0.000488
0.000000 0.000000 0.218750 0.000488
0.000000 0.000000 0.250000 0.000488
0.000000 0.000000 0.281250 0.000488
0.000000 0.000000 0.312500 0.000488
0.000000 0.000000 0.343750 0.000488
0.000000 0.000000 0.375000 0.000488
0.000000 0.000000 0.406250 0.000488
0.000000 0.000000 0.437500 0.000488
0.000000 0.000000 0.468750 0.000488
0.000000 0.000000 -0.500000 0.000244
0.000000 0.031250 0.031250 0.000366
0.000000 0.031250 0.062500 0.001465
0.000000 0.031250 0.093750 0.001465
0.000000 0.031250 0.125000 0.001465
0.000000 0.031250 0.156250 0.001465
0.000000 0.031250 0.187500 0.001465
0.000000 0.031250 0.218750 0.001465
0.000000 0.031250 0.250000 0.001465
0.000000 0.031250 0.281250 0.001465
0.000000 0.031250 0.312500 0.001465
0.000000 0.031250 0.343750 0.001465
0.000000 0.031250 0.375000 0.001465
0.000000 0.031250 0.406250 0.001465
0.000000 0.031250 0.437500 0.001465
0.000000 0.031250 0.468750 0.001465
0.000000 0.031250 -0.500000 0.001465
0.000000 0.031250 -0.468750 0.001465
0.000000 0.031250 -0.437500 0.001465
0.000000 0.031250 -0.406250 0.001465
0.000000 0.031250 -0.375000 0.001465
0.000000 0.031250 -0.343750 0.001465
0.000000 0.031250 -0.312500 0.001465
0.000000 0.031250 -0.281250 0.001465
0.000000 0.031250 -0.250000 0.001465
0.000000 0.031250 -0.218750 0.001465
0.000000 0.031250 -0.187500 0.001465
0.000000 0.031250 -0.156250 0.001465
0.000000 0.031250 -0.125000 0.001465
0.000000 0.031250 -0.093750 0.001465
0.000000 0.031250 -0.062500 0.001465
0.000000 0.031250 -0.031250 0.000732
0.000000 0.062500 0.062500 0.000366
0.000000 0.062500 0.093750 0.001465
0.000000 0.062500 0.125000 0.001465
0.000000 0.062500 0.156250 0.001465
0.000000 0.062500 0.187500 0.001465
0.000000 0.062500 0.218750 0.001465
0.000000 0.062500 0.250000 0.001465
0.000000 0.062500 0.281250 0.001465
0.000000 0.062500 0.312500 0.001465
0.000000 0.062500 0.343750 0.001465
0.000000 0.062500 0.375000 0.001465
0.000000 0.062500 0.406250 0.001465
0.000000 0.062500 0.437500 0.001465
0.000000 0.062500 0.468750 0.001465
0.000000 0.062500 -0.500000 0.001465
0.000000 0.062500 -0.468750 0.001465
0.000000 0.062500 -0.437500 0.001465
0.000000 0.062500 -0.406250 0.001465
0.000000 0.062500 -0.375000 0.001465
0.000000 0.062500 -0.343750 0.001465
0.000000 0.062500 -0.312500 0.001465
0.000000 0.062500 -0.281250 0.001465
0.000000 0.062500 -0.250000 0.001465
0.000000 0.062500 -0.218750 0.001465
0.000000 0.062500 -0.187500 0.001465
0.000000 0.062500 -0.156250 0.001465
0.000000 0.062500 -0.125000 0.001465
0.000000 0.062500 -0.093750 0.001465
0.000000 0.062500 -0.062500 0.000732
0.000000 0.093750 0.093750 0.000366
0.000000 0.093750 0.125000 0.001465
0.000000 0.093750 0.156250 0.001465
0.000000 0.093750 0.187500 0.001465
0.000000 0.093750 0.218750 0.001465
0.000000 0.093750 0.250000 0.001465
0.000000 0.093750 0.281250 0.001465
0.000000 0.093750 0.312500 0.001465
0.000000 0.093750 0.343750 0.001465
0.000000 0.093750 0.375000 0.001465
0.000000 0.093750 0.406250 0.001465
0.000000 0.093750 0.437500 0.001465
0.000000 0.093750 0.468750 0.001465
0.000000 0.093750 -0.500000 0.001465
0.000000 0.093750 -0.468750 0.001465
0.000000 0.093750 -0.437500 0.001465
0.000000 0.093750 -0.406250 0.001465
0.000000 0.093750 -0.375000 0.001465
0.000000 0.093750 -0.343750 0.001465
0.000000 0.093750 -0.312500 0.001465
0.000000 0.093750 -0.281250 0.001465
0.000000 0.093750 -0.250000 0.001465
0.000000 0.093750 -0.218750 0.001465
0.000000 0.093750 -0.187500 0.001465
0.000000 0.093750 -0.156250 0.001465
0.000000 0.093750 -0.125000 0.001465
0.000000 0.093750 -0.093750 0.000732
0.000000 0.125000 0.125000 0.000366
0.000000 0.125000 0.156250 0.001465
0.000000 0.125000 0.187500 0.001465
0.000000 0.125000 0.218750 0.001465
0.000000 0.125000 0.250000 0.001465
0.000000 0.125000 0.281250 0.001465
0.000000 0.125000 0.312500 0.001465
0.000000 0.125000 0.343750 0.001465
0.000000 0.125000 0.375000 0.001465
0.000000 0.125000 0.406250 0.001465
0.000000 0.125000 0.437500 0.001465
0.000000 0.125000 0.468750 0.001465
0.000000 0.125000 -0.500000 0.001465
0.000000 0.125000 -0.468750 0.001465
0.000000 0.125000 -0.437500 0.001465
0.000000 0.125000 -0.406250 0.001465
0.000000 0.125000 -0.375000 0.001465
0.000000 0.125000 -0.343750 0.001465
0.000000 0.125000 -0.312500 0.001465
0.000000 0.125000 -0.281250 0.001465
0.000000 0.125000 -0.250000 0.001465
0.000000 0.125000 -0.218750 0.001465
0.000000 0.125000 -0.187500 0.001465
0.000000 0.125000 -0.156250 0.001465
0.000000 0.125000 -0.125000 0.000732
0.000000 0.156250 0.156250 0.000366
0.000000 0.156250 0.187500 0.001465
0.000000 0.156250 0.218750 0.001465
0.000000 0.156250 0.250000 0.001465
0.000000 0.156250 0.281250 0.001465
0.000000 0.156250 0.312500 0.001465
0.000000 0.156250 0.343750 0.001465
0.000000 0.156250 0.375000 0.001465
0.000000 0.156250 0.406250 0.001465
0.000000 0.156250 0.437500 0.001465
0.000000 0.156250 0.468750 0.001465
0.000000 0.156250 -0.500000 0.001465
0.000000 0.156250 -0.468750 0.001465
0.000000 0.156250 -0.437500 0.001465
0.000000 0.156250 -0.406250 0.001465
0.000000 0.156250 -0.375000 0.001465
0.000000 0.156250 -0.343750 0.001465
0.000000 0.156250 -0.312500 0.001465
0.000000 0.156250 -0.281250 0.001465
0.000000 0.156250 -0.250000 0.001465
0.000000 0.156250 -0.218750 0.001465
0.000000 0.156250 -0.187500 0.001465
0.000000 0.156250 -0.156250 0.000732
0.000000 0.187500 0.187500 0.000366
0.000000 0.187500 0.218750 0.001465
0.000000 0.187500 0.250000 0.001465
0.000000 0.187500 0.281250 0.001465
0.000000 0.187500 0.312500 0.001465
0.000000 0.187500 0.343750 0.001465
0.000000 0.187500 0.375000 0.001465
0.000000 0.187500 0.406250 0.001465
0.000000 0.187500 0.437500 0.001465
0.000000 0.187500 0.468750 0.001465
0.000000 0.187500 -0.500000 0.001465
0.000000 0.187500 -0.468750 0.001465
0.000000 0.187500 -0.437500 0.001465
0.000000 0.187500 -0.406250 0.001465
0.000000 0.187500 -0.375000 0.001465
0.000000 0.187500 -0.343750 0.001465
0.000000 0.187500 -0.312500 0.001465
0.000000 0.187500 -0.281250 0.001465
0.000000 0.187500 -0.250000 0.001465
0.000000 0.187500 -0.218750 0.001465
0.000000 0.187500 -0.187500 0.000732
0.000000 0.218750 0.218750 0.000366
0.000000 0.218750 0.250000 0.001465
0.000000 0.218750 0.281250 0.001465
0.000000 0.218750 0.312500 0.001465
0.000000 0.218750 0.343750 0.001465
0.000000 0.218750 0.375000 0.001465
0.000000 0.218750 0.406250 0.001465
0.000000 0.218750 0.437500 0.001465
0.000000 0.218750 0.468750 0.001465
0.000000 0.218750 -0.500000 0.001465
0.000000 0.218750 -0.468750 0.001465
0.000000 0.218750 -0.437500 0.001465
0.000000 0.218750 -0.406250 0.001465
0.000000 0.218750 -0.375000 0.001465
0.000000 0.218750 -0.343750 0.001465
0.000000 0.218750 -0.312500 0.001465
0.000000 0.218750 -0.281250 0.001465
0.000000 0.218750 -0.250000 0.001465
0.000000 0.218750 -0.218750 0.000732
0.000000 0.250000 0.250000 0.000366
0.000000 0.250000 0.281250 0.001465
0.000000 0.250000 0.312500 0.001465
0.000000 0.250000 0.343750 0.001465
0.000000 0.250000 0.375000 0.001465
0.000000 0.250000 0.406250 0.001465
0.000000 0.250000 0.437500 0.001465
0.000000 0.250000 0.468750 0.001465
0.000000 0.250000 -0.500000 0.001465
0.000000 0.250000 -0.468750 0.001465
0.000000 0.250000 -0.437500 0.001465
0.000000 0.250000 -0.406250 0.001465
0.000000 0.250000 -0.375000 0.001465
0.000000 0.250000 -0.343750 0.001465
0.000000 0.250000 -0.312500 0.001465
0.000000 0.250000 -0.281250 0.001465
0.000000 0.250000 -0.250000 0.000732
0.000000 0.281250 0.281250 0.000366
0.000000 0.281250 0.312500 0.001465
0.000000 0.281250 0.343750 0.001465
0.000000 0.281250 0.375000 0.001465
0.000000 0.281250 0.406250 0.001465
0.000000 0.281250 0.437500 0.001465
0.000000 0.281250 0.468750 0.001465
0.000000 0.281250 -0.500000 0.001465
0.000000 0.281250 -0.468750 0.001465
0.000000 0.281250 -0.437500 0.001465
0.000000 0.281250 -0.406250 0.001465
0.000000 0.281250 -0.375000 0.001465
0.000000 0.281250 -0.343750 0.001465
0.000000 0.281250 -0.312500 0.001465
0.000000 0.281250 -0.281250 0.000732
0.000000 0.312500 0.312500 0.000366
0.000000 0.312500 0.343750 0.001465
0.000000 0.312500 0.375000 0.001465
0.000000 0.312500 0.406250 0.001465
0.000000 0.312500 0.437500 0.001465
0.000000 0.312500 0.468750 0.001465
0.000000 0.312500 -0.500000 0.001465
0.000000 0.312500 -0.468750 0.001465
0.000000 0.312500 -0.437500 0.001465
0.000000 0.312500 -0.406250 0.001465
0.000000 0.312500 -0.375000 0.001465
0.000000 0.312500 -0.343750 0.001465
0.000000 0.312500 -0.312500 0.000732
0.000000 0.343750 0.343750 0.000366
0.000000 0.343750 0.375000 0.001465
0.000000 0.343750 0.406250 0.001465
0.000000 0.343750 0.437500 0.001465
0.000000 0.343750 0.468750 0.001465
0.000000 0.343750 -0.500000 0.001465
0.000000 0.343750 -0.468750 0.001465
0.000000 0.343750 -0.437500 0.001465
0.000000 0.343750 -0.406250 0.001465
0.000000 0.343750 -0.375000 0.001465
0.000000 0.343750 -0.343750 0.000732
0.000000 0.375000 0.375000 0.000366
0.000000 0.375000 0.406250 0.001465
0.000000 0.375000 0.437500 0.001465
0.000000 0.375000 0.468750 0.001465
0.000000 0.375000 -0.500000 0.001465
0.000000 0.375000 -0.468750 0.001465
0.000000 0.375000 -0.437500 0.001465
0.000000 0.375000 -0.406250 0.001465
0.000000 0.375000 -0.375000 0.000732
0.000000 0.406250 0.406250 0.000366
0.000000 0.406250 0.437500 0.001465
0.000000 0.406250 0.468750 0.001465
0.000000 0.406250 -0.500000 0.001465
0.000000 0.406250 -0.468750 0.001465
0.000000 0.406250 -0.437500 0.001465
0.000000 0.406250 -0.406250 0.000732
0.000000 0.437500 0.437500 0.000366
0.000000 0.437500 0.468750 0.001465
0.000000 0.437500 -0.500000 0.001465
0.000000 0.437500 -0.468750 0.001465
0.000000 0.437500 -0.437500 0.000732
0.000000 0.468750 0.468750 0.000366
0.000000 0.468750 -0.500000 0.001465
0.000000 0.468750 -0.468750 0.000732
0.000000 -0.500000 -0.500000 0.000183
0.031250 0.062500 0.093750 0.001465
0.031250 0.062500 0.125000 0.002930
0.031250 0.062500 0.156250 0.002930
0.031250 0.062500 0.187500 0.002930
0.031250 0.062500 0.218750 0.002930
0.031250 0.062500 0.250000 0.002930
0.031250 0.062500 0.281250 0.002930
0.031250 0.062500 0.312500 0.002930
0.031250 0.062500 0.343750 0.002930
0.031250 0.062500 0.375000 0.002930
0.031250 0.062500 0.406250 0.002930
0.031250 0.062500 0.437500 0.002930
0.031250 0.062500 0.468750 0.002930
0.031250 0.062500 -0.500000 0.002930
0.031250 0.062500 -0.468750 0.001465
0.031250 0.093750 0.125000 0.001465
0.031250 0.093750 0.156250 0.002930
0.031250 0.093750 0.187500 0.002930
0.031250 0.093750 0.218750 0.002930
0.031250 0.093750 0.250000 0.002930
0.031250 0.093750 0.281250 0.002930
0.031250 0.093750 0.312500 0.002930
0.031250 0.093750 0.343750 0.002930
0.031250 0.093750 0.375000 0.002930
0.031250 0.093750 0.406250 0.002930
0.031250 0.093750 0.437500 0.002930
0.031250 0.093750 0.468750 0.002930
0.031250 0.093750 -0.500000 0.002930
0.031250 0.093750 -0.468750 0.002930
0.031250 0.093750 -0.437500 0.002930
0.031250 0.093750 -0.406250 0.002930
0.031250 0.093750 -0.375000 0.002930
0.031250 0.093750 -0.343750 0.002930
0.031250 0.093750 -0.312500 0.002930
0.031250 0.093750 -0.281250 0.002930
0.031250 0.093750 -0.250000 0.002930
0.031250 0.093750 -0.218750 0.002930
0.031250 0.093750 -0.187500 0.002930
0.031250 0.093750 -0.156250 0.002930
0.031250 0.093750 -0.125000 0.002930
0.031250 0.093750 -0.093750 0.002930
0.031250 0.093750 -0.062500 0.001465
0.031250 0.125000 0.156250 0.001465
0.031250 0.125000 0.187500 0.002930
0.031250 0.125000 0.218750 0.002930
0.031250 0.125000 0.250000 0.002930
0.031250 0.125000 0.281250 0.002930
0.031250 0.125000 0.312500 0.002930
0.031250 0.125000 0.343750 0.002930
0.031250 0.125000 0.375000 0.002930
0.031250 0.125000 0.406250 0.002930
0.031250 0.125000 0.437500 0.002930
0.031250 0.125000 0.468750 0.002930
0.031250 0.125000 -0.500000 0.002930
0.031250 0.125000 -0.468750 0.002930
0.031250 0.125000 -0.437500 0.002930
0.031250 0.125000 -0.406250 0.002930
0.031250 0.125000 -0.375000 0.002930
0.031250 0.125000 -0.343750 0.002930
0.031250 0.125000 -0.312500 0.002930
0.031250 0.125000 -0.281250 0.002930
0.031250 0.125000 -0.250000 0.002930
0.031250 0.125000 -0.218750 0.002930
0.031250 0.125000 -0.187500 0.002930
0.031250 0.125000 -0.156250 0.002930
0.031250 0.125000 -0.125000 0.002930
0.031250 0.125000 -0.093750 0.001465
0.031250 0.156250 0.187500 0.001465
0.031250 0.156250 0.218750 0.002930
0.031250 0.156250 0.250000 0.002930
0.031250 0.156250 0.281250 0.002930
0.031250 0.156250 0.312500 0.002930
0.031250 0.156250 0.343750 0.002930
0.031250 0.156250 0.375000 0.002930
0.031250 0.156250 0.406250 0.002930
0.031250 0.156250 0.437500 0.002930
0.031250 0.156250 0.468750 0.002930
0.031250 0.156250 -0.500000 0.002930
0.031250 0.156250 -0.468750 0.002930
0.031250 0.156250 -0.437500 0.002930
0.031250 0.156250 -0.406250 0.002930
0.031250 0.156250 -0.375000 0.002930
0.031250 0.156250 -0.343750 0.002930
0.031250 0.156250 -0.312500 0.002930
0.031250 0.156250 -0.281250 0.002930
0.031250 0.156250 -0.250000 0.002930
0.031250 0.156250 -0.218750 0.002930
0.031250 0.156250 -0.187500 0.002930
0.031250 0.156250 -0.156250 0.002930
0.031250 0.156250 -0.125000 0.001465
0.031250 0.187500 0.218750 0.001465
0.031250 0.187500 0.250000 0.002930
0.031250 0.187500 0.281250 0.002930
0.031250 0.187500 0.312500 0.002930
0.031250 0.187500 0.343750 0.002930
0.031250 0.187500 0.375000 0.002930
0.031250 0.187500 0.406250 0.002930
0.031250 0.187500 0.437500 0.002930
0.031250 0.187500 0.468750 0.002930
0.031250 0.187500 -0.500000 0.002930
0.031250 0.187500 -0.468750 0.002930
0.031250 0.187500 -0.437500 0.002930
0.031250 0.187500 -0.406250 0.002930
0.031250 0.187500 -0.375000 0.002930
0.031250 0.187500 -0.343750 0.002930
0.031250 0.187500 -0.312500 0.002930
0.031250 0.187500 -0.281250 0.002930
0.031250 0.187500 -0.250000 0.002930
0.031250 0.187500 -0.218750 0.002930
0.031250 0.187500 -0.187500 0.002930
0.031250 0.187500 -0.156250 0.001465
0.031250 0.218750 0.250000 0.001465
0.031250 0.218750 0.281250 0.002930
0.031250 0.218750 0.312500 0.002930
0.031250 0.218750 0.343750 0.002930
0.031250 0.218750 0.375000 0.002930
0.031250 0.218750 0.406250 0.002930
0.031250 0.218750 0.437500 0.002930
0.031250 0.218750 0.468750 0.002930
0.031250 0.218750 -0.500000 0.002930
0.031250 0.218750 -0.468750 0.002930
0.031250 0.218750 -0.437500 0.002930
0.031250 0.218750 -0.406250 0.002930
0.031250 0.218750 -0.375000 0.002930
0.031250 0.218750 -0.343750 0.002930
0.031250 0.218750 -0.312500 0.002930
0.031250 0.218750 -0.281250 0.002930
0.031250 0.218750 -0.250000 0.002930
0.031250 0.218750 -0.218750 0.002930
0.031250 0.218750 -0.187500 0.001465
0.031250 0.250000 0.281250 0.001465
0.031250 0.250000 0.312500 0.002930
0.031250 0.250000 0.343750 0.002930
0.031250 0.250000 0.375000 0.002930
0.031250 0.250000 0.406250 0.002930
0.031250 0.250000 0.437500 0.002930
0.031250 0.250000 0.468750 0.002930
0.031250 0.250000 -0.500000 0.002930
0.031250 0.250000 -0.468750 0.002930
0.031250 0.250000 -0.437500 0.002930
0.031250 0.250000 -0.406250 0.002930
0.031250 0.250000 -0.375000 0.002930
0.031250 0.250000 -0.343750 0.002930
0.031250 0.250000 -0.312500 0.002930
0.031250 0.250000 -0.281250 0.002930
0.031250 0.250000 -0.250000 0.002930
0.031250 0.250000 -0.218750 0.001465
0.031250 0.281250 0.312500 0.001465
0.031250 0.281250 0.343750 0.002930
0.031250 0.281250 0.375000 0.002930
0.031250 0.281250 0.406250 0.002930
0.031250 0.281250 0.437500 0.002930
0.031250 0.281250 0.468750 0.002930
0.031250 0.281250 -0.500000 0.002930
0.031250 0.281250 -0.468750 0.002930
0.031250 0.281250 -0.437500 0.002930
0.031250 0.281250 -0.406250 0.002930
0.031250 0.281250 -0.375000 0.002930
0.031250 0.281250 -0.343750 0.002930
0.031250 0.281250 -0.312500 0.002930
0.031250 0.281250 -0.281250 0.002930
0.031250 0.281250 -0.250000 0.001465
0.031250 0.312500 0.343750 0.001465
0.031250 0.312500 0.375000 0.002930
0.031250 0.312500 0.406250 0.002930
0.031250 0.312500 0.437500 0.002930
0.031250 0.312500 0.468750 0.002930
0.031250 0.312500 -0.500000 0.002930
0.031250 0.312500 -0.468750 0.002930
0.031250 0.312500 -0.437500 0.002930
0.031250 0.312500 -0.406250 0.002930
0.031250 0.312500 -0.375000 0.002930
0.031250 0.312500 -0.343750 0.002930
0.031250 0.312500 -0.312500 0.002930
0.031250 0.312500 -0.281250 0.001465
0.031250 0.343750 0.375000 0.001465
0.031250 0.343750 0.406250 0.002930
0.031250 0.343750 0.437500 0.002930
0.031250 0.343750 0.468750 0.002930
0.031250 0.343750 -0.500000 0.002930
0.031250 0.343750 -0.468750 0.002930
0.031250 0.343750 -0.437500 0.002930
0.031250 0.343750 -0.406250 0.002930
0.031250 0.343750 -0.375000 0.002930
0.031250 0.343750 -0.343750 0.002930
0.031250 0.343750 -0.312500 0.001465
0.031250 0.375000 0.406250 0.001465
0.031250 0.375000 0.437500 0.002930
0.031250 0.375000 0.468750 0.002930
0.031250 0.375000 -0.500000 0.002930
0.031250 0.375000 -0.468750 0.002930
0.031250 0.375000 -0.437500 0.002930
0.031250 0.375000 -0.406250 0.002930
0.031250 0.375000 -0.375000 0.002930
0.031250 0.375000 -0.343750 0.001465
0.031250 0.406250 0.437500 0.001465
0.031250 0.406250 0.468750 0.002930
0.031250 0.406250 -0.500000 0.002930
0.031250 0.406250 -0.468750 0.002930
0.031250 0.406250 -0.437500 0.002930
0.031250 0.406250 -0.406250 0.002930
0.031250 0.406250 -0.375000 0.001465
0.031250 0.437500 0.468750 0.001465
0.031250 0.437500 -0.500000 0.002930
0.031250 0.437500 -0.468750 0.002930
0.031250 0.437500 -0.437500 0.002930
0.031250 0.437500 -0.406250 0.001465
0.031250 0.468750 -0.500000 0.001465
0.031250 0.468750 -0.468750 0.002930
0.031250 0.468750 -0.437500 0.001465
0.031250 -0.500000 -0.468750 0.000732
0.062500 0.125000 0.187500 0.001465
0.062500 0.125000 0.218750 0.002930
0.062500 0.125000 0.250000 0.002930
0.062500 0.125000 0.281250 0.002930
0.062500 0.125000 0.312500 0.002930
0.062500 0.125000 0.343750 0.002930
0.062500 0.125000 0.375000 0.002930
0.062500 0.125000 0.406250 0.002930
0.062500 0.125000 0.437500 0.002930
0.062500 0.125000 0.468750 0.002930
0.062500 0.125000 -0.500000 0.002930
0.062500 0.125000 -0.468750 0.002930
0.062500 0.125000 -0.437500 0.001465
0.062500 0.156250 0.218750 0.001465
0.062500 0.156250 0.250000 0.002930
0.062500 0.156250 0.281250 0.002930
0.062500 0.156250 0.312500 0.002930
0.062500 0.156250 0.343750 0.002930
0.062500 0.156250 0.375000 0.002930
0.062500 0.156250 0.406250 0.002930
0.062500 0.156250 0.437500 0.002930
0.062500 0.156250 0.468750 0.002930
0.062500 0.156250 -0.500000 0.002930
0.062500 0.156250 -0.468750 0.002930
0.062500 0.156250 -0.437500 0.002930
0.062500 0.156250 -0.406250 0.002930
0.062500 0.156250 -0.375000 0.002930
0.062500 0.156250 -0.343750 0.002930
0.062500 0.156250 -0.312500 0.002930
0.062500 0.156250 -0.281250 0.002930
0.062500 0.156250 -0.250000 0.002930
0.062500 0.156250 -0.218750 0.002930
0.062500 0.156250 -0.187500 0.002930
0.062500 0.156250 -0.156250 0.002930
0.062500 0.156250 -0.125000 0.002930
0.062500 0.156250 -0.093750 0.001465
0.062500 0.187500 0.250000 0.001465
0.062500 0.187500 0.281250 0.002930
0.062500 0.187500 0.312500 0.002930
0.062500 0.187500 0.343750 0.002930
0.062500 0.187500 0.375000 0.002930
0.062500 0.187500 0.406250 0.002930
0.062500 0.187500 0.437500 0.002930
0.062500 0.187500 0.468750 0.002930
0.062500 0.187500 -0.500000 0.002930
0.062500 0.187500 -0.468750 0.002930
0.062500 0.187500 -0.437500 0.002930
0.062500 0.187500 -0.406250 0.002930
0.062500 0.187500 -0.375000 0.002930
0.062500 0.187500 -0.343750 0.002930
0.062500 0.187500 -0.312500 0.002930
0.062500 0.187500 -0.281250 0.002930
0.062500 0.187500 -0.250000 0.002930
0.062500 0.187500 -0.218750 0.002930
0.062500 0.187500 -0.187500 0.002930
0.062500 0.187500 -0.156250 0.002930
0.062500 0.187500 -0.125000 0.001465
0.062500 0.218750 0.281250 0.001465
0.062500 0.218750 0.312500 0.002930
0.062500 0.218750 0.343750 0.002930
0.062500 0.218750 0.375000 0.002930
0.062500 0.218750 0.406250 0.002930
0.062500 0.218750 0.437500 0.002930
0.062500 0.218750 0.468750 0.002930
0.062500 0.218750 -0.500000 0.002930
0.062500 0.218750 -0.468750 0.002930
0.062500 0.218750 -0.437500 0.002930
0.062500 0.218750 -0.406250 0.002930
0.062500 0.218750 -0.375000 0.002930
0.062500 0.218750 -0.343750 0.002930
0.062500 0.218750 -0.312500 0.002930
0.062500 0.218750 -0.281250 0.002930
0.062500 0.218750 -0.250000 0.002930
0.062500 0.218750 -0.218750 0.002930
0.062500 0.218750 -0.187500 0.002930
0.062500 0.218750 -0.156250 0.001465
0.062500 0.250000 0.312500 0.001465
0.062500 0.250000 0.343750 0.002930
0.062500 0.250000 0.375000 0.002930
0.062500 0.250000 0.406250 0.002930
0.062500 0.250000 0.437500 0.002930
0.062500 0.250000 0.468750 0.002930
0.062500 0.250000 -0.500000 0.002930
0.062500 0.250000 -0.468750 0.002930
0.062500 0.250000 -0.437500 0.002930
0.062500 0.250000 -0.406250 0.002930
0.062500 0.250000 -0.375000 0.002930
0.062500 0.250000 -0.343750 0.002930
0.062500 0.250000 -0.312500 0.002930
0.062500 0.250000 -0.281250 0.002930
0.062500 0.250000 -0.250000 0.002930
0.062500 0.250000 -0.218750 0.002930
0.062500 0.250000 -0.187500 0.001465
0.062500 0.281250 0.343750 0.001465
0.062500 0.281250 0.375000 0.002930
0.062500 0.281250 0.406250 0.002930
0.062500 0.281250 0.437500 0.002930
0.062500 0.281250 0.468750 0.002930
0.062500 0.281250 -0.500000 0.002930
0.062500 0.281250 -0.468750 0.002930
0.062500 0.281250 -0.437500 0.002930
0.062500 0.281250 -0.406250 0.002930
0.062500 0.281250 -0.375000 0.002930
0.062500 0.281250 -0.343750 0.002930
0.062500 0.281250 -0.312500 0.002930
0.062500 0.281250 -0.281250 0.002930
0.062500 0.281250 -0.250000 0.002930
0.062500 0.281250 -0.218750 0.001465
0.062500 0.312500 0.375000 0.001465
0.062500 0.312500 0.406250 0.002930
0.062500 0.312500 0.437500 0.002930
0.062500 0.312500 0.468750 0.002930
0.062500 0.312500 -0.500000 0.002930
0.062500 0.312500 -0.468750 0.002930
0.062500 0.312500 -0.437500 0.002930
0.062500 0.312500 -0.406250 0.002930
0.062500 0.312500 -0.375000 0.002930
0.062500 0.312500 -0.343750 0.002930
0.062500 0.312500 -0.312500 0.002930
0.062500 0.312500 -0.281250 0.002930
0.062500 0.312500 -0.250000 0.001465
0.062500 0.343750 0.406250 0.001465
0.062500 0.343750 0.437500 0.002930
0.062500 0.343750 0.468750 0.002930
0.062500 0.343750 -0.500000 0.002930
0.062500 0.343750 -0.468750 0.002930
0.062500 0.343750 -0.437500 0.002930
0.062500 0.343750 -0.406250 0.002930
0.062500 0.343750 -0.375000 0.002930
0.062500 0.343750 -0.343750 0.002930
0.062500 0.343750 -0.312500 0.002930
0.062500 0.343750 -0.281250 0.001465
0.062500 0.375000 0.437500 0.001465
0.062500 0.375000 0.468750 0.002930
0.062500 0.375000 -0.500000 0.002930
0.062500 0.375000 -0.468750 0.002930
0.062500 0.375000 -0.437500 0.002930
0.062500 0.375000 -0.406250 0.002930
0.062500 0.375000 -0.375000 0.002930
0.062500 0.375000 -0.343750 0.002930
0.062500 0.375000 -0.312500 0.001465
0.062500 0.406250 0.468750 0.001465
0.062500 0.406250 -0.500000 0.002930
0.062500 0.406250 -0.468750 0.002930
0.062500 0.406250 -0.437500 0.002930
0.062500 0.406250 -0.406250 0.002930
0.062500 0.406250 -0.375000 0.002930
0.062500 0.406250 -0.343750 0.001465
0.062500 0.437500 -0.500000 0.001465
0.062500 0.437500 -0.468750 0.002930
0.062500 0.437500 -0.437500 0.002930
0.062500 0.437500 -0.406250 0.002930
0.062500 0.437500 -0.375000 0.001465
0.062500 0.468750 -0.468750 0.001465
0.062500 0.468750 -0.437500 0.002930
0.062500 0.468750 -0.406250 0.001465
0.062500 -0.500000 -0.437500 0.000732
0.093750 0.187500 0.281250 0.001465
0.093750 0.187500 0.312500 0.002930
0.093750 0.187500 0.343750 0.002930
0.093750 0.187500 0.375000 0.002930
0.093750 0.187500 0.406250 0.002930
0.093750 0.187500 0.437500 0.002930
0.093750 0.187500 0.468750 0.002930
0.093750 0.187500 -0.500000 0.002930
0.093750 0.187500 -0.468750 0.002930
0.093750 0.187500 -0.437500 0.002930
0.093750 0.187500 -0.406250 0.001465
0.093750 0.218750 0.312500 0.001465
0.093750 0.218750 0.343750 0.002930
0.093750 0.218750 0.375000 0.002930
0.093750 0.218750 0.406250 0.002930
0.093750 0.218750 0.437500 0.002930
0.093750 0.218750 0.468750 0.002930
0.093750 0.218750 -0.500000 0.002930
0.093750 0.218750 -0.468750 0.002930
0.093750 0.218750 -0.437500 0.002930
0.093750 0.218750 -0.406250 0.002930
0.093750 0.218750 -0.375000 0.002930
0.093750 0.218750 -0.343750 0.002930
0.093750 0.218750 -0.312500 0.002930
0.093750 0.218750 -0.281250 0.002930
0.093750 0.218750 -0.250000 0.002930
0.093750 0.218750 -0.218750 0.002930
0.093750 0.218750 -0.187500 0.002930
0.093750 0.218750 -0.156250 0.002930
0.093750 0.218750 -0.125000 0.001465
0.093750 0.250000 0.343750 0.001465
0.093750 0.250000 0.375000 0.002930
0.093750 0.250000 0.406250 0.002930
0.093750 0.250000 0.437500 0.002930
0.093750 0.250000 0.468750 0.002930
0.093750 0.250000 -0.500000 0.002930
0.093750 0.250000 -0.468750 0.002930
0.093750 0.250000 -0.437500 0.002930
0.093750 0.250000 -0.406250 0.002930
0.093750 0.250000 -0.375000 0.002930
0.093750 0.250000 -0.343750 0.002930
0.093750 0.250000 -0.312500 0.002930
0.093750 0.250000 -0.281250 0.002930
0.093750 0.250000 -0.250000 0.002930
0.093750 0.250000 -0.218750 0.002930
0.093750 0.250000 -0.187500 0.002930
0.093750 0.250000 -0.156250 0.001465
0.093750 0.281250 0.375000 0.001465
0.093750 0.281250 0.406250 0.002930
0.093750 0.281250 0.437500 0.002930
0.093750 0.281250 0.468750 0.002930
0.093750 0.281250 -0.500000 0.002930
0.093750 0.281250 -0.468750 0.002930
0.093750 0.281250 -0.437500 0.002930
0.093750 0.281250 -0.406250 0.002930
0.093750 0.281250 -0.375000 0.002930
0.093750 0.281250 -0.343750 0.002930
0.093750 0.281250 -0.312500 0.002930
0.093750 0.281250 -0.281250 0.002930
0.093750 0.281250 -0.250000 0.002930
0.093750 0.281250 -0.218750 0.002930
0.093750 0.281250 -0.187500 0.001465
0.093750 0.312500 0.406250 0.001465
0.093750 0.312500 0.437500 0.002930
0.093750 0.312500 0.468750 0.002930
0.093750 0.312500 -0.500000 0.002930
0.093750 0.312500 -0.468750 0.002930
0.093750 0.312500 -0.437500 0.002930
0.093750 0.312500 -0.406250 0.002930
0.093750 0.312500 -0.375000 0.002930
0.093750 0.312500 -0.343750 0.002930
0.093750 0.312500 -0.312500 0.002930
0.093750 0.312500 -0.281250 0.002930
0.093750 0.312500 -0.250000 0.002930
0.093750 0.312500 -0.218750 0.001465
0.093750 0.343750 0.437500 0.001465
0.093750 0.343750 0.468750 0.002930
0.093750 0.343750 -0.500000 0.002930
0.093750 0.343750 -0.468750 0.002930
0.093750 0.343750 -0.437500 0.002930
0.093750 0.343750 -0.406250 0.002930
0.093750 0.343750 -0.375000 0.002930
0.093750 0.343750 -0.343750 0.002930
0.093750 0.343750 -0.312500 0.002930
0.093750 0.343750 -0.281250 0.002930
0.093750 0.343750 -0.250000 0.001465
0.093750 0.375000 0.468750 0.001465
0.093750 0.375000 -0.500000 0.002930
0.093750 0.375000 -0.468750 0.002930
0.093750 0.375000 -0.437500 0.002930
0.093750 0.375000 -0.406250 0.002930
0.093750 0.375000 -0.375000 0.002930
0.093750 0.375000 -0.343750 0.002930
0.093750 0.375000 -0.312500 0.002930
0.093750 0.375000 -0.281250 0.001465
0.093750 0.406250 -0.500000 0.001465
0.093750 0.406250 -0.468750 0.002930
0.093750 0.406250 -0.437500 0.002930
0.093750 0.406250 -0.406250 0.002930
0.093750 0.406250 -0.375000 0.002930
0.093750 0.406250 -0.343750 0.002930
0.093750 0.406250 -0.312500 0.001465
0.093750 0.437500 -0.468750 0.001465
0.093750 0.437500 -0.437500 0.002930
0.093750 0.437500 -0.406250 0.002930
0.093750 0.437500 -0.375000 0.002930
0.093750 0.437500 -0.343750 0.001465
0.093750 0.468750 -0.437500 0.001465
0.093750 0.468750 -0.406250 0.002930
0.093750 0.468750 -0.375000 0.001465
0.093750 -0.500000 -0.406250 0.000732
0.125000 0.250000 0.375000 0.001465
0.125000 0.250000 0.406250 0.002930
0.125000 0.250000 0.437500 0.002930
0.125000 0.250000 0.468750 0.002930
0.125000 0.250000 -0.500000 0.002930
0.125000 0.250000 -0.468750 0.002930
0.125000 0.250000 -0.437500 0.002930
0.125000 0.250000 -0.406250 0.002930
0.125000 0.250000 -0.375000 0.001465
0.125000 0.281250 0.406250 0.001465
0.125000 0.281250 0.437500 0.002930
0.125000 0.281250 0.468750 0.002930
0.125000 0.281250 -0.500000 0.002930
0.125000 0.281250 -0.468750 0.002930
0.125000 0.281250 -0.437500 0.002930
0.125000 0.281250 -0.406250 0.002930
0.125000 0.281250 -0.375000 0.002930
0.125000 0.281250 -0.343750 0.002930
0.125000 0.281250 -0.312500 0.002930
0.125000 0.281250 -0.281250 0.002930
0.125000 0.281250 -0.250000 0.002930
0.125000 0.281250 -0.218750 0.002930
0.125000 0.281250 -0.187500 0.002930
0.125000 0.281250 -0.156250 0.001465
0.125000 0.312500 0.437500 0.001465
0.125000 0.312500 0.468750 0.002930
0.125000 0.312500 -0.500000 0.002930
0.125000 0.312500 -0.468750 0.002930
0.125000 0.312500 -0.437500 0.002930
0.125000 0.312500 -0.406250 0.002930
0.125000 0.312500 -0.375000 0.002930
0.125000 0.312500 -0.343750 0.002930
0.125000 0.312500 -0.312500 0.002930
0.125000 0.312500 -0.281250 0.002930
0.125000 0.312500 -0.250000 0.002930
0.125000 0.312500 -0.218750 0.002930
0.125000 0.312500 -0.187500 0.001465
0.125000 0.343750 0.468750 0.001465
0.125000 0.343750 -0.500000 0.002930
0.125000 0.343750 -0.468750 0.002930
0.125000 0.343750 -0.437500 0.002930
0.125000 0.343750 -0.406250 0.002930
0.125000 0.343750 -0.375000 0.002930
0.125000 0.343750 -0.343750 0.002930
0.125000 0.343750 -0.312500 0.002930
0.125000 0.343750 -0.281250 0.002930
0.125000 0.343750 -0.250000 0.002930
0.125000 0.343750 -0.218750 0.001465
0.125000 0.375000 -0.500000 0.001465
0.125000 0.375000 -0.468750 0.002930
0.125000 0.375000 -0.437500 0.002930
0.125000 0.375000 -0.406250 0.002930
0.125000 0.375000 -0.375000 0.002930
0.125000 0.375000 -0.343750 0.002930
0.125000 0.375000 -0.312500 0.002930
0.125000 0.375000 -0.281250 0.002930
0.125000 0.375000 -0.250000 0.001465
0.125000 0.406250 -0.468750 0.001465
0.125000 0.406250 -0.437500 0.002930
0.125000 0.406250 -0.406250 0.002930
0.125000 0.406250 -0.375000 0.002930
0.125000 0.406250 -0.343750 0.002930
0.125000 0.406250 -0.312500 0.002930
0.125000 0.406250 -0.281250 0.001465
0.125000 0.437500 -0.437500 0.001465
0.125000 0.437500 -0.406250 0.002930
0.125000 0.437500 -0.375000 0.002930
0.125000 0.437500 -0.343750 0.002930
0.125000 0.437500 -0.312500 0.001465
0.125000 0.468750 -0.406250 0.001465
0.125000 0.468750 -0.375000 0.002930
0.125000 0.468750 -0.343750 0.001465
0.125000 -0.500000 -0.375000 0.000732
0.156250 0.312500 0.468750 0.001465
0.156250 0.312500 -0.500000 0.002930
0.156250 0.312500 -0.468750 0.002930
0.156250 0.312500 -0.437500 0.002930
0.156250 0.312500 -0.406250 0.002930
0.156250 0.312500 -0.375000 0.002930
0.156250 0.312500 -0.343750 0.001465
0.156250 0.343750 -0.500000 0.001465
0.156250 0.343750 -0.468750 0.002930
0.156250 0.343750 -0.437500 0.002930
0.156250 0.343750 -0.406250 0.002930
0.156250 0.343750 -0.375000 0.002930
0.156250 0.343750 -0.343750 0.002930
0.156250 0.343750 -0.312500 0.002930
0.156250 0.343750 -0.281250 0.002930
0.156250 0.343750 -0.250000 0.002930
0.156250 0.343750 -0.218750 0.002930
0.156250 0.343750 -0.187500 0.001465
0.156250 0.375000 -0.468750 0.001465
0.156250 0.375000 -0.437500 0.002930
0.156250 0.375000 -0.406250 0.002930
0.156250 0.375000 -0.375000 0.002930
0.156250 0.375000 -0.343750 0.002930
0.156250 0.375000 -0.312500 0.002930
0.156250 0.375000 -0.281250 0.002930
0.156250 0.375000 -0.250000 0.002930
0.156250 0.375000 -0.218750 0.001465
0.156250 0.406250 -0.437500 0.001465
0.156250 0.406250 -0.406250 0.002930
0.156250 0.406250 -0.375000 0.002930
0.156250 0.406250 -0.343750 0.002930
0.156250 0.406250 -0.312500 0.002930
0.156250 0.406250 -0.281250 0.002930
0.156250 0.406250 -0.250000 0.001465
0.156250 0.437500 -0.406250 0.001465
0.156250 0.437500 -0.375000 0.002930
0.156250 0.437500 -0.343750 0.002930
0.156250 0.437500 -0.312500 0.002930
0.156250 0.437500 -0.281250 0.001465
0.156250 0.468750 -0.375000 0.001465
0.156250 0.468750 -0.343750 0.002930
0.156250 0.468750 -0.312500 0.001465
0.156250 -0.500000 -0.343750 0.000732
0.187500 0.375000 -0.437500 0.001465
0.187500 0.375000 -0.406250 0.002930
0.187500 0.375000 -0.375000 0.002930
0.187500 0.375000 -0.343750 0.002930
0.187500 0.375000 -0.312500 0.001465
0.187500 0.406250 -0.406250 0.001465
0.187500 0.406250 -0.375000 0.002930
0.187500 0.406250 -0.343750 0.002930
0.187500 0.406250 -0.312500 0.002930
0.187500 0.406250 -0.281250 0.002930
0.187500 0.406250 -0.250000 0.002930
0.187500 0.406250 -0.218750 0.001465
0.187500 0.437500 -0.375000 0.001465
0.187500 0.437500 -0.343750 0.002930
0.187500 0.437500 -0.312500 0.002930
0.187500 0.437500 -0.281250 0.002930
0.187500 0.437500 -0.250000 0.001465
0.187500 0.468750 -0.343750 0.001465
0.187500 0.468750 -0.312500 0.002930
0.187500 0.468750 -0.281250 0.001465
0.187500 -0.500000 -0.312500 0.000732
0.218750 0.437500 -0.343750 0.001465
0.218750 0.437500 -0.312500 0.002930
0.218750 0.437500 -0.281250 0.001465
0.218750 0.468750 -0.312500 0.001465
0.218750 0.468750 -0.281250 0.002930
0.218750 0.468750 -0.250000 0.001465
0.218750 -0.500000 -0.281250 0.000732
0.250000 -0.500000 -0.250000 0.000366
