  0.112000E+02  0.610319E-14
  0.112204E+02  0.134400E-13
  0.112408E+02  0.295965E-13
  0.112612E+02  0.651750E-13
  0.112816E+02  0.143523E-12
  0.113020E+02  0.316056E-12
  0.113224E+02  0.695994E-12
  0.113429E+02  0.153266E-11
  0.113633E+02  0.337511E-11
  0.113837E+02  0.743240E-11
  0.114041E+02  0.163671E-10
  0.114245E+02  0.360423E-10
  0.114449E+02  0.793695E-10
  0.114653E+02  0.174781E-09
  0.114857E+02  0.384890E-09
  0.115061E+02  0.847574E-09
  0.115265E+02  0.186646E-08
  0.115469E+02  0.411017E-08
  0.115673E+02  0.905110E-08
  0.115878E+02  0.199316E-07
  0.116082E+02  0.438919E-07
  0.116286E+02  0.966552E-07
  0.116490E+02  0.212846E-06
  0.116694E+02  0.468713E-06
  0.116898E+02  0.103216E-05
  0.117102E+02  0.227292E-05
  0.117306E+02  0.500517E-05
  0.117510E+02  0.110216E-04
  0.117714E+02  0.242690E-04
  0.117918E+02  0.534338E-04
  0.118122E+02  0.117622E-03
  0.118327E+02  0.258797E-03
  0.118531E+02  0.568835E-03
  0.118735E+02  0.124749E-02
  0.118939E+02  0.272244E-02
  0.119143E+02  0.587862E-02
  0.119347E+02  0.124124E-01
  0.119551E+02  0.250480E-01
  0.119755E+02  0.465067E-01
  0.119959E+02  0.759577E-01
  0.120163E+02  0.107470E+00
  0.120367E+02  0.139438E+00
  0.120571E+02  0.183428E+00
  0.120776E+02  0.254737E+00
  0.120980E+02  0.354037E+00
  0.121184E+02  0.459790E+00
  0.121388E+02  0.547667E+00
  0.121592E+02  0.616391E+00
  0.121796E+02  0.683883E+00
  0.122000E+02  0.754729E+00
