  0.112000E+02 -0.307086E-02  0.127374E-42  0.102827E-48  0.133014E-42 -0.307086E-02  0.481211E-20  0.370068E-49  0.481211E-20 -0.307086E-02
  0.112204E+02 -0.300283E-02 -0.463890E-37  0.219196E-49 -0.160632E-37 -0.300283E-02  0.931957E-20  0.100213E-48 -0.437038E-20 -0.300283E-02
  0.112408E+02 -0.293480E-02  0.119936E-48 -0.158381E-44  0.445556E-48 -0.293480E-02 -0.460586E-20 -0.142995E-49 -0.857510E-20 -0.293480E-02
  0.112612E+02 -0.286678E-02 -0.103088E-51 -0.298196E-44 -0.634498E-52 -0.286678E-02 -0.729193E-20 -0.298197E-44  0.364599E-20 -0.286678E-02
  0.112816E+02 -0.279875E-02  0.615036E-43 -0.267407E-44  0.831695E-43 -0.279875E-02  0.409258E-21 -0.534814E-44  0.409233E-21 -0.279875E-02
  0.113020E+02 -0.273072E-02 -0.886061E-67 -0.531529E-49 -0.236960E-43 -0.273072E-02 -0.978986E-39 -0.187749E-49  0.594711E-20 -0.273072E-02
  0.113224E+02 -0.266270E-02 -0.794095E-48 -0.189672E-49 -0.402842E-48 -0.266270E-02 -0.507386E-20 -0.113222E-48 -0.507386E-20 -0.266270E-02
  0.113429E+02 -0.259467E-02  0.960122E-43  0.108386E-48  0.568083E-43 -0.259467E-02 -0.449040E-20 -0.233139E-52 -0.449042E-20 -0.259467E-02
  0.113633E+02 -0.252664E-02 -0.108958E-42 -0.154449E-52 -0.892476E-43 -0.252664E-02  0.483934E-21  0.190250E-53  0.445527E-20 -0.252664E-02
  0.113837E+02 -0.245861E-02  0.290312E-44  0.344508E-49  0.290310E-44 -0.245861E-02 -0.979029E-22 -0.222128E-49 -0.669424E-26 -0.245861E-02
  0.114041E+02 -0.239059E-02 -0.509999E-37 -0.197169E-70 -0.475152E-52 -0.239059E-02 -0.962976E-21  0.539026E-70 -0.962976E-21 -0.239059E-02
  0.114245E+02 -0.232256E-02 -0.590209E-37  0.113109E-44  0.599900E-37 -0.232256E-02  0.341860E-21  0.258004E-53 -0.341850E-21 -0.232256E-02
  0.114449E+02 -0.225453E-02  0.811763E-48  0.375521E-53  0.792755E-48 -0.225453E-02  0.512345E-20  0.457891E-52  0.301379E-21 -0.225453E-02
  0.114653E+02 -0.218651E-02 -0.478045E-51 -0.138006E-52 -0.461078E-51 -0.218651E-02  0.248760E-20 -0.385386E-52 -0.141560E-20 -0.218651E-02
  0.114857E+02 -0.211848E-02 -0.384561E-48 -0.309151E-44 -0.549790E-48 -0.211848E-02  0.154648E-21 -0.772924E-45  0.953816E-26 -0.211848E-02
  0.115061E+02 -0.205045E-02 -0.164254E-72  0.388648E-49 -0.124998E-67 -0.205045E-02  0.356930E-20  0.780119E-50  0.866268E-26 -0.205045E-02
  0.115265E+02 -0.198242E-02  0.572442E-37  0.691099E-52  0.372263E-37 -0.198242E-02 -0.157351E-25  0.732642E-44 -0.257821E-21 -0.198242E-02
  0.115469E+02 -0.191440E-02  0.000000E+00 -0.619769E-44  0.829839E-62 -0.191440E-02 -0.299847E-20  0.627876E-44 -0.100227E-19 -0.191440E-02
  0.115673E+02 -0.184637E-02 -0.879318E-79 -0.403612E-50  0.495215E-72 -0.184637E-02 -0.340241E-20 -0.108150E-48  0.928345E-32 -0.184637E-02
  0.115878E+02 -0.177834E-02  0.390029E-49  0.273013E-48  0.460098E-43 -0.177834E-02  0.352649E-32  0.487656E-49  0.352649E-32 -0.177834E-02
  0.116082E+02 -0.171032E-02 -0.347829E-43  0.713843E-53 -0.733275E-43 -0.171032E-02 -0.137748E-31  0.379275E-53 -0.356485E-32 -0.171032E-02
  0.116286E+02 -0.164229E-02  0.857928E-43  0.113769E-53  0.101439E-42 -0.164229E-02  0.509782E-20 -0.228040E-61  0.546702E-20 -0.164229E-02
  0.116490E+02 -0.157426E-02  0.196626E-70 -0.594816E-53  0.783276E-70 -0.157426E-02  0.282784E-20 -0.239768E-52 -0.260433E-20 -0.157426E-02
  0.116694E+02 -0.150623E-02 -0.139130E-43  0.887846E-83 -0.278261E-43 -0.150623E-02  0.155376E-31  0.129103E-53  0.155376E-31 -0.150623E-02
  0.116898E+02 -0.143821E-02  0.452075E-49  0.240778E-49  0.390924E-49 -0.143821E-02 -0.728418E-26  0.722922E-49 -0.728418E-26 -0.143821E-02
  0.117102E+02 -0.137018E-02 -0.385224E-52 -0.138688E-44 -0.231361E-52 -0.137018E-02  0.520273E-20  0.260744E-52  0.173423E-20 -0.137018E-02
  0.117306E+02 -0.130215E-02 -0.151234E-48  0.260573E-44  0.166844E-48 -0.130215E-02  0.155908E-20 -0.231776E-67  0.155908E-20 -0.130215E-02
  0.117510E+02 -0.123413E-02 -0.232451E-48 -0.198161E-68 -0.282566E-48 -0.123413E-02 -0.155707E-21 -0.570412E-66 -0.249132E-20 -0.123413E-02
  0.117714E+02 -0.116610E-02 -0.870644E-86  0.267683E-49 -0.738886E-63 -0.116610E-02 -0.133622E-21 -0.644817E-44  0.547396E-39 -0.116610E-02
  0.117918E+02 -0.109808E-02 -0.982535E-37  0.302223E-61 -0.982535E-37 -0.109808E-02 -0.182848E-20 -0.163608E-54 -0.182848E-20 -0.109808E-02
  0.118122E+02 -0.103006E-02 -0.167240E-48  0.138165E-52 -0.212764E-43 -0.103006E-02  0.155785E-20 -0.375232E-52 -0.585592E-21 -0.103006E-02
  0.118327E+02 -0.962056E-03 -0.270181E-37  0.437268E-44 -0.478012E-74 -0.962056E-03 -0.194686E-20  0.382607E-44  0.194686E-20 -0.962056E-03
  0.118531E+02 -0.894077E-03 -0.128731E-42 -0.146392E-54 -0.128731E-42 -0.894077E-03 -0.111564E-20 -0.308130E-53 -0.111564E-20 -0.894077E-03
  0.118735E+02 -0.826155E-03 -0.886643E-50 -0.154952E-44 -0.561541E-49 -0.826155E-03  0.148971E-20  0.774761E-45  0.148971E-20 -0.826155E-03
  0.118939E+02 -0.758359E-03 -0.173342E-48 -0.762561E-68 -0.173326E-48 -0.758359E-03  0.195378E-21 -0.162451E-78 -0.710779E-33 -0.758359E-03
  0.119143E+02 -0.690831E-03  0.329639E-48 -0.219010E-73 -0.879389E-44 -0.690831E-03 -0.247101E-26  0.613194E-50 -0.247102E-26 -0.690831E-03
  0.119347E+02 -0.623864E-03 -0.511968E-43 -0.177323E-49 -0.191245E-43 -0.623864E-03  0.203460E-26  0.348435E-49 -0.213344E-20 -0.623864E-03
  0.119551E+02 -0.557999E-03  0.288917E-44 -0.209045E-73 -0.709337E-48 -0.557999E-03  0.403583E-32  0.180596E-84  0.403583E-32 -0.557999E-03
  0.119755E+02 -0.494042E-03  0.766409E-52  0.165924E-52  0.303060E-52 -0.494042E-03 -0.780788E-26 -0.105600E-52  0.136087E-26 -0.494042E-03
  0.119959E+02 -0.432672E-03  0.384061E-43  0.543726E-53  0.510474E-43 -0.432672E-03  0.583188E-21  0.241201E-45 -0.106076E-20 -0.432672E-03
  0.120163E+02 -0.373546E-03 -0.150281E-50  0.150880E-50  0.181193E-48 -0.373546E-03  0.953916E-21  0.301133E-50  0.953916E-21 -0.373546E-03
  0.120367E+02 -0.315174E-03  0.188532E-37  0.149539E-52  0.215490E-37 -0.315174E-03  0.485635E-22 -0.210910E-52  0.485635E-22 -0.315174E-03
  0.120571E+02 -0.256819E-03  0.762463E-43  0.454752E-49  0.104460E-44 -0.256819E-03  0.613884E-21  0.459733E-49  0.653348E-21 -0.256819E-03
  0.120776E+02 -0.200185E-03 -0.244904E-43  0.612260E-44 -0.244904E-43 -0.200185E-03  0.145719E-21  0.108101E-45 -0.855864E-22 -0.200185E-03
  0.120980E+02 -0.149011E-03  0.988398E-43  0.180568E-43  0.946546E-43 -0.149011E-03  0.462118E-23  0.242353E-43  0.462118E-23 -0.149011E-03
  0.121184E+02 -0.107894E-03  0.273219E-47  0.751378E-49  0.140329E-47 -0.107894E-03 -0.290816E-21  0.400930E-49 -0.290827E-21 -0.107894E-03
  0.121388E+02 -0.813502E-04 -0.234401E-51 -0.143456E-43  0.122959E-52 -0.813502E-04 -0.135808E-21 -0.141305E-43 -0.650329E-22 -0.813502E-04
  0.121592E+02 -0.704162E-04  0.980510E-44  0.470580E-48  0.367691E-44 -0.704162E-04 -0.582463E-22  0.376503E-48  0.162796E-21 -0.704162E-04
  0.121796E+02 -0.657636E-04 -0.731046E-42  0.191755E-51 -0.243682E-42 -0.657636E-04 -0.350539E-22 -0.565173E-52  0.539417E-22 -0.657636E-04
  0.122000E+02 -0.540326E-04  0.398052E-42 -0.280499E-48  0.133107E-42 -0.540326E-04  0.243430E-21 -0.176749E-47  0.623205E-22 -0.540326E-04
