  0.112000E+02  0.108205E-10 -0.110132E-56  0.362285E-57  0.759740E-52  0.108205E-10  0.350373E-34  0.130404E-57  0.350373E-34  0.108205E-10
  0.112204E+02  0.238281E-10 -0.127465E-45  0.173936E-57 -0.127465E-45  0.238281E-10  0.459248E-29  0.290317E-58  0.700747E-34  0.238281E-10
  0.112408E+02  0.524723E-10 -0.278187E-56  0.303889E-52 -0.278187E-56  0.524723E-10 -0.734786E-28 -0.927359E-57 -0.734786E-28  0.524723E-10
  0.112612E+02  0.115550E-09 -0.617004E-59  0.000000E+00 -0.345296E-59  0.115550E-09 -0.293914E-27  0.000000E+00  0.146957E-27  0.115550E-09
  0.112816E+02  0.254456E-09  0.559177E-50 -0.243120E-51  0.559177E-50  0.254456E-09 -0.379879E-52 -0.486241E-51 -0.112119E-32  0.254456E-09
  0.113020E+02  0.560343E-09  0.000000E+00  0.834857E-56 -0.486242E-50  0.560343E-09  0.637326E-46  0.000000E+00  0.637324E-46  0.560343E-09
  0.113224E+02  0.123394E-08  0.111292E-55 -0.166937E-55 -0.445167E-55  0.123394E-08 -0.235132E-26 -0.129840E-55 -0.235132E-26  0.123394E-08
  0.113429E+02  0.271730E-08  0.155597E-49 -0.724555E-59  0.271708E-58  0.271730E-08 -0.470262E-26  0.724555E-59 -0.470264E-26  0.271730E-08
  0.113633E+02  0.598382E-08 -0.311194E-49  0.000000E+00  0.155597E-49  0.598382E-08 -0.940526E-26 -0.362277E-59  0.179391E-31  0.598382E-08
  0.113837E+02  0.131771E-07  0.155592E-49 -0.890478E-55  0.155590E-49  0.131771E-07  0.211618E-25 -0.118700E-54 -0.358782E-31  0.131771E-07
  0.114041E+02  0.290176E-07 -0.594135E-57  0.000000E+00 -0.105785E-56  0.290176E-07  0.329184E-25  0.000000E+00  0.329184E-25  0.290176E-07
  0.114245E+02  0.639002E-07 -0.130524E-41  0.311194E-49 -0.261049E-42  0.639002E-07  0.940555E-26  0.000000E+00 -0.940526E-26  0.639002E-07
  0.114449E+02  0.140716E-06 -0.664834E-53 -0.202875E-57 -0.664799E-53  0.140716E-06  0.319779E-24 -0.202875E-57  0.188105E-25  0.140716E-06
  0.114653E+02  0.309874E-06 -0.162300E-56 -0.753537E-57 -0.162300E-56  0.309874E-06 -0.376210E-25 -0.185486E-56 -0.639558E-24  0.309874E-06
  0.114857E+02  0.682380E-06 -0.189242E-53 -0.995808E-48 -0.550745E-52  0.682380E-06  0.150484E-24 -0.248950E-48  0.109492E-35  0.682380E-06
  0.115061E+02  0.150268E-05  0.000000E+00  0.284925E-52  0.000000E+00  0.150268E-05  0.240775E-23  0.571714E-53 -0.109492E-35  0.150268E-05
  0.115265E+02  0.330909E-05  0.000000E+00  0.927430E-56 -0.334142E-40  0.330909E-05  0.131390E-34  0.179248E-46  0.437966E-35  0.330909E-05
  0.115469E+02  0.728703E-05  0.000000E+00  0.000000E+00  0.000000E+00  0.728703E-05 -0.963099E-23  0.238997E-46 -0.963099E-23  0.728703E-05
  0.115673E+02  0.160469E-04  0.000000E+00  0.151995E-51  0.000000E+00  0.160469E-04  0.734786E-28  0.273555E-51 -0.104419E-40  0.160469E-04
  0.115878E+02  0.353373E-04  0.000000E+00  0.000000E+00  0.000000E+00  0.353373E-04  0.700746E-34  0.000000E+00  0.700747E-34  0.353373E-04
  0.116082E+02  0.778170E-04  0.318663E-45  0.296778E-55  0.254930E-45  0.778170E-04  0.700746E-34  0.741944E-55  0.700746E-34  0.778170E-04
  0.116286E+02  0.171363E-03  0.191198E-44  0.118711E-54  0.178451E-44  0.171363E-03  0.587829E-27  0.000000E+00  0.385234E-22  0.171363E-03
  0.116490E+02  0.377361E-03  0.000000E+00  0.284907E-53  0.000000E+00  0.377361E-03  0.123277E-20  0.237422E-54 -0.117566E-26  0.377361E-03
  0.116694E+02  0.830995E-03 -0.474844E-54  0.000000E+00  0.000000E+00  0.830995E-03  0.224239E-32  0.712266E-54  0.224239E-32  0.830995E-03
  0.116898E+02  0.182995E-02  0.272177E-48  0.000000E+00  0.264396E-48  0.182995E-02  0.668283E-39  0.000000E+00  0.668284E-39  0.182995E-02
  0.117102E+02  0.402978E-02 -0.189938E-52 -0.407888E-44 -0.208931E-52  0.402978E-02 -0.896955E-32 -0.189938E-53 -0.188105E-25  0.402978E-02
  0.117306E+02  0.887404E-02 -0.217756E-48  0.000000E+00 -0.217786E-48  0.887404E-02  0.123277E-20  0.000000E+00  0.123277E-20  0.887404E-02
  0.117510E+02  0.195417E-01 -0.248697E-48  0.000000E+00 -0.186701E-48  0.195417E-01 -0.246553E-20  0.000000E+00 -0.394485E-19  0.195417E-01
  0.117714E+02  0.430328E-01  0.000000E+00  0.684444E-48  0.000000E+00  0.430328E-01 -0.493107E-20  0.186382E-48 -0.213851E-37  0.430328E-01
  0.117918E+02  0.947619E-01  0.156629E-41  0.000000E+00  0.137050E-41  0.947619E-01 -0.157794E-18  0.000000E+00 -0.157794E-18  0.947619E-01
  0.118122E+02  0.208670E+00 -0.995821E-48 -0.188418E-50 -0.995821E-48  0.208670E+00  0.315588E-18 -0.158028E-50  0.315588E-18  0.208670E+00
  0.118327E+02  0.459479E+00  0.000000E+00  0.208839E-41  0.000000E+00  0.459479E+00  0.574052E-30  0.182734E-41  0.574051E-30  0.459479E+00
  0.118531E+02  0.101165E+01  0.194496E-50  0.291744E-50  0.000000E+00  0.101165E+01 -0.126235E-17 -0.194496E-50 -0.126235E-17  0.101165E+01
  0.118735E+02  0.222692E+01 -0.238997E-46 -0.417677E-41 -0.151365E-45  0.222692E+01 -0.315579E-18  0.208839E-41 -0.315579E-18  0.222692E+01
  0.118939E+02  0.489982E+01  0.191240E-45  0.000000E+00  0.191174E-45  0.489982E+01  0.126235E-17  0.000000E+00 -0.459241E-29  0.489982E+01
  0.119143E+02  0.107703E+02 -0.954587E-46  0.000000E+00  0.414401E-45  0.107703E+02 -0.385239E-22  0.955988E-46 -0.385239E-22  0.107703E+02
  0.119347E+02  0.236249E+02 -0.116950E-39 -0.382426E-45 -0.116950E-39  0.236249E+02  0.770479E-22 -0.127726E-45 -0.807905E-16  0.236249E+02
  0.119551E+02  0.516069E+02  0.267310E-39  0.000000E+00 -0.344068E-44  0.516069E+02 -0.306576E-34  0.000000E+00  0.131390E-34  0.516069E+02
  0.119755E+02  0.111884E+03 -0.497910E-48  0.186716E-48  0.435672E-48  0.111884E+03  0.146957E-27 -0.248955E-48  0.308192E-21  0.111884E+03
  0.119959E+02  0.239757E+03  0.267314E-39 -0.248955E-48  0.267314E-39  0.239757E+03  0.323162E-15  0.133657E-39 -0.323162E-15  0.239757E+03
  0.120163E+02  0.506192E+03 -0.203645E-44  0.204268E-44 -0.203645E-44  0.506192E+03  0.129265E-14  0.407876E-44  0.129265E-14  0.506192E+03
  0.120367E+02  0.104865E+04 -0.179391E-31 -0.398328E-47 -0.896956E-32  0.104865E+04  0.161581E-15 -0.119498E-46  0.161581E-15  0.104865E+04
  0.120571E+02  0.210304E+04  0.106925E-37  0.122366E-43  0.855403E-38  0.210304E+04 -0.323162E-15  0.163155E-43  0.280298E-33  0.210304E+04
  0.120776E+02  0.396017E+04 -0.199164E-46 -0.119498E-46 -0.398328E-47  0.396017E+04  0.517060E-14  0.213851E-38  0.517060E-14  0.396017E+04
  0.120980E+02  0.671398E+04 -0.102648E-36  0.000000E+00  0.342161E-37  0.671398E+04 -0.517064E-14 -0.470472E-37 -0.517064E-14  0.671398E+04
  0.121184E+02  0.993499E+04 -0.215347E-41  0.652860E-43 -0.110930E-41  0.993499E+04 -0.310237E-13  0.261088E-42 -0.310237E-13  0.993499E+04
  0.121388E+02  0.129393E+05 -0.175264E-44  0.102648E-36 -0.248557E-44  0.129393E+05 -0.103412E-13  0.136865E-36 -0.103412E-13  0.129393E+05
  0.121592E+02  0.157265E+05  0.218983E-35  0.127465E-45  0.821187E-36  0.157265E+05 -0.538173E-31  0.764790E-45  0.103412E-13  0.157265E+05
  0.121796E+02  0.191042E+05 -0.254930E-44  0.764790E-45 -0.152958E-44  0.191042E+05 -0.258530E-13  0.637325E-46 -0.300968E-24  0.191042E+05
  0.122000E+02  0.233163E+05 -0.547458E-36 -0.114861E-40  0.000000E+00  0.233163E+05  0.329626E-13  0.417677E-41  0.226214E-13  0.233163E+05
