#Number of threads =    16
#Integration time(s) =   0.144692E+10
      5.000000      0.000000     25.999972
      5.020040      0.000000     25.999951
      5.040080      0.000002     25.999917
      5.060120      0.000007     25.999860
      5.080160      0.000029     25.999766
      5.100200      0.000110     25.999614
      5.120240      0.000375     25.999372
      5.140281      0.001177     25.998989
      5.160321      0.003493     25.998395
      5.180361      0.009953     25.997486
      5.200401      0.025568     25.996128
      5.220441      0.054835     25.994163
      5.240481      0.099381     25.991425
      5.260521      0.159806     25.987773
      5.280561      0.226616     25.983121
      5.300601      0.285591     25.977457
      5.320641      0.330596     25.970834
      5.340681      0.356164     25.963324
      5.360721      0.375296     25.954944
      5.380762      0.410033     25.945578
      5.400802      0.477256     25.934943
      5.420842      0.577504     25.922577
      5.440882      0.691142     25.907807
      5.460922      0.809391     25.889641
      5.480962      0.997859     25.866712
      5.501002      1.342643     25.837501
      5.521042      1.799830     25.800794
      5.541082      2.312002     25.755999
      5.561122      2.768938     25.703203
      5.581162      3.012937     25.642732
      5.601202      3.393116     25.573468
      5.621242      4.101236     25.490796
      5.641283      5.965336     25.386414
      5.661323      6.909261     25.262431
      5.681363      6.966780     25.134547
      5.701403      6.393920     25.009043
      5.721443      5.574216     24.890620
      5.741483      5.173441     24.780886
      5.761523      4.892123     24.678602
      5.781563      4.263145     24.583294
      5.801603      3.953602     24.493610
      5.821643      4.022397     24.407008
      5.841683      4.701775     24.320452
      5.861723      4.635186     24.232226
      5.881764      4.754453     24.142860
      5.901804      4.588400     24.053849
      5.921844      4.240883     23.966363
      5.941884      3.974630     23.883536
      5.961924      4.012953     23.803149
      5.981964      4.190436     23.722713
      6.002004      4.676117     23.639122
      6.022044      4.624913     23.553382
      6.042084      4.346741     23.470682
      6.062124      4.208769     23.390540
      6.082164      4.116076     23.311453
      6.102204      4.149367     23.232746
      6.122244      4.237153     23.154044
      6.142285      3.760480     23.077134
      6.162325      3.251086     23.004648
      6.182365      2.989508     22.936842
      6.202405      2.882650     22.872171
      6.222445      2.902042     22.808945
      6.242485      2.955040     22.745503
      6.262525      2.951564     22.681972
      6.282565      3.118297     22.616814
      6.302605      3.552281     22.547725
      6.322645      3.803356     22.474230
      6.342685      3.991325     22.398241
      6.362725      4.258385     22.320001
      6.382766      4.346761     22.240005
      6.402806      4.268136     22.159344
      6.422846      4.339002     22.076974
      6.442886      4.219575     21.994587
      6.462926      4.082581     21.912122
      6.482966      3.998756     21.829387
      6.503006      3.952162     21.746340
      6.523046      4.022481     21.662915
      6.543086      4.176641     21.578831
      6.563126      4.335835     21.493833
      6.583166      4.437653     21.407873
      6.603206      4.459218     21.321056
      6.623246      4.453782     21.233463
      6.643287      4.436106     21.145034
      6.663327      4.453424     21.056423
      6.683367      4.513357     20.967298
      6.703407      4.614596     20.877490
      6.723447      4.734986     20.786776
      6.743487      4.812941     20.694608
      6.763527      4.828128     20.601753
      6.783567      4.801544     20.507688
      6.803607      4.752618     20.412245
      6.823647      4.726248     20.315326
      6.843687      4.764663     20.216880
      6.863727      4.882041     20.116879
      6.883768      5.062586     20.015302
      6.903808      5.271129     19.912121
      6.923848      5.462379     19.807285
      6.943888      5.599081     19.700692
      6.963928      5.671797     19.592101
      6.983968      5.704453     19.480952
      7.004008      5.774189     19.366086
      7.024048      5.984629     19.245788
      7.044088      6.471172     19.118813
      7.064128      7.092484     18.983268
      7.084168      7.612560     18.838996
      7.104208      8.198341     18.685492
      7.124248      8.827021     18.523119
      7.144289      9.210864     18.352766
      7.164329      9.577140     18.175403
      7.184369      9.983147     17.989649
      7.204409     10.287899     17.791335
      7.224449     11.359946     17.567497
      7.244489      8.588918     17.370701
      7.264529      6.818544     17.210121
      7.284569      5.587434     17.075731
      7.304609      3.941354     16.967712
      7.324649      2.887056     16.889147
      7.344689      2.712877     16.825257
      7.364729      2.579632     16.767207
      7.384770      2.473993     16.713044
      7.404810      2.389671     16.661873
      7.424850      2.316663     16.613143
      7.444890      2.247680     16.566464
      7.464930      2.181741     16.521539
      7.484970      2.122736     16.478133
      7.505010      2.074793     16.436051
      7.525050      2.038253     16.395129
      7.545090      2.009358     16.355228
      7.565130      1.983173     16.316224
      7.585170      1.956620     16.278011
      7.605210      1.929174     16.240489
      7.625251      1.901863     16.203547
      7.645291      1.879219     16.167056
      7.665331      1.868501     16.130893
      7.685371      1.850050     16.094997
      7.705411      1.815478     16.059390
      7.725451      1.776522     16.024143
      7.745491      1.719434     15.989316
      7.765531      1.670532     15.954907
      7.785571      1.638813     15.920837
      7.805611      1.618616     15.886998
      7.825651      1.607855     15.853300
      7.845691      1.604853     15.819673
      7.865731      1.608742     15.786060
      7.885772      1.620020     15.752406
      7.905812      1.639506     15.718651
      7.925852      1.666984     15.684733
      7.945892      1.700800     15.650583
      7.965932      1.738374     15.616131
      7.985972      1.776938     15.581307
      8.006012      1.814169     15.546034
      8.026052      1.848690     15.510239
      8.046092      1.880433     15.473843
      8.066132      1.910681     15.436761
      8.086172      1.941647     15.398894
      8.106212      1.975795     15.360127
      8.126253      2.015674     15.320314
      8.146293      2.065277     15.279267
      8.166333      2.131889     15.236723
      8.186373      2.224336     15.192260
      8.206413      2.353799     15.145175
      8.226453      2.561729     15.094406
      8.246493      2.909834     15.038485
      8.266533      3.558093     14.975676
      8.286573      4.235003     14.906127
      8.306613      4.145285     14.833456
      8.326653      3.977837     14.761261
      8.346693      3.610148     14.692365
      8.366733      3.417496     14.627548
      8.386774      3.121165     14.566169
      8.406814      2.798790     14.507777
      8.426854      2.558778     14.451931
      8.446894      2.398341     14.398010
      8.466934      2.294717     14.345228
      8.486974      2.250397     14.292687
      8.507014      2.291861     14.239335
      8.527054      2.455515     14.183474
      8.547094      2.984599     14.122134
      8.567134      3.390512     14.054527
      8.587174      3.423281     13.984108
      8.607214      3.197531     13.913505
      8.627255      3.177108     13.843064
      8.647295      3.360751     13.771703
      8.667335      3.650929     13.697946
      8.687375      3.902055     13.620439
      8.707415      4.136350     13.538276
      8.727455      4.694036     13.449894
      8.747495      4.479179     13.359296
      8.767535      4.410797     13.271290
      8.787575      4.438914     13.183782
      8.807615      4.437608     13.095442
      8.827655      4.610970     13.005728
      8.847695      5.226320     12.912049
      8.867735      4.881522     12.816234
      8.887776      4.866901     12.721747
      8.907816      4.919495     12.625899
      8.927856      4.987411     12.528404
      8.947896      5.003873     12.429090
      8.967936      5.009906     12.327718
      8.987976      5.001589     12.224112
      9.008016      5.208038     12.117428
      9.028056      5.950590     12.005502
      9.048096      6.156881     11.887549
      9.068136      6.196320     11.768711
      9.088176      6.165451     11.648833
      9.108216      6.042708     11.529516
      9.128257      6.259712     11.409467
      9.148297      6.630244     11.285572
      9.168337      6.433949     11.160026
      9.188377      5.849915     11.037423
      9.208417      5.645157     10.918484
      9.228457      5.663784     10.802210
      9.248497      5.767302     10.687203
      9.268537      5.801872     10.572867
      9.288577      5.198361     10.464025
      9.308617      4.821526     10.361952
      9.328657      4.554898     10.264845
      9.348697      4.426281     10.171744
      9.368737      4.417379     10.081941
      9.388778      4.465248      9.994952
      9.408818      4.481222      9.910555
      9.428858      4.412205      9.828734
      9.448898      4.279773      9.749555
      9.468938      4.107126      9.673057
      9.488978      3.893056      9.599194
      9.509018      3.651421      9.527837
      9.529058      3.418365      9.458811
      9.549098      3.222513      9.391919
      9.569138      3.071398      9.326978
      9.589178      2.959328      9.263835
      9.609218      2.874350      9.202380
      9.629259      2.808475      9.142560
      9.649299      2.764933      9.084358
      9.669339      2.747936      9.027781
      9.689379      2.749874      8.972846
      9.709419      2.737513      8.919597
      9.729459      2.667791      8.868101
      9.749499      2.546315      8.818369
      9.769539      2.391666      8.770281
      9.789579      2.240588      8.723618
      9.809619      2.125383      8.678114
      9.829659      2.043127      8.633522
      9.849699      1.992418      8.589655
      9.869739      1.993179      8.546399
      9.889780      2.058211      8.503707
      9.909820      2.150193      8.461615
      9.929860      2.185936      8.420258
      9.949900      2.115809      8.379824
      9.969940      1.971648      8.340327
      9.989980      1.879433      8.301295
     10.010020      1.930699      8.261892
     10.030060      2.021247      8.221713
     10.050100      2.003087      8.181507
     10.070140      1.812469      8.142993
     10.090180      1.556554      8.107932
     10.110220      1.259486      8.077491
     10.130261      0.929578      8.052332
     10.150301      0.564172      8.032962
     10.170341      0.337234      8.019241
     10.190381      0.072926      8.010873
     10.210421      0.021600      8.006340
     10.230461      0.008560      8.003839
     10.250501      0.003335      8.002380
     10.270541      0.001270      8.001490
     10.290581      0.000476      8.000938
     10.310621      0.000173      8.000592
     10.330661      0.000060      8.000375
     10.350701      0.000020      8.000237
     10.370741      0.000006      8.000149
     10.390782      0.000002      8.000094
     10.410822      0.000001      8.000059
     10.430862      0.000000      8.000037
     10.450902      0.000000      8.000024
     10.470942      0.000000      8.000015
     10.490982      0.000000      8.000010
     10.511022      0.000000      8.000006
     10.531062      0.000000      8.000004
     10.551102      0.000000      8.000003
     10.571142      0.000000      8.000002
     10.591182      0.000000      8.000001
     10.611222      0.000000      8.000001
     10.631263      0.000000      8.000001
     10.651303      0.000000      8.000000
     10.671343      0.000000      8.000000
     10.691383      0.000000      8.000000
     10.711423      0.000000      8.000000
     10.731463      0.000000      8.000000
     10.751503      0.000000      8.000000
     10.771543      0.000000      8.000000
     10.791583      0.000000      8.000000
     10.811623      0.000000      8.000000
     10.831663      0.000000      8.000000
     10.851703      0.000000      8.000000
     10.871743      0.000000      8.000000
     10.891784      0.000000      8.000000
     10.911824      0.000000      8.000000
     10.931864      0.000000      8.000000
     10.951904      0.000000      8.000000
     10.971944      0.000000      8.000000
     10.991984      0.000000      8.000000
     11.012024      0.000000      8.000000
     11.032064      0.000000      8.000000
     11.052104      0.000000      8.000000
     11.072144      0.000000      8.000000
     11.092184      0.000000      8.000000
     11.112224      0.000000      8.000000
     11.132265      0.000000      8.000000
     11.152305      0.000000      8.000000
     11.172345      0.000000      8.000000
     11.192385      0.000000      8.000000
     11.212425      0.000000      8.000000
     11.232465      0.000000      8.000000
     11.252505      0.000000      8.000000
     11.272545      0.000000      7.999999
     11.292585      0.000000      7.999999
     11.312625      0.000000      7.999999
     11.332665      0.000000      7.999999
     11.352705      0.000000      7.999998
     11.372745      0.000000      7.999997
     11.392786      0.000000      7.999997
     11.412826      0.000000      7.999995
     11.432866      0.000000      7.999994
     11.452906      0.000000      7.999991
     11.472946      0.000000      7.999988
     11.492986      0.000000      7.999984
     11.513026      0.000000      7.999979
     11.533066      0.000000      7.999971
     11.553106      0.000001      7.999962
     11.573146      0.000001      7.999948
     11.593186      0.000002      7.999931
     11.613226      0.000003      7.999907
     11.633267      0.000006      7.999876
     11.653307      0.000011      7.999834
     11.673347      0.000019      7.999778
     11.693387      0.000033      7.999704
     11.713427      0.000056      7.999607
     11.733467      0.000095      7.999479
     11.753507      0.000162      7.999311
     11.773547      0.000277      7.999090
     11.793587      0.000474      7.998800
     11.813627      0.000818      7.998420
     11.833667      0.001418      7.997921
     11.853707      0.002480      7.997270
     11.873747      0.004397      7.996420
     11.893788      0.007926      7.995316
     11.913828      0.014399      7.993893
     11.933868      0.025707      7.992074
     11.953908      0.043725      7.989773
     11.973948      0.069226      7.986896
     11.993988      0.102192      7.983310
     12.014028      0.147875      7.978573
     12.034068      0.183343      7.973241
     12.054108      0.238697      7.966971
     12.074148      0.308339      7.959601
     12.094188      0.388492      7.951073
     12.114228      0.469386      7.941369
     12.134269      0.543906      7.930514
     12.154309      0.611079      7.918572
     12.174349      0.669084      7.905636
     12.194389      0.713598      7.891799
     12.214429      0.753597      7.877142
     12.234469      0.781850      7.861793
     12.254509      0.792215      7.845953
     12.274549      0.806091      7.829746
     12.294589      0.814183      7.813201
     12.314629      0.819467      7.796350
     12.334669      0.828508      7.779232
     12.354709      0.844167      7.761880
     12.374749      0.864794      7.744308
     12.394790      0.888750      7.726515
     12.414830      0.916711      7.708486
     12.434870      0.948920      7.690200
     12.454910      0.982666      7.671633
     12.474950      1.013655      7.652764
     12.494990      1.038448      7.633581
     12.515030      1.054816      7.614081
     12.535070      1.061467      7.594267
     12.555110      1.058951      7.574146
     12.575150      1.049966      7.553725
     12.595190      1.038042      7.533005
     12.615230      1.026642      7.511984
     12.635271      1.019685      7.490652
     12.655311      1.021432      7.468999
     12.675351      1.034067      7.447018
     12.695391      1.056248      7.424709
     12.715431      1.086084      7.402072
     12.735471      1.122793      7.379112
     12.755511      1.164348      7.355824
     12.775551      1.207499      7.332198
     12.795591      1.250141      7.308221
     12.815631      1.291716      7.283876
     12.835671      1.331605      7.259146
     12.855711      1.367451      7.234021
     12.875752      1.394985      7.208497
     12.895792      1.409836      7.182574
     12.915832      1.410237      7.156260
     12.935872      1.398530      7.129565
     12.955912      1.380206      7.102496
     12.975952      1.361385      7.075054
     12.995992      1.346903      7.047233
     13.016032      1.340124      7.019019
     13.036072      1.343780      6.990390
     13.056112      1.360435      6.961324
     13.076152      1.391886      6.931798
     13.096192      1.437839      6.901791
     13.116232      1.495078      6.871292
     13.136273      1.558229      6.840293
     13.156313      1.621736      6.808791
     13.176353      1.681473      6.776782
     13.196393      1.735251      6.744264
     13.216433      1.782654      6.711225
     13.236473      1.823942      6.677654
     13.256513      1.857937      6.643532
     13.276553      1.880915      6.608846
     13.296593      1.888580      6.573585
     13.316633      1.880026      6.537743
     13.336673      1.859951      6.501317
     13.356713      1.836797      6.464300
     13.376754      1.818961      6.426680
     13.396794      1.812810      6.388432
     13.416834      1.823223      6.349521
     13.436874      1.854549      6.309900
     13.456914      1.910503      6.269522
     13.476954      1.992454      6.228346
     13.496994      2.095977      6.186347
     13.517034      2.208739      6.143518
     13.537074      2.315198      6.099867
     13.557114      2.405666      6.055402
     13.577154      2.479422      6.010116
     13.597194      2.539476      5.963981
     13.617234      2.585741      5.916950
     13.637275      2.611198      5.868972
     13.657315      2.606707      5.819999
     13.677355      2.574903      5.769983
     13.697395      2.534856      5.718861
     13.717435      2.510084      5.666539
     13.737475      2.518662      5.612890
     13.757515      2.573844      5.557758
     13.777555      2.684763      5.500970
     13.797595      2.853957      5.442341
     13.817635      3.078480      5.381708
     13.837675      3.335304      5.318996
     13.857715      3.559136      5.254275
     13.877756      3.708457      5.187710
     13.897796      3.811809      5.119473
     13.917836      3.868395      5.049748
     13.937876      3.832289      4.978721
     13.957916      3.746589      4.906304
     13.977956      3.690248      4.831628
     13.997996      3.734527      4.752669
     14.018036      4.088545      4.666417
     14.038076      5.029680      4.569726
     14.058116      6.262678      4.460375
     14.078156      6.887763      4.338436
     14.098196      6.978333      4.207178
     14.118236      7.387696      4.071141
     14.138277      7.698890      3.934036
     14.158317      6.985189      3.800733
     14.178357      5.824471      3.676627
     14.198397      5.056772      3.563859
     14.218437      4.576485      3.461668
     14.238477      4.202249      3.368380
     14.258517      3.907622      3.282223
     14.278557      3.686121      3.201828
     14.298597      3.508129      3.126236
     14.318637      3.351956      3.054774
     14.338677      3.205242      2.986933
     14.358717      3.065608      2.922294
     14.378758      2.940019      2.860480
     14.398798      2.835126      2.801154
     14.418838      2.749090      2.744032
     14.438878      2.670923      2.688911
     14.458918      2.589019      2.635648
     14.478958      2.503384      2.584115
     14.498998      2.432221      2.534143
     14.519038      2.381892      2.485523
     14.539078      2.329717      2.438105
     14.559118      2.270634      2.391933
     14.579158      2.149081      2.347332
     14.599198      1.985109      2.304829
     14.619238      1.805224      2.264934
     14.639279      1.636995      2.227937
     14.659319      1.489922      2.193836
     14.679359      1.349756      2.162409
     14.699399      1.207280      2.133311
     14.719439      1.084205      2.106124
     14.739479      1.016345      2.080374
     14.759519      1.014668      2.055652
     14.779559      1.040058      2.031670
     14.799599      0.989710      2.008418
     14.819639      0.924704      1.986745
     14.839679      0.807168      1.966765
     14.859719      0.755552      1.948481
     14.879760      0.691762      1.931763
     14.899800      0.702809      1.916406
     14.919840      0.724891      1.901701
     14.939880      0.732907      1.887233
     14.959920      0.729271      1.872793
     14.979960      0.727983      1.858254
     15.000000      0.742975      1.843421
