      5.000000      0.011083     25.986412
      5.020040      0.015350     25.983623
      5.040080      0.020957     25.980338
      5.060120      0.028219     25.976486
      5.080160      0.037505     25.971987
      5.100200      0.049232     25.966754
      5.120240      0.063880     25.960694
      5.140281      0.081998     25.953706
      5.160321      0.104212     25.945680
      5.180361      0.131244     25.936502
      5.200401      0.163924     25.926051
      5.220441      0.203210     25.914201
      5.240481      0.250198     25.900821
      5.260521      0.306129     25.885778
      5.280561      0.372388     25.868937
      5.300601      0.450483     25.850164
      5.320641      0.542000     25.829324
      5.340681      0.648541     25.806289
      5.360721      0.771628     25.780934
      5.380762      0.912582     25.753143
      5.400802      1.072386     25.722810
      5.420842      1.251525     25.689840
      5.440882      1.449832     25.654151
      5.460922      1.666353     25.615679
      5.480962      1.899240     25.574373
      5.501002      2.145702     25.530205
      5.521042      2.402024     25.483162
      5.541082      2.663667     25.433254
      5.561122      2.925453     25.380511
      5.581162      3.181823     25.324981
      5.601202      3.427158     25.266736
      5.621242      3.656127     25.205863
      5.641283      3.864039     25.142470
      5.661323      4.047151     25.076679
      5.681363      4.202910     25.008630
      5.701403      4.330086     24.938472
      5.721443      4.428801     24.866366
      5.741483      4.500427     24.792481
      5.761523      4.547384     24.716992
      5.781563      4.572855     24.640075
      5.801603      4.580449     24.561909
      5.821643      4.573847     24.482668
      5.841683      4.556487     24.402524
      5.861723      4.531298     24.321641
      5.881764      4.500517     24.240176
      5.901804      4.465617     24.158275
      5.921844      4.427322     24.076071
      5.941884      4.385728     23.993687
      5.961924      4.340495     23.911230
      5.981964      4.291091     23.828794
      6.002004      4.237052     23.746456
      6.022044      4.178238     23.664281
      6.042084      4.115026     23.582317
      6.062124      4.048441     23.500598
      6.082164      3.980190     23.419144
      6.102204      3.912586     23.337962
      6.122244      3.848386     23.257045
      6.142285      3.790542     23.176378
      6.162325      3.741908     23.095931
      6.182365      3.704934     23.015669
      6.202405      3.681393     22.935547
      6.222445      3.672181     22.855512
      6.242485      3.677212     22.775508
      6.262525      3.695431     22.695472
      6.282565      3.724943     22.615341
      6.302605      3.763244     22.535047
      6.322645      3.807509     22.454520
      6.342685      3.854921     22.373692
      6.362725      3.902971     22.292492
      6.382766      3.949711     22.210852
      6.402806      3.993913     22.128703
      6.422846      4.035124     22.045978
      6.442886      4.073621     21.962611
      6.462926      4.110264     21.878536
      6.482966      4.146295     21.793690
      6.503006      4.183092     21.708009
      6.523046      4.221939     21.621431
      6.543086      4.263829     21.533894
      6.563126      4.309330     21.445337
      6.583166      4.358540     21.355701
      6.603206      4.411117     21.264923
      6.623246      4.466397     21.172946
      6.643287      4.523563     21.079712
      6.663327      4.581851     20.985163
      6.683367      4.640758     20.889245
      6.703407      4.700220     20.791909
      6.723447      4.760738     20.693107
      6.743487      4.823432     20.592801
      6.763527      4.890004     20.490956
      6.783567      4.962623     20.387549
      6.803607      5.043737     20.282567
      6.823647      5.135828     20.176012
      6.843687      5.241131     20.067897
      6.863727      5.361361     19.958255
      6.883768      5.497440     19.847136
      6.903808      5.649280     19.734611
      6.923848      5.815614     19.620771
      6.943888      5.993901     19.505729
      6.963928      6.180299     19.389624
      6.983968      6.369732     19.272613
      7.004008      6.556024     19.154880
      7.024048      6.732130     19.036626
      7.044088      6.890433     18.918075
      7.064128      7.023113     18.799466
      7.084168      7.122574     18.681055
      7.104208      7.181893     18.563108
      7.124248      7.195279     18.445900
      7.144289      7.158490     18.329707
      7.164329      7.069184     18.214810
      7.184369      6.927160     18.101480
      7.204409      6.734457     17.989984
      7.224449      6.495313     17.880572
      7.244489      6.215949     17.773480
      7.264529      5.904222     17.668923
      7.284569      5.569161     17.567092
      7.304609      5.220424     17.468152
      7.324649      4.867727     17.372240
      7.344689      4.520296     17.279464
      7.364729      4.186379     17.189900
      7.384770      3.872853     17.103597
      7.404810      3.584958     17.020572
      7.424850      3.326157     16.940813
      7.444890      3.098125     16.864283
      7.464930      2.900859     16.790918
      7.484970      2.732882     16.720631
      7.505010      2.591528     16.653318
      7.525050      2.473271     16.588853
      7.545090      2.374081     16.527098
      7.565130      2.289774     16.467902
      7.585170      2.216348     16.411104
      7.605210      2.150266     16.356538
      7.625251      2.088684     16.304031
      7.645291      2.029601     16.253409
      7.665331      1.971932     16.204495
      7.685371      1.915495     16.157115
      7.705411      1.860911     16.111096
      7.725451      1.809441     16.066269
      7.745491      1.762772     16.022467
      7.765531      1.722762     15.979529
      7.785571      1.691192     15.937300
      7.805611      1.669541     15.895631
      7.825651      1.658800     15.854376
      7.845691      1.659372     15.813400
      7.865731      1.671032     15.772571
      7.885772      1.692985     15.731766
      7.905812      1.723985     15.690869
      7.925852      1.762514     15.649770
      7.945892      1.806985     15.608369
      7.965932      1.855944     15.566570
      7.985972      1.908238     15.524288
      8.006012      1.963129     15.481446
      8.026052      2.020327     15.437973
      8.046092      2.079948     15.393807
      8.066132      2.142392     15.348894
      8.086172      2.208170     15.303189
      8.106212      2.277691     15.256652
      8.126253      2.351065     15.209251
      8.146293      2.427929     15.160963
      8.166333      2.507346     15.111768
      8.186373      2.587785     15.061653
      8.206413      2.667197     15.010609
      8.226453      2.743178     14.958629
      8.246493      2.813197     14.905712
      8.266533      2.874875     14.851856
      8.286573      2.926255     14.797060
      8.306613      2.966054     14.741323
      8.326653      2.993847     14.684642
      8.346693      3.010162     14.627012
      8.366733      3.016483     14.568424
      8.386774      3.015153     14.508865
      8.406814      3.009194     14.448319
      8.426854      3.002066     14.386764
      8.446894      2.997395     14.324172
      8.466934      2.998699     14.260512
      8.486974      3.009136     14.195748
      8.507014      3.031298     14.129838
      8.527054      3.067069     14.062739
      8.547094      3.117536     13.994405
      8.567134      3.182980     13.924786
      8.587174      3.262904     13.853833
      8.607214      3.356124     13.781499
      8.627255      3.460881     13.707736
      8.647295      3.574987     13.632500
      8.667335      3.695979     13.555753
      8.687375      3.821278     13.477459
      8.707415      3.948354     13.397592
      8.727455      4.074875     13.316131
      8.747495      4.198842     13.233066
      8.767535      4.318697     13.148393
      8.787575      4.433401     13.062122
      8.807615      4.542466     12.974269
      8.827655      4.645930     12.884864
      8.847695      4.744288     12.793947
      8.867735      4.838359     12.701569
      8.887776      4.929119     12.607793
      8.907816      5.017498     12.512693
      8.927856      5.104180     12.416353
      8.947896      5.189410     12.318868
      8.967936      5.272863     12.220342
      8.987976      5.353566     12.120889
      9.008016      5.429917     12.020632
      9.028056      5.499777     11.919700
      9.048096      5.560649     11.818232
      9.068136      5.609912     11.716369
      9.088176      5.645087     11.614258
      9.108216      5.664096     11.512051
      9.128257      5.665482     11.409901
      9.148297      5.648565     11.307961
      9.168337      5.613510     11.206387
      9.188377      5.561297     11.105329
      9.208417      5.493605     11.004939
      9.228457      5.412621     10.905362
      9.248497      5.320798     10.806739
      9.268537      5.220608     10.709204
      9.288577      5.114302     10.612885
      9.308617      5.003727     10.517901
      9.328657      4.890210     10.424364
      9.348697      4.774527     10.332374
      9.368737      4.656954     10.242025
      9.388778      4.537396     10.153397
      9.408818      4.415554     10.066562
      9.428858      4.291124      9.981581
      9.448898      4.163980      9.898506
      9.468938      4.034313      9.817377
      9.488978      3.902712      9.738226
      9.509018      3.770167      9.661075
      9.529058      3.638001      9.585939
      9.549098      3.507741      9.512824
      9.569138      3.380955      9.441728
      9.589178      3.259083      9.372645
      9.609218      3.143286      9.305562
      9.629259      3.034342      9.240464
      9.649299      2.932600      9.177329
      9.669339      2.837988      9.116135
      9.689379      2.750083      9.056857
      9.709419      2.668202      8.999471
      9.729459      2.591511      8.943951
      9.749499      2.519120      8.890272
      9.769539      2.450156      8.838411
      9.789579      2.383794      8.788345
      9.809619      2.319261      8.740055
      9.829659      2.255800      8.693522
      9.849699      2.192637      8.648732
      9.869739      2.128938      8.605670
      9.889780      2.063794      8.564325
      9.909820      1.996228      8.524687
      9.929860      1.925235      8.486748
      9.949900      1.849855      8.450499
      9.969940      1.769259      8.415933
      9.989980      1.682851      8.383042
     10.010020      1.590349      8.351815
     10.030060      1.491857      8.322241
     10.050100      1.387898      8.294305
     10.070140      1.279409      8.267991
     10.090180      1.167703      8.243277
     10.110220      1.054388      8.220139
     10.130261      0.941271      8.198545
     10.150301      0.830232      8.178462
     10.170341      0.723111      8.159851
     10.190381      0.621586      8.142667
     10.210421      0.527083      8.126862
     10.230461      0.440704      8.112382
     10.250501      0.363186      8.099170
     10.270541      0.294894      8.087166
     10.290581      0.235836      8.076306
     10.310621      0.185705      8.066524
     10.330661      0.143941      8.057753
     10.350701      0.109793      8.049924
     10.370741      0.082394      8.042970
     10.390782      0.060819      8.036821
     10.410822      0.044150      8.031410
     10.430862      0.031512      8.026673
     10.450902      0.022111      8.022546
     10.470942      0.015249      8.018969
     10.490982      0.010336      8.015883
     10.511022      0.006884      8.013236
     10.531062      0.004505      8.010977
     10.551102      0.002896      8.009059
     10.571142      0.001829      8.007439
     10.591182      0.001134      8.006079
     10.611222      0.000691      8.004942
     10.631263      0.000413      8.003997
     10.651303      0.000243      8.003217
     10.671343      0.000140      8.002575
     10.691383      0.000079      8.002051
     10.711423      0.000044      8.001625
     10.731463      0.000024      8.001281
     10.751503      0.000013      8.001004
     10.771543      0.000007      8.000783
     10.791583      0.000003      8.000607
     10.811623      0.000002      8.000468
     10.831663      0.000001      8.000359
     10.851703      0.000000      8.000274
     10.871743      0.000000      8.000208
     10.891784      0.000000      8.000157
     10.911824      0.000000      8.000118
     10.931864      0.000000      8.000088
     10.951904      0.000000      8.000065
     10.971944      0.000000      8.000048
     10.991984      0.000000      8.000035
     11.012024      0.000000      8.000025
     11.032064      0.000000      8.000018
     11.052104      0.000000      8.000012
     11.072144      0.000000      8.000008
     11.092184      0.000000      8.000005
     11.112224      0.000000      8.000002
     11.132265      0.000000      7.999999
     11.152305      0.000000      7.999997
     11.172345      0.000000      7.999994
     11.192385      0.000000      7.999991
     11.212425      0.000000      7.999986
     11.232465      0.000000      7.999981
     11.252505      0.000000      7.999974
     11.272545      0.000000      7.999965
     11.292585      0.000000      7.999953
     11.312625      0.000000      7.999938
     11.332665      0.000000      7.999918
     11.352705      0.000000      7.999893
     11.372745      0.000001      7.999860
     11.392786      0.000001      7.999819
     11.412826      0.000003      7.999766
     11.432866      0.000005      7.999700
     11.452906      0.000009      7.999616
     11.472946      0.000017      7.999512
     11.492986      0.000029      7.999383
     11.513026      0.000051      7.999224
     11.533066      0.000085      7.999029
     11.553106      0.000142      7.998791
     11.573146      0.000232      7.998502
     11.593186      0.000373      7.998153
     11.613226      0.000589      7.997734
     11.633267      0.000915      7.997233
     11.653307      0.001399      7.996637
     11.673347      0.002105      7.995932
     11.693387      0.003115      7.995103
     11.713427      0.004539      7.994133
     11.733467      0.006512      7.993002
     11.753507      0.009200      7.991692
     11.773547      0.012803      7.990181
     11.793587      0.017554      7.988446
     11.813627      0.023716      7.986465
     11.833667      0.031577      7.984213
     11.853707      0.041445      7.981665
     11.873747      0.053631      7.978796
     11.893788      0.068434      7.975579
     11.913828      0.086123      7.971989
     11.933868      0.106914      7.968000
     11.953908      0.130948      7.963587
     11.973948      0.158270      7.958725
     11.993988      0.188815      7.953393
     12.014028      0.222393      7.947567
     12.034068      0.258691      7.941227
     12.054108      0.297282      7.934356
     12.074148      0.337641      7.926937
     12.094188      0.379180      7.918955
     12.114228      0.421284      7.910400
     12.134269      0.463356      7.901262
     12.154309      0.504857      7.891535
     12.174349      0.545350      7.881214
     12.194389      0.584524      7.870298
     12.214429      0.622205      7.858788
     12.234469      0.658355      7.846687
     12.254509      0.693046      7.834001
     12.274549      0.726422      7.820736
     12.294589      0.758647      7.806901
     12.314629      0.789852      7.792509
     12.334669      0.820088      7.777569
     12.354709      0.849288      7.762095
     12.374749      0.877252      7.746099
     12.394790      0.903660      7.729597
     12.414830      0.928104      7.712601
     12.434870      0.950152      7.695125
     12.454910      0.969421      7.677182
     12.474950      0.985661      7.658785
     12.494990      0.998828      7.639945
     12.515030      1.009142      7.620674
     12.535070      1.017116      7.600980
     12.555110      1.023542      7.580873
     12.575150      1.029444      7.560360
     12.595190      1.035990      7.539448
     12.615230      1.044376      7.518141
     12.635271      1.055695      7.496443
     12.655311      1.070804      7.474358
     12.675351      1.090209      7.451887
     12.695391      1.113979      7.429033
     12.715431      1.141716      7.405795
     12.735471      1.172565      7.382172
     12.755511      1.205285      7.358165
     12.775551      1.238375      7.333771
     12.795591      1.270221      7.308989
     12.815631      1.299280      7.283815
     12.835671      1.324254      7.258245
     12.855711      1.344251      7.232276
     12.875752      1.358902      7.205902
     12.895792      1.368430      7.179118
     12.915832      1.373651      7.151917
     12.935872      1.375918      7.124292
     12.955912      1.376993      7.096235
     12.975952      1.378881      7.067737
     12.995992      1.383624      7.038788
     13.016032      1.393087      7.009377
     13.036072      1.408751      6.979495
     13.056112      1.431539      6.949128
     13.076152      1.461706      6.918264
     13.096192      1.498779      6.886891
     13.116232      1.541593      6.854994
     13.136273      1.588394      6.822560
     13.156313      1.637011      6.789573
     13.176353      1.685089      6.756019
     13.196393      1.730347      6.721880
     13.216433      1.770833      6.687141
     13.236473      1.805159      6.651783
     13.256513      1.832675      6.615786
     13.276553      1.853565      6.579130
     13.296593      1.868843      6.541793
     13.316633      1.880262      6.503751
     13.336673      1.890126      6.464978
     13.356713      1.901036      6.425445
     13.376754      1.915592      6.385122
     13.396794      1.936093      6.343976
     13.416834      1.964272      6.301971
     13.436874      2.001094      6.259069
     13.456914      2.046654      6.215229
     13.476954      2.100185      6.170409
     13.496994      2.160180      6.124561
     13.517034      2.224616      6.077638
     13.537074      2.291237      6.029590
     13.557114      2.357887      5.980366
     13.577154      2.422813      5.929911
     13.597194      2.484922      5.878173
     13.617234      2.543945      5.825097
     13.637275      2.600484      5.770631
     13.657315      2.655950      5.714721
     13.677355      2.712385      5.657319
     13.697395      2.772220      5.598379
     13.717435      2.837986      5.537859
     13.737475      2.912033      5.475722
     13.757515      2.996287      5.411942
     13.777555      3.092077      5.346497
     13.797595      3.200045      5.279377
     13.817635      3.320125      5.210583
     13.837675      3.451594      5.140128
     13.857715      3.593149      5.068040
     13.877756      3.742998      4.994360
     13.897796      3.898933      4.919145
     13.917836      4.058377      4.842469
     13.937876      4.218405      4.764422
     13.957916      4.375746      4.685109
     13.977956      4.526795      4.604654
     13.997996      4.667654      4.523193
     14.018036      4.794227      4.440879
     14.038076      4.902374      4.357878
     14.058116      4.988130      4.274366
     14.078156      5.047963      4.190530
     14.098196      5.079053      4.106564
     14.118236      5.079539      4.022667
     14.138277      5.048718      3.939039
     14.158317      4.987148      3.855885
     14.178357      4.896641      3.773401
     14.198397      4.780147      3.691785
     14.218437      4.641542      3.611222
     14.238477      4.485335      3.531893
     14.258517      4.316337      3.453963
     14.278557      4.139331      3.377588
     14.298597      3.958768      3.302909
     14.318637      3.778526      3.230049
     14.338677      3.601745      3.159121
     14.358717      3.430743      3.090215
     14.378758      3.267013      3.023410
     14.398798      3.111281      2.958766
     14.418838      2.963628      2.896328
     14.438878      2.823625      2.836125
     14.458918      2.690498      2.778172
     14.478958      2.563281      2.722471
     14.498998      2.440962      2.669010
     14.519038      2.322598      2.617767
     14.539078      2.207410      2.568709
     14.559118      2.094846      2.521793
     14.579158      1.984610      2.476968
     14.599198      1.876672      2.434175
     14.619238      1.771247      2.393351
     14.639279      1.668756      2.354426
     14.659319      1.569773      2.317325
     14.679359      1.474967      2.281970
     14.699399      1.385034      2.248280
     14.719439      1.300633      2.216171
     14.739479      1.222338      2.185559
     14.759519      1.150585      2.156358
     14.779559      1.085650      2.128480
     14.799599      1.027631      2.101838
     14.819639      0.976453      2.076347
     14.839679      0.931884      2.051921
     14.859719      0.893561      2.028475
     14.879760      0.861034      2.005927
     14.899800      0.833804      1.984197
     14.919840      0.811364      1.963205
     14.939880      0.793233      1.942878
     14.959920      0.778987      1.923140
     14.979960      0.768265      1.903924
     15.000000      0.760770      1.885162
